2024-04-17 14:28:48.825 [info] Started initializing default profile extensions in extensions installation folder. file:///home/chandler/.vscode/extensions
2024-04-17 14:28:48.981 [warning] Failed to create default profile extensions manifest in extensions installation folder. file:///home/chandler/.vscode/extensions Unable to create file 'vscode-userdata:/home/chandler/.vscode/extensions/extensions.json' that already exists when overwrite flag is not set
2024-04-17 14:28:48.981 [info] Completed initializing default profile extensions in extensions installation folder. file:///home/chandler/.vscode/extensions
2024-04-17 14:28:49.054 [error] [uncaught exception in sharedProcess]: Error: ENOENT: no such file or directory, stat '/home/chandler/.vscode/extensions/extensions.json.vsctmp': EntryNotFound (FileSystemError): Error: ENOENT: no such file or directory, stat '/home/chandler/.vscode/extensions/extensions.json.vsctmp'
    at r.create (/snap/code/157/usr/share/code/resources/app/out/vs/code/node/sharedProcess/sharedProcessMain.js:53:30080)
    at a (/snap/code/157/usr/share/code/resources/app/out/vs/code/node/sharedProcess/sharedProcessMain.js:53:30195)
    at i.fb (/snap/code/157/usr/share/code/resources/app/out/vs/code/node/sharedProcess/sharedProcessMain.js:58:36500)
    at i.stat (/snap/code/157/usr/share/code/resources/app/out/vs/code/node/sharedProcess/sharedProcessMain.js:58:28946)
    at async $.stat (/snap/code/157/usr/share/code/resources/app/out/vs/code/node/sharedProcess/sharedProcessMain.js:58:16092)
    at async K.sb (/snap/code/157/usr/share/code/resources/app/out/vs/code/node/sharedProcess/sharedProcessMain.js:104:108402)
2024-04-17 14:31:39.923 [info] Getting Manifest... ms-python.python
2024-04-17 14:31:39.929 [info] Installing extension: ms-python.python
2024-04-17 14:31:40.085 [info] Getting Manifest... ms-toolsai.jupyter
2024-04-17 14:31:40.091 [info] Installing extension: ms-toolsai.jupyter
2024-04-17 14:31:40.206 [info] Getting Manifest... ms-toolsai.jupyter-keymap
2024-04-17 14:31:40.291 [info] Getting Manifest... ms-python.vscode-pylance
2024-04-17 14:31:40.343 [info] Getting Manifest... ms-toolsai.jupyter-renderers
2024-04-17 14:31:40.388 [info] Getting Manifest... ms-toolsai.vscode-jupyter-cell-tags
2024-04-17 14:31:40.414 [info] Getting Manifest... ms-python.debugpy
2024-04-17 14:31:40.423 [info] Getting Manifest... ms-toolsai.vscode-jupyter-slideshow
2024-04-17 14:31:40.507 [info] Installing extension: ms-python.vscode-pylance
2024-04-17 14:31:40.507 [info] Installing extension: ms-python.debugpy
2024-04-17 14:31:40.542 [info] Installing extension: ms-toolsai.jupyter-keymap
2024-04-17 14:31:40.542 [info] Installing extension: ms-toolsai.jupyter-renderers
2024-04-17 14:31:40.543 [info] Installing extension: ms-toolsai.vscode-jupyter-cell-tags
2024-04-17 14:31:40.543 [info] Installing extension: ms-toolsai.vscode-jupyter-slideshow
2024-04-17 14:31:42.894 [info] Extension signature is verified: ms-toolsai.vscode-jupyter-slideshow
2024-04-17 14:31:42.897 [info] Extension signature is verified: ms-toolsai.vscode-jupyter-cell-tags
2024-04-17 14:31:42.897 [info] Extension signature is verified: ms-toolsai.jupyter-keymap
2024-04-17 14:31:42.919 [info] Extracted extension to file:///home/chandler/.vscode/extensions/ms-toolsai.jupyter-keymap-1.1.2: ms-toolsai.jupyter-keymap
2024-04-17 14:31:42.923 [info] Renamed to /home/chandler/.vscode/extensions/ms-toolsai.jupyter-keymap-1.1.2
2024-04-17 14:31:42.924 [info] Extracting extension completed. ms-toolsai.jupyter-keymap
2024-04-17 14:31:42.935 [info] Extracted extension to file:///home/chandler/.vscode/extensions/ms-toolsai.vscode-jupyter-slideshow-0.1.6: ms-toolsai.vscode-jupyter-slideshow
2024-04-17 14:31:42.937 [info] Renamed to /home/chandler/.vscode/extensions/ms-toolsai.vscode-jupyter-slideshow-0.1.6
2024-04-17 14:31:42.939 [info] Extracting extension completed. ms-toolsai.vscode-jupyter-slideshow
2024-04-17 14:31:42.943 [info] Extracted extension to file:///home/chandler/.vscode/extensions/ms-toolsai.vscode-jupyter-cell-tags-0.1.9: ms-toolsai.vscode-jupyter-cell-tags
2024-04-17 14:31:42.946 [info] Renamed to /home/chandler/.vscode/extensions/ms-toolsai.vscode-jupyter-cell-tags-0.1.9
2024-04-17 14:31:42.947 [info] Extracting extension completed. ms-toolsai.vscode-jupyter-cell-tags
2024-04-17 14:31:42.972 [info] Extension signature is verified: ms-python.debugpy
2024-04-17 14:31:43.008 [error] [uncaught exception in sharedProcess]: Error: ENOENT: no such file or directory, stat '/home/chandler/.vscode/extensions/extensions.json.vsctmp': EntryNotFound (FileSystemError): Error: ENOENT: no such file or directory, stat '/home/chandler/.vscode/extensions/extensions.json.vsctmp'
    at r.create (/snap/code/157/usr/share/code/resources/app/out/vs/code/node/sharedProcess/sharedProcessMain.js:53:30080)
    at a (/snap/code/157/usr/share/code/resources/app/out/vs/code/node/sharedProcess/sharedProcessMain.js:53:30195)
    at i.fb (/snap/code/157/usr/share/code/resources/app/out/vs/code/node/sharedProcess/sharedProcessMain.js:58:36500)
    at i.stat (/snap/code/157/usr/share/code/resources/app/out/vs/code/node/sharedProcess/sharedProcessMain.js:58:28946)
    at async $.stat (/snap/code/157/usr/share/code/resources/app/out/vs/code/node/sharedProcess/sharedProcessMain.js:58:16092)
    at async K.sb (/snap/code/157/usr/share/code/resources/app/out/vs/code/node/sharedProcess/sharedProcessMain.js:104:108402)
2024-04-17 14:31:43.250 [info] Extracted extension to file:///home/chandler/.vscode/extensions/ms-python.debugpy-2024.4.0-linux-x64: ms-python.debugpy
2024-04-17 14:31:43.254 [info] Renamed to /home/chandler/.vscode/extensions/ms-python.debugpy-2024.4.0-linux-x64
2024-04-17 14:31:43.255 [info] Extracting extension completed. ms-python.debugpy
2024-04-17 14:31:43.336 [error] [uncaught exception in sharedProcess]: Error: ENOENT: no such file or directory, stat '/home/chandler/.vscode/extensions/extensions.json.vsctmp': EntryNotFound (FileSystemError): Error: ENOENT: no such file or directory, stat '/home/chandler/.vscode/extensions/extensions.json.vsctmp'
    at r.create (/snap/code/157/usr/share/code/resources/app/out/vs/code/node/sharedProcess/sharedProcessMain.js:53:30080)
    at a (/snap/code/157/usr/share/code/resources/app/out/vs/code/node/sharedProcess/sharedProcessMain.js:53:30195)
    at i.fb (/snap/code/157/usr/share/code/resources/app/out/vs/code/node/sharedProcess/sharedProcessMain.js:58:36500)
    at i.stat (/snap/code/157/usr/share/code/resources/app/out/vs/code/node/sharedProcess/sharedProcessMain.js:58:28946)
    at async $.stat (/snap/code/157/usr/share/code/resources/app/out/vs/code/node/sharedProcess/sharedProcessMain.js:58:16092)
    at async K.sb (/snap/code/157/usr/share/code/resources/app/out/vs/code/node/sharedProcess/sharedProcessMain.js:104:108402)
2024-04-17 14:31:43.571 [info] Extension signature is verified: ms-python.python
2024-04-17 14:31:44.126 [info] Extension signature is verified: ms-python.vscode-pylance
2024-04-17 14:31:44.492 [info] Extension signature is verified: ms-toolsai.jupyter
2024-04-17 14:31:44.701 [info] Extension signature is verified: ms-toolsai.jupyter-renderers
2024-04-17 14:31:44.836 [info] Extracted extension to file:///home/chandler/.vscode/extensions/ms-toolsai.jupyter-2024.3.1-linux-x64: ms-toolsai.jupyter
2024-04-17 14:31:44.842 [info] Renamed to /home/chandler/.vscode/extensions/ms-toolsai.jupyter-2024.3.1-linux-x64
2024-04-17 14:31:44.845 [info] Extracting extension completed. ms-toolsai.jupyter
2024-04-17 14:31:44.882 [error] [uncaught exception in sharedProcess]: Error: ENOENT: no such file or directory, stat '/home/chandler/.vscode/extensions/extensions.json.vsctmp': EntryNotFound (FileSystemError): Error: ENOENT: no such file or directory, stat '/home/chandler/.vscode/extensions/extensions.json.vsctmp'
    at r.create (/snap/code/157/usr/share/code/resources/app/out/vs/code/node/sharedProcess/sharedProcessMain.js:53:30080)
    at a (/snap/code/157/usr/share/code/resources/app/out/vs/code/node/sharedProcess/sharedProcessMain.js:53:30195)
    at i.fb (/snap/code/157/usr/share/code/resources/app/out/vs/code/node/sharedProcess/sharedProcessMain.js:58:36500)
    at i.stat (/snap/code/157/usr/share/code/resources/app/out/vs/code/node/sharedProcess/sharedProcessMain.js:58:28946)
    at async $.stat (/snap/code/157/usr/share/code/resources/app/out/vs/code/node/sharedProcess/sharedProcessMain.js:58:16092)
    at async K.sb (/snap/code/157/usr/share/code/resources/app/out/vs/code/node/sharedProcess/sharedProcessMain.js:104:108402)
2024-04-17 14:31:45.014 [info] Extracted extension to file:///home/chandler/.vscode/extensions/ms-toolsai.jupyter-renderers-1.0.17: ms-toolsai.jupyter-renderers
2024-04-17 14:31:45.017 [info] Renamed to /home/chandler/.vscode/extensions/ms-toolsai.jupyter-renderers-1.0.17
2024-04-17 14:31:45.019 [info] Extracting extension completed. ms-toolsai.jupyter-renderers
2024-04-17 14:31:45.029 [info] Extension installed successfully: ms-toolsai.jupyter-keymap
2024-04-17 14:31:45.029 [info] Extension installed successfully: ms-toolsai.vscode-jupyter-slideshow
2024-04-17 14:31:45.029 [info] Extension installed successfully: ms-toolsai.vscode-jupyter-cell-tags
2024-04-17 14:31:45.029 [info] Extension installed successfully: ms-toolsai.jupyter
2024-04-17 14:31:45.029 [info] Extension installed successfully: ms-toolsai.jupyter-renderers
2024-04-17 14:31:45.097 [error] [uncaught exception in sharedProcess]: Error: ENOENT: no such file or directory, stat '/home/chandler/.vscode/extensions/extensions.json.vsctmp': EntryNotFound (FileSystemError): Error: ENOENT: no such file or directory, stat '/home/chandler/.vscode/extensions/extensions.json.vsctmp'
    at r.create (/snap/code/157/usr/share/code/resources/app/out/vs/code/node/sharedProcess/sharedProcessMain.js:53:30080)
    at a (/snap/code/157/usr/share/code/resources/app/out/vs/code/node/sharedProcess/sharedProcessMain.js:53:30195)
    at i.fb (/snap/code/157/usr/share/code/resources/app/out/vs/code/node/sharedProcess/sharedProcessMain.js:58:36500)
    at i.stat (/snap/code/157/usr/share/code/resources/app/out/vs/code/node/sharedProcess/sharedProcessMain.js:58:28946)
    at async $.stat (/snap/code/157/usr/share/code/resources/app/out/vs/code/node/sharedProcess/sharedProcessMain.js:58:16092)
    at async K.sb (/snap/code/157/usr/share/code/resources/app/out/vs/code/node/sharedProcess/sharedProcessMain.js:104:108402)
2024-04-17 14:31:45.324 [info] Extracted extension to file:///home/chandler/.vscode/extensions/ms-python.python-2024.4.1: ms-python.python
2024-04-17 14:31:45.327 [info] Renamed to /home/chandler/.vscode/extensions/ms-python.python-2024.4.1
2024-04-17 14:31:45.330 [info] Extracting extension completed. ms-python.python
2024-04-17 14:31:45.408 [error] [uncaught exception in sharedProcess]: Error: ENOENT: no such file or directory, stat '/home/chandler/.vscode/extensions/extensions.json.vsctmp': EntryNotFound (FileSystemError): Error: ENOENT: no such file or directory, stat '/home/chandler/.vscode/extensions/extensions.json.vsctmp'
    at r.create (/snap/code/157/usr/share/code/resources/app/out/vs/code/node/sharedProcess/sharedProcessMain.js:53:30080)
    at a (/snap/code/157/usr/share/code/resources/app/out/vs/code/node/sharedProcess/sharedProcessMain.js:53:30195)
    at i.fb (/snap/code/157/usr/share/code/resources/app/out/vs/code/node/sharedProcess/sharedProcessMain.js:58:36500)
    at i.stat (/snap/code/157/usr/share/code/resources/app/out/vs/code/node/sharedProcess/sharedProcessMain.js:58:28946)
    at async $.stat (/snap/code/157/usr/share/code/resources/app/out/vs/code/node/sharedProcess/sharedProcessMain.js:58:16092)
    at async K.sb (/snap/code/157/usr/share/code/resources/app/out/vs/code/node/sharedProcess/sharedProcessMain.js:104:108402)
2024-04-17 14:31:47.101 [info] Extracted extension to file:///home/chandler/.vscode/extensions/ms-python.vscode-pylance-2024.4.1: ms-python.vscode-pylance
2024-04-17 14:31:47.106 [info] Renamed to /home/chandler/.vscode/extensions/ms-python.vscode-pylance-2024.4.1
2024-04-17 14:31:47.109 [info] Extracting extension completed. ms-python.vscode-pylance
2024-04-17 14:31:47.117 [info] Extension installed successfully: ms-python.debugpy
2024-04-17 14:31:47.117 [info] Extension installed successfully: ms-python.python
2024-04-17 14:31:47.117 [info] Extension installed successfully: ms-python.vscode-pylance
2024-04-17 14:31:47.191 [error] [uncaught exception in sharedProcess]: Error: ENOENT: no such file or directory, stat '/home/chandler/.vscode/extensions/extensions.json.vsctmp': EntryNotFound (FileSystemError): Error: ENOENT: no such file or directory, stat '/home/chandler/.vscode/extensions/extensions.json.vsctmp'
    at r.create (/snap/code/157/usr/share/code/resources/app/out/vs/code/node/sharedProcess/sharedProcessMain.js:53:30080)
    at a (/snap/code/157/usr/share/code/resources/app/out/vs/code/node/sharedProcess/sharedProcessMain.js:53:30195)
    at i.fb (/snap/code/157/usr/share/code/resources/app/out/vs/code/node/sharedProcess/sharedProcessMain.js:58:36500)
    at i.stat (/snap/code/157/usr/share/code/resources/app/out/vs/code/node/sharedProcess/sharedProcessMain.js:58:28946)
    at async $.stat (/snap/code/157/usr/share/code/resources/app/out/vs/code/node/sharedProcess/sharedProcessMain.js:58:16092)
    at async K.sb (/snap/code/157/usr/share/code/resources/app/out/vs/code/node/sharedProcess/sharedProcessMain.js:104:108402)
