2024-04-17 15:00:07.077 [info] Log level: Info
2024-04-17 15:00:07.077 [info] Validating found git in: "git"
2024-04-17 15:00:07.077 [info] Using git "2.25.1" from "git"
2024-04-17 15:00:07.077 [info] > git rev-parse --show-toplevel [79ms]
2024-04-17 15:00:07.077 [info] > git rev-parse --git-dir --git-common-dir [25ms]
2024-04-17 15:00:07.077 [info] Open repository: /opt/smart_farm_network_sim
2024-04-17 15:00:07.099 [info] > git rev-parse --show-toplevel [25ms]
2024-04-17 15:00:07.100 [info] > git config --get commit.template [28ms]
2024-04-17 15:00:07.118 [info] > git for-each-ref --format=%(refname)%00%(upstream:short)%00%(objectname)%00%(upstream:track)%00%(upstream:remotename)%00%(upstream:remoteref) refs/heads/master refs/remotes/master [4ms]
2024-04-17 15:00:07.330 [info] > git status -z -uall [7ms]
2024-04-17 15:00:07.360 [info] > git merge-base refs/heads/master refs/remotes/origin/master [21ms]
2024-04-17 15:00:07.364 [info] > git config --get commit.template [7ms]
2024-04-17 15:00:07.369 [info] > git rev-list --count --left-right refs/heads/master...refs/remotes/origin/master [6ms]
2024-04-17 15:00:07.377 [info] > git diff --name-status -z --diff-filter=ADMR 9f69e4b703a1f341ffdc597c4f16871498e8c99e...refs/remotes/origin/master [5ms]
2024-04-17 15:00:07.379 [info] > git for-each-ref --format=%(refname)%00%(upstream:short)%00%(objectname)%00%(upstream:track)%00%(upstream:remotename)%00%(upstream:remoteref) refs/heads/master refs/remotes/master [3ms]
2024-04-17 15:00:07.418 [info] > git status -z -uall [4ms]
2024-04-17 15:00:07.811 [info] > git check-ignore -v -z --stdin [1ms]
2024-04-17 15:00:28.792 [info] > git config --get commit.template [4ms]
2024-04-17 15:00:28.793 [info] > git for-each-ref --format=%(refname)%00%(upstream:short)%00%(objectname)%00%(upstream:track)%00%(upstream:remotename)%00%(upstream:remoteref) refs/heads/master refs/remotes/master [1ms]
2024-04-17 15:00:28.799 [info] > git status -z -uall [2ms]
2024-04-17 15:01:05.530 [info] > git config --get commit.template [5ms]
2024-04-17 15:01:05.531 [info] > git for-each-ref --format=%(refname)%00%(upstream:short)%00%(objectname)%00%(upstream:track)%00%(upstream:remotename)%00%(upstream:remoteref) refs/heads/master refs/remotes/master [2ms]
2024-04-17 15:01:05.536 [info] > git status -z -uall [1ms]
2024-04-17 15:01:55.775 [info] > git config --get commit.template [5ms]
2024-04-17 15:01:55.775 [info] > git for-each-ref --format=%(refname)%00%(upstream:short)%00%(objectname)%00%(upstream:track)%00%(upstream:remotename)%00%(upstream:remoteref) refs/heads/master refs/remotes/master [2ms]
2024-04-17 15:01:55.781 [info] > git status -z -uall [2ms]
