2024-04-17 14:28:49.386 [info] Log level: Info
2024-04-17 14:28:49.386 [info] Validating found git in: "git"
2024-04-17 14:28:49.386 [info] Using git "2.25.1" from "git"
2024-04-17 14:29:16.709 [info] Log level: Info
2024-04-17 14:29:16.709 [info] Validating found git in: "git"
2024-04-17 14:29:16.709 [info] Using git "2.25.1" from "git"
2024-04-17 14:29:16.709 [info] > git rev-parse --show-toplevel [2ms]
2024-04-17 14:29:16.713 [info] > git rev-parse --git-dir --git-common-dir [1ms]
2024-04-17 14:29:16.719 [info] Open repository: /opt/smart_farm_network_sim
2024-04-17 14:29:16.726 [info] > git config --get commit.template [3ms]
2024-04-17 14:29:16.728 [info] > git rev-parse --show-toplevel [2ms]
2024-04-17 14:29:16.733 [info] > git for-each-ref --format=%(refname)%00%(upstream:short)%00%(objectname)%00%(upstream:track)%00%(upstream:remotename)%00%(upstream:remoteref) refs/heads/master refs/remotes/master [2ms]
2024-04-17 14:29:16.739 [info] > git status -z -uall [3ms]
2024-04-17 14:29:16.751 [info] > git merge-base refs/heads/master refs/remotes/origin/master [8ms]
2024-04-17 14:29:16.756 [info] > git config --get commit.template [4ms]
2024-04-17 14:29:16.756 [info] > git rev-list --count --left-right refs/heads/master...refs/remotes/origin/master [2ms]
2024-04-17 14:29:16.762 [info] > git diff --name-status -z --diff-filter=ADMR 9f69e4b703a1f341ffdc597c4f16871498e8c99e...refs/remotes/origin/master [4ms]
2024-04-17 14:29:16.763 [info] > git for-each-ref --format=%(refname)%00%(upstream:short)%00%(objectname)%00%(upstream:track)%00%(upstream:remotename)%00%(upstream:remoteref) refs/heads/master refs/remotes/master [1ms]
2024-04-17 14:29:16.768 [info] > git status -z -uall [2ms]
2024-04-17 14:29:17.232 [info] > git check-ignore -v -z --stdin [3ms]
2024-04-17 14:29:17.969 [info] > git check-ignore -v -z --stdin [1ms]
2024-04-17 14:29:47.448 [info] > git config --get commit.template [4ms]
2024-04-17 14:29:47.449 [info] > git for-each-ref --format=%(refname)%00%(upstream:short)%00%(objectname)%00%(upstream:track)%00%(upstream:remotename)%00%(upstream:remoteref) refs/heads/master refs/remotes/master [1ms]
2024-04-17 14:29:47.455 [info] > git status -z -uall [3ms]
2024-04-17 14:31:20.875 [info] > git config --get commit.template [3ms]
2024-04-17 14:31:20.877 [info] > git for-each-ref --format=%(refname)%00%(upstream:short)%00%(objectname)%00%(upstream:track)%00%(upstream:remotename)%00%(upstream:remoteref) refs/heads/master refs/remotes/master [2ms]
2024-04-17 14:31:20.882 [info] > git status -z -uall [2ms]
2024-04-17 14:31:34.043 [info] > git config --get commit.template [4ms]
2024-04-17 14:31:34.044 [info] > git for-each-ref --format=%(refname)%00%(upstream:short)%00%(objectname)%00%(upstream:track)%00%(upstream:remotename)%00%(upstream:remoteref) refs/heads/master refs/remotes/master [2ms]
2024-04-17 14:31:34.050 [info] > git status -z -uall [3ms]
2024-04-17 14:32:02.037 [info] > git config --get commit.template [5ms]
2024-04-17 14:32:02.038 [info] > git for-each-ref --format=%(refname)%00%(upstream:short)%00%(objectname)%00%(upstream:track)%00%(upstream:remotename)%00%(upstream:remoteref) refs/heads/master refs/remotes/master [1ms]
2024-04-17 14:32:02.045 [info] > git status -z -uall [2ms]
2024-04-17 14:32:40.801 [info] > git config --get commit.template [5ms]
2024-04-17 14:32:40.802 [info] > git for-each-ref --format=%(refname)%00%(upstream:short)%00%(objectname)%00%(upstream:track)%00%(upstream:remotename)%00%(upstream:remoteref) refs/heads/master refs/remotes/master [2ms]
2024-04-17 14:32:40.809 [info] > git status -z -uall [3ms]
2024-04-17 14:33:09.684 [info] > git config --get commit.template [5ms]
2024-04-17 14:33:09.685 [info] > git for-each-ref --format=%(refname)%00%(upstream:short)%00%(objectname)%00%(upstream:track)%00%(upstream:remotename)%00%(upstream:remoteref) refs/heads/master refs/remotes/master [1ms]
2024-04-17 14:33:09.692 [info] > git status -z -uall [3ms]
2024-04-17 14:34:04.952 [info] > git config --get commit.template [5ms]
2024-04-17 14:34:04.953 [info] > git for-each-ref --format=%(refname)%00%(upstream:short)%00%(objectname)%00%(upstream:track)%00%(upstream:remotename)%00%(upstream:remoteref) refs/heads/master refs/remotes/master [1ms]
2024-04-17 14:34:04.957 [info] > git status -z -uall [1ms]
2024-04-17 14:34:09.968 [info] > git config --get commit.template [4ms]
2024-04-17 14:34:09.969 [info] > git for-each-ref --format=%(refname)%00%(upstream:short)%00%(objectname)%00%(upstream:track)%00%(upstream:remotename)%00%(upstream:remoteref) refs/heads/master refs/remotes/master [1ms]
2024-04-17 14:34:09.976 [info] > git status -z -uall [2ms]
2024-04-17 14:34:14.984 [info] > git config --get commit.template [1ms]
2024-04-17 14:34:14.990 [info] > git for-each-ref --format=%(refname)%00%(upstream:short)%00%(objectname)%00%(upstream:track)%00%(upstream:remotename)%00%(upstream:remoteref) refs/heads/master refs/remotes/master [2ms]
2024-04-17 14:34:14.996 [info] > git status -z -uall [3ms]
2024-04-17 14:34:55.896 [info] > git config --get commit.template [5ms]
2024-04-17 14:34:55.897 [info] > git for-each-ref --format=%(refname)%00%(upstream:short)%00%(objectname)%00%(upstream:track)%00%(upstream:remotename)%00%(upstream:remoteref) refs/heads/master refs/remotes/master [2ms]
2024-04-17 14:34:55.904 [info] > git status -z -uall [3ms]
2024-04-17 14:35:00.911 [info] > git config --get commit.template [1ms]
2024-04-17 14:35:00.917 [info] > git for-each-ref --format=%(refname)%00%(upstream:short)%00%(objectname)%00%(upstream:track)%00%(upstream:remotename)%00%(upstream:remoteref) refs/heads/master refs/remotes/master [1ms]
2024-04-17 14:35:00.925 [info] > git status -z -uall [3ms]
2024-04-17 14:38:50.346 [info] > git config --get commit.template [5ms]
2024-04-17 14:38:50.347 [info] > git for-each-ref --format=%(refname)%00%(upstream:short)%00%(objectname)%00%(upstream:track)%00%(upstream:remotename)%00%(upstream:remoteref) refs/heads/master refs/remotes/master [1ms]
2024-04-17 14:38:50.354 [info] > git status -z -uall [2ms]
2024-04-17 14:39:36.830 [info] > git config --get commit.template [4ms]
2024-04-17 14:39:36.832 [info] > git for-each-ref --format=%(refname)%00%(upstream:short)%00%(objectname)%00%(upstream:track)%00%(upstream:remotename)%00%(upstream:remoteref) refs/heads/master refs/remotes/master [2ms]
2024-04-17 14:39:36.838 [info] > git status -z -uall [3ms]
