2024-04-18 11:32:39.368 [info] Log level: Info
2024-04-18 11:32:39.369 [info] Validating found git in: "git"
2024-04-18 11:32:39.369 [info] Using git "2.25.1" from "git"
2024-04-18 11:32:39.369 [info] > git rev-parse --show-toplevel [1ms]
2024-04-18 11:32:39.369 [info] > git rev-parse --git-dir --git-common-dir [2ms]
2024-04-18 11:32:39.369 [info] Open repository: /opt/smart_farm_network_sim
2024-04-18 11:32:39.613 [info] > git rev-parse --show-toplevel [239ms]
2024-04-18 11:32:39.614 [info] > git config --get commit.template [242ms]
2024-04-18 11:32:39.696 [info] > git rev-parse --show-toplevel [8ms]
2024-04-18 11:32:39.746 [info] > git for-each-ref --format=%(refname)%00%(upstream:short)%00%(objectname)%00%(upstream:track)%00%(upstream:remotename)%00%(upstream:remoteref) refs/heads/master refs/remotes/master [51ms]
2024-04-18 11:32:39.763 [info] > git rev-parse --show-toplevel [18ms]
2024-04-18 11:32:40.004 [info] > git status -z -uall [208ms]
2024-04-18 11:32:40.040 [info] > git merge-base refs/heads/master refs/remotes/origin/master [31ms]
2024-04-18 11:32:40.055 [info] > git rev-list --count --left-right refs/heads/master...refs/remotes/origin/master [10ms]
2024-04-18 11:32:40.060 [info] > git config --get commit.template [28ms]
2024-04-18 11:32:40.065 [info] > git diff --name-status -z --diff-filter=ADMR a974a2e53bd2c380ed11476dd59a9824440881ac...refs/remotes/origin/master [5ms]
2024-04-18 11:32:40.079 [info] > git for-each-ref --format=%(refname)%00%(upstream:short)%00%(objectname)%00%(upstream:track)%00%(upstream:remotename)%00%(upstream:remoteref) refs/heads/master refs/remotes/master [7ms]
2024-04-18 11:32:40.126 [info] > git status -z -uall [9ms]
2024-04-18 11:32:40.126 [info] > git check-ignore -v -z --stdin [1ms]
2024-04-18 11:32:56.058 [info] > git config --get commit.template [5ms]
2024-04-18 11:32:56.059 [info] > git for-each-ref --format=%(refname)%00%(upstream:short)%00%(objectname)%00%(upstream:track)%00%(upstream:remotename)%00%(upstream:remoteref) refs/heads/master refs/remotes/master [1ms]
2024-04-18 11:32:56.064 [info] > git status -z -uall [1ms]
2024-04-18 11:33:32.578 [info] > git config --get commit.template [5ms]
2024-04-18 11:33:32.578 [info] > git for-each-ref --format=%(refname)%00%(upstream:short)%00%(objectname)%00%(upstream:track)%00%(upstream:remotename)%00%(upstream:remoteref) refs/heads/master refs/remotes/master [1ms]
2024-04-18 11:33:32.582 [info] > git status -z -uall [1ms]
2024-04-18 11:33:42.072 [info] > git config --get commit.template [4ms]
2024-04-18 11:33:42.074 [info] > git for-each-ref --format=%(refname)%00%(upstream:short)%00%(objectname)%00%(upstream:track)%00%(upstream:remotename)%00%(upstream:remoteref) refs/heads/master refs/remotes/master [2ms]
2024-04-18 11:33:42.080 [info] > git status -z -uall [2ms]
2024-04-18 11:34:32.580 [info] > git config --get commit.template [5ms]
2024-04-18 11:34:32.582 [info] > git for-each-ref --format=%(refname)%00%(upstream:short)%00%(objectname)%00%(upstream:track)%00%(upstream:remotename)%00%(upstream:remoteref) refs/heads/master refs/remotes/master [2ms]
2024-04-18 11:34:32.588 [info] > git status -z -uall [2ms]
2024-04-18 11:34:51.028 [info] > git config --get commit.template [4ms]
2024-04-18 11:34:51.030 [info] > git for-each-ref --format=%(refname)%00%(upstream:short)%00%(objectname)%00%(upstream:track)%00%(upstream:remotename)%00%(upstream:remoteref) refs/heads/master refs/remotes/master [2ms]
2024-04-18 11:34:51.035 [info] > git status -z -uall [2ms]
2024-04-18 11:34:56.051 [info] > git config --get commit.template [6ms]
2024-04-18 11:34:56.052 [info] > git for-each-ref --format=%(refname)%00%(upstream:short)%00%(objectname)%00%(upstream:track)%00%(upstream:remotename)%00%(upstream:remoteref) refs/heads/master refs/remotes/master [1ms]
2024-04-18 11:34:56.059 [info] > git status -z -uall [2ms]
2024-04-18 11:35:05.911 [info] > git config --get commit.template [5ms]
2024-04-18 11:35:05.912 [info] > git for-each-ref --format=%(refname)%00%(upstream:short)%00%(objectname)%00%(upstream:track)%00%(upstream:remotename)%00%(upstream:remoteref) refs/heads/master refs/remotes/master [2ms]
2024-04-18 11:35:05.919 [info] > git status -z -uall [2ms]
2024-04-18 11:35:36.466 [info] > git config --get commit.template [5ms]
2024-04-18 11:35:36.467 [info] > git for-each-ref --format=%(refname)%00%(upstream:short)%00%(objectname)%00%(upstream:track)%00%(upstream:remotename)%00%(upstream:remoteref) refs/heads/master refs/remotes/master [2ms]
2024-04-18 11:35:36.472 [info] > git status -z -uall [2ms]
2024-04-18 11:35:44.512 [info] > git config --get commit.template [5ms]
2024-04-18 11:35:44.512 [info] > git for-each-ref --format=%(refname)%00%(upstream:short)%00%(objectname)%00%(upstream:track)%00%(upstream:remotename)%00%(upstream:remoteref) refs/heads/master refs/remotes/master [1ms]
2024-04-18 11:35:44.517 [info] > git status -z -uall [2ms]
2024-04-18 11:35:59.414 [info] > git config --get commit.template [5ms]
2024-04-18 11:35:59.415 [info] > git for-each-ref --format=%(refname)%00%(upstream:short)%00%(objectname)%00%(upstream:track)%00%(upstream:remotename)%00%(upstream:remoteref) refs/heads/master refs/remotes/master [2ms]
2024-04-18 11:35:59.421 [info] > git status -z -uall [2ms]
2024-04-18 11:36:07.429 [info] > git config --get commit.template [5ms]
2024-04-18 11:36:07.430 [info] > git for-each-ref --format=%(refname)%00%(upstream:short)%00%(objectname)%00%(upstream:track)%00%(upstream:remotename)%00%(upstream:remoteref) refs/heads/master refs/remotes/master [1ms]
2024-04-18 11:36:07.437 [info] > git status -z -uall [3ms]
