00:00:00.267536 VirtualBox GUI VM Selector Window 7.0.16 r162802 linux.amd64 (Apr 12 2024 18:27:12) release log
00:00:00.267537 Log opened 2024-04-29T01:12:25.039913000Z
00:00:00.267538 Build Type: release
00:00:00.267541 OS Product: Linux
00:00:00.267542 OS Release: 5.15.0-105-generic
00:00:00.267542 OS Version: #115-Ubuntu SMP Mon Apr 15 09:52:04 UTC 2024
00:00:00.267566 DMI Product Name: MS-7C56
00:00:00.267570 DMI Product Version: 1.0
00:00:00.267576 Firmware type: UEFI
00:00:00.267668 Secure Boot: Enabled
00:00:00.267705 Host RAM: 64220MB (62.7GB) total, 59323MB (57.9GB) available
00:00:00.267708 Executable: /usr/lib/virtualbox/VirtualBox
00:00:00.267709 Process ID: 62069
00:00:00.267709 Package type: LINUX_64BITS_UBUNTU_22_04
00:00:00.267731 Qt version: 5.15.3
00:00:00.268104 GUI: UIMediumEnumerator: Initial medium-enumeration finished!
00:00:00.278208 GUI: UIMediumEnumerator: Medium-enumeration started...
00:00:00.278227 GUI: UIMediumEnumerator: Medium-enumeration finished!
00:00:00.624373 GUI: UIDesktopWidgetWatchdog::sltHandleHostScreenAvailableGeometryCalculated: Screen 0 work area is actually resized to: 1920x27 x 1920x1053
00:00:00.627741 GUI: UIDesktopWidgetWatchdog::sltHandleHostScreenAvailableGeometryCalculated: Screen 1 work area is actually resized to: 0x0 x 1920x1080
00:00:04.795790 GUI: UICommon: Handling aboutToQuit request..
00:00:06.099170 GUI: UICommon: aboutToQuit request handled!
