00:00:00.000130 main     VirtualBox XPCOM Server 7.0.16 r162802 linux.amd64 (Apr 12 2024 18:27:12) release log
00:00:00.000133 main     Log opened 2024-04-29T01:12:24.909983000Z
00:00:00.000133 main     Build Type: release
00:00:00.000135 main     OS Product: Linux
00:00:00.000135 main     OS Release: 5.15.0-105-generic
00:00:00.000135 main     OS Version: #115-Ubuntu SMP Mon Apr 15 09:52:04 UTC 2024
00:00:00.000153 main     DMI Product Name: MS-7C56
00:00:00.000157 main     DMI Product Version: 1.0
00:00:00.000161 main     Firmware type: UEFI
00:00:00.000259 main     Secure Boot: Enabled
00:00:00.000285 main     Host RAM: 64220MB (62.7GB) total, 59325MB (57.9GB) available
00:00:00.000287 main     Executable: /usr/lib/virtualbox/VBoxSVC
00:00:00.000287 main     Process ID: 62099
00:00:00.000288 main     Package type: LINUX_64BITS_UBUNTU_22_04
00:00:00.001043 main     IPC socket path: /tmp/.vbox-chandler-ipc/ipcd
00:00:00.103256 nspr-2   VirtualBox: object creation starts
00:00:00.103352 nspr-2   Home directory: '/home/chandler/.config/VirtualBox'
00:00:00.103506 nspr-2   Loading settings file "/home/chandler/.config/VirtualBox/VirtualBox.xml" with version "1.12-linux"
00:00:00.104214 nspr-2   HostDnsMonitor: initializing
00:00:00.104318 nspr-2   NAT: resolv.conf: nameserver 127.0.0.53
00:00:00.104324 nspr-2   NAT: resolv.conf: ignoring "options edns0 trust-ad"
00:00:00.104331 nspr-2   HostDnsMonitor: updating information
00:00:00.104342 nspr-2   HostDnsMonitor: old information
00:00:00.104345 nspr-2     no server entries
00:00:00.104347 nspr-2     no domain set
00:00:00.104350 nspr-2     no search string entries
00:00:00.104352 nspr-2   HostDnsMonitor: new information
00:00:00.104355 nspr-2     server 1: 127.0.0.53
00:00:00.104358 nspr-2     domain: .
00:00:00.104360 nspr-2     search string 1: .
00:00:00.105805 nspr-2   Failed to open "/dev/vboxdrvu", errno=2, rc=VERR_VM_DRIVER_NOT_INSTALLED
00:00:00.105909 nspr-2   VD: VDInit finished with VINF_SUCCESS
00:00:00.106315 nspr-2   VirtualBox: object created
00:00:00.133484 nspr-4   Saving settings file "/home/chandler/.config/VirtualBox/VirtualBox.xml" with version "1.12-linux"
00:00:00.135261 nspr-4   Finished saving settings file "/home/chandler/.config/VirtualBox/VirtualBox.xml"
00:00:00.135414 nspr-4   Saving settings file "/home/chandler/.config/VirtualBox/VirtualBox.xml" with version "1.12-linux"
00:00:00.136957 nspr-4   Finished saving settings file "/home/chandler/.config/VirtualBox/VirtualBox.xml"
00:00:00.137107 nspr-4   Saving settings file "/home/chandler/.config/VirtualBox/VirtualBox.xml" with version "1.12-linux"
00:00:00.138761 nspr-4   Finished saving settings file "/home/chandler/.config/VirtualBox/VirtualBox.xml"
00:00:00.503614 nspr-4   WARNING [COM]: aRC=NS_ERROR_FAILURE (0x80004005) aIID={e54f6256-97a7-4947-8a78-10c013ddf4b8} aComponent={HostWrap} aText={VirtualBox is not currently allowed to access USB devices.  You can change this by adding your user to the 'vboxusers' group.  Please see the user manual for a more detailed explanation}, preserve=false aResultDetail=0
00:00:01.934485 nspr-3   Saving settings file "/home/chandler/.config/VirtualBox/VirtualBox.xml" with version "1.12-linux"
00:00:01.936500 nspr-3   Finished saving settings file "/home/chandler/.config/VirtualBox/VirtualBox.xml"
00:00:10.948003 main     VirtualBox: object deletion starts
00:00:10.948428 main     HostDnsMonitor: shutting down ...
00:00:10.960742 main     HostDnsMonitor: shut down
00:00:10.971070 Watcher  ERROR [COM]: aRC=E_ACCESSDENIED (0x80070005) aIID={7682d5eb-f00e-44f1-8ca2-99d08b1cd607} aComponent={VirtualBoxWrap} aText={The object is not ready}, preserve=false aResultDetail=0
00:00:10.971140 main     VirtualBox: object deleted
