2024-04-17 15:00:07.119 [info] Experiment 'pythonaa' is active
2024-04-17 15:00:07.119 [info] Experiment 'pythonRecommendTensorboardExt' is active
2024-04-17 15:00:07.119 [info] Experiment 'pythonREPLSmartSend' is active
2024-04-17 15:00:07.119 [info] Experiment 'pythonTerminalEnvVarActivation' is active
2024-04-17 15:00:07.119 [info] Experiment 'pythonTestAdapter' is active
2024-04-17 15:00:07.119 [info] Default formatter is set to null for workspace /opt/smart_farm_network_sim
2024-04-17 15:00:07.119 [info] Test server listening.
2024-04-17 15:00:07.119 [info] Python interpreter path: /bin/python3
2024-04-17 15:00:07.327 [info] > pyenv which python
2024-04-17 15:00:07.327 [info] cwd: .
2024-04-17 15:00:07.396 [info] > conda info --json
2024-04-17 15:00:08.354 [info] Starting Pylance language server.
2024-04-17 15:00:27.449 [info] > hatch env show --json
2024-04-17 15:00:27.449 [info] cwd: .
2024-04-17 15:00:27.458 [info] Found: /bin/python --> /bin/python2.7
2024-04-17 15:00:27.458 [info] Found: /bin/python2 --> /bin/python2.7
2024-04-17 15:00:27.459 [info] Found: /bin/python2.7 --> /bin/python2.7
2024-04-17 15:00:27.459 [info] Found: /bin/python3 --> /bin/python3.8
2024-04-17 15:00:27.459 [info] Found: /bin/python3.8 --> /bin/python3.8
2024-04-17 15:00:27.465 [info] > /bin/python3 -I ~/.vscode/extensions/ms-python.python-2024.4.1/python_files/get_output_via_markers.py ~/.vscode/extensions/ms-python.python-2024.4.1/python_files/interpreterInfo.py
2024-04-17 15:00:27.478 [info] Found: /usr/bin/python --> /usr/bin/python2.7
2024-04-17 15:00:27.479 [info] Found: /usr/bin/python2 --> /usr/bin/python2.7
2024-04-17 15:00:27.479 [info] Found: /usr/bin/python2.7 --> /usr/bin/python2.7
2024-04-17 15:00:27.479 [info] Found: /usr/bin/python3 --> /usr/bin/python3.8
2024-04-17 15:00:27.479 [info] Found: /usr/bin/python3.8 --> /usr/bin/python3.8
2024-04-17 15:00:27.498 [info] > /bin/python -I ~/.vscode/extensions/ms-python.python-2024.4.1/python_files/get_output_via_markers.py ~/.vscode/extensions/ms-python.python-2024.4.1/python_files/interpreterInfo.py
2024-04-17 15:00:27.500 [warning] [Error: Command failed: /bin/python -I /home/chandler/.vscode/extensions/ms-python.python-2024.4.1/python_files/get_output_via_markers.py /home/chandler/.vscode/extensions/ms-python.python-2024.4.1/python_files/interpreterInfo.py
Unknown option: -I
usage: /bin/python [option] ... [-c cmd | -m mod | file | -] [arg] ...
Try `python -h' for more information.

	at ChildProcess.exithandler (node:child_process:423:12)
	at ChildProcess.emit (node:events:529:35)
	at maybeClose (node:internal/child_process:1098:16)
	at Socket.<anonymous> (node:internal/child_process:450:11)
	at Socket.emit (node:events:517:28)
	at Pipe.<anonymous> (node:net:350:12)] {
  code: 2,
  killed: false,
  signal: null,
  cmd: '/bin/python -I /home/chandler/.vscode/extensions/ms-python.python-2024.4.1/python_files/get_output_via_markers.py /home/chandler/.vscode/extensions/ms-python.python-2024.4.1/python_files/interpreterInfo.py'
}
2024-04-17 15:00:27.500 [error] Support for Python 2.7 has been dropped by the Python extension so certain features may not work, upgrade to using Python 3.
2024-04-17 15:00:27.505 [info] > /bin/python ~/.vscode/extensions/ms-python.python-2024.4.1/python_files/get_output_via_markers.py ~/.vscode/extensions/ms-python.python-2024.4.1/python_files/interpreterInfo.py
2024-04-17 15:00:27.515 [info] > /usr/bin/python -I ~/.vscode/extensions/ms-python.python-2024.4.1/python_files/get_output_via_markers.py ~/.vscode/extensions/ms-python.python-2024.4.1/python_files/interpreterInfo.py
2024-04-17 15:00:27.517 [warning] [Error: Command failed: /usr/bin/python -I /home/chandler/.vscode/extensions/ms-python.python-2024.4.1/python_files/get_output_via_markers.py /home/chandler/.vscode/extensions/ms-python.python-2024.4.1/python_files/interpreterInfo.py
Unknown option: -I
usage: /usr/bin/python [option] ... [-c cmd | -m mod | file | -] [arg] ...
Try `python -h' for more information.

	at ChildProcess.exithandler (node:child_process:423:12)
	at ChildProcess.emit (node:events:529:35)
	at maybeClose (node:internal/child_process:1098:16)
	at Socket.<anonymous> (node:internal/child_process:450:11)
	at Socket.emit (node:events:517:28)
	at Pipe.<anonymous> (node:net:350:12)] {
  code: 2,
  killed: false,
  signal: null,
  cmd: '/usr/bin/python -I /home/chandler/.vscode/extensions/ms-python.python-2024.4.1/python_files/get_output_via_markers.py /home/chandler/.vscode/extensions/ms-python.python-2024.4.1/python_files/interpreterInfo.py'
}
2024-04-17 15:00:27.517 [error] Support for Python 2.7 has been dropped by the Python extension so certain features may not work, upgrade to using Python 3.
2024-04-17 15:00:27.522 [info] > /usr/bin/python ~/.vscode/extensions/ms-python.python-2024.4.1/python_files/get_output_via_markers.py ~/.vscode/extensions/ms-python.python-2024.4.1/python_files/interpreterInfo.py
2024-04-17 15:00:27.526 [info] > /usr/bin/python3 -I ~/.vscode/extensions/ms-python.python-2024.4.1/python_files/get_output_via_markers.py ~/.vscode/extensions/ms-python.python-2024.4.1/python_files/interpreterInfo.py
