2024-04-17 14:41:48.893 [info] Log level: Info
2024-04-17 14:41:48.893 [info] Validating found git in: "git"
2024-04-17 14:41:48.893 [info] Using git "2.25.1" from "git"
2024-04-17 14:41:48.893 [info] > git rev-parse --show-toplevel [65ms]
2024-04-17 14:41:48.893 [info] > git rev-parse --git-dir --git-common-dir [3ms]
2024-04-17 14:41:48.893 [info] Open repository: /opt/smart_farm_network_sim
2024-04-17 14:41:48.902 [info] > git rev-parse --show-toplevel [14ms]
2024-04-17 14:41:48.904 [info] > git config --get commit.template [19ms]
2024-04-17 14:41:48.917 [info] > git for-each-ref --format=%(refname)%00%(upstream:short)%00%(objectname)%00%(upstream:track)%00%(upstream:remotename)%00%(upstream:remoteref) refs/heads/master refs/remotes/master [3ms]
2024-04-17 14:41:48.924 [info] > git status -z -uall [2ms]
2024-04-17 14:41:48.943 [info] > git merge-base refs/heads/master refs/remotes/origin/master [15ms]
2024-04-17 14:41:48.956 [info] > git rev-list --count --left-right refs/heads/master...refs/remotes/origin/master [9ms]
2024-04-17 14:41:48.960 [info] > git config --get commit.template [23ms]
2024-04-17 14:41:49.167 [info] > git diff --name-status -z --diff-filter=ADMR 9f69e4b703a1f341ffdc597c4f16871498e8c99e...refs/remotes/origin/master [207ms]
2024-04-17 14:41:49.216 [info] > git for-each-ref --format=%(refname)%00%(upstream:short)%00%(objectname)%00%(upstream:track)%00%(upstream:remotename)%00%(upstream:remoteref) refs/heads/master refs/remotes/master [54ms]
2024-04-17 14:41:49.253 [info] > git status -z -uall [4ms]
2024-04-17 14:41:49.700 [info] > git check-ignore -v -z --stdin [1ms]
2024-04-17 14:42:05.516 [info] > git config --get commit.template [4ms]
2024-04-17 14:42:05.517 [info] > git for-each-ref --format=%(refname)%00%(upstream:short)%00%(objectname)%00%(upstream:track)%00%(upstream:remotename)%00%(upstream:remoteref) refs/heads/master refs/remotes/master [1ms]
2024-04-17 14:42:05.524 [info] > git status -z -uall [2ms]
