2024-04-17 15:00:06.597 [info] Extension host with pid 61061 started
2024-04-17 15:00:06.597 [info] Skipping acquiring lock for /home/chandler/.config/Code/User/workspaceStorage/ba2a647d804866fa3d24602d2a7a6496.
2024-04-17 15:00:06.606 [info] ExtensionService#_doActivateExtension vscode.ipynb, startup: false, activationEvent: 'onNotebookSerializer:jupyter-notebook'
2024-04-17 15:00:06.618 [info] ExtensionService#_doActivateExtension vscode.git-base, startup: true, activationEvent: '*', root cause: vscode.git
2024-04-17 15:00:06.623 [info] ExtensionService#_doActivateExtension vscode.git, startup: true, activationEvent: '*'
2024-04-17 15:00:06.638 [info] ExtensionService#_doActivateExtension vscode.github, startup: true, activationEvent: '*'
2024-04-17 15:00:06.668 [info] ExtensionService#_doActivateExtension ms-toolsai.jupyter, startup: false, activationEvent: 'onNotebook:jupyter-notebook'
2024-04-17 15:00:06.670 [info] ExtensionService#_doActivateExtension ms-toolsai.vscode-jupyter-cell-tags, startup: false, activationEvent: 'onNotebook:jupyter-notebook'
2024-04-17 15:00:06.671 [info] ExtensionService#_doActivateExtension ms-toolsai.vscode-jupyter-slideshow, startup: false, activationEvent: 'onNotebook:jupyter-notebook'
2024-04-17 15:00:06.672 [info] ExtensionService#_doActivateExtension ms-toolsai.jupyter-renderers, startup: false, activationEvent: 'onNotebook:*'
2024-04-17 15:00:06.682 [info] Eager extensions activated
2024-04-17 15:00:06.912 [info] ExtensionService#_doActivateExtension vscode.debug-auto-launch, startup: false, activationEvent: 'onStartupFinished'
2024-04-17 15:00:06.914 [info] ExtensionService#_doActivateExtension vscode.merge-conflict, startup: false, activationEvent: 'onStartupFinished'
2024-04-17 15:00:06.923 [info] ExtensionService#_doActivateExtension ms-python.python, startup: false, activationEvent: 'api', root cause: ms-toolsai.jupyter
2024-04-17 15:00:06.991 [info] ExtensionService#_doActivateExtension vscode.emmet, startup: false, activationEvent: 'onLanguage'
2024-04-17 15:00:07.120 [info] ExtensionService#_doActivateExtension ms-python.debugpy, startup: false, activationEvent: 'onLanguage:python'
2024-04-17 15:00:07.130 [info] ExtensionService#_doActivateExtension ms-python.vscode-pylance, startup: false, activationEvent: 'onLanguage:python'
2024-04-17 15:01:58.722 [info] Extension host terminating: renderer closed the MessagePort
2024-04-17 15:01:58.744 [error] Canceled: Canceled
	at new O (/snap/code/157/usr/share/code/resources/app/out/vs/workbench/api/node/extensionHostProcess.js:142:46998)
	at u.U (/snap/code/157/usr/share/code/resources/app/out/vs/workbench/api/node/extensionHostProcess.js:149:5539)
	at F.<computed>.T.charCodeAt.F.<computed> (/snap/code/157/usr/share/code/resources/app/out/vs/workbench/api/node/extensionHostProcess.js:149:2993)
	at d.g (/snap/code/157/usr/share/code/resources/app/out/vs/workbench/api/node/extensionHostProcess.js:152:186335)
	at d.executeCommand (/snap/code/157/usr/share/code/resources/app/out/vs/workbench/api/node/extensionHostProcess.js:152:185773)
	at E.registerCommand.description (/snap/code/157/usr/share/code/resources/app/out/vs/workbench/api/node/extensionHostProcess.js:152:185097)
	at d.h (/snap/code/157/usr/share/code/resources/app/out/vs/workbench/api/node/extensionHostProcess.js:152:186874)
	at d.g (/snap/code/157/usr/share/code/resources/app/out/vs/workbench/api/node/extensionHostProcess.js:152:185866)
	at d.executeCommand (/snap/code/157/usr/share/code/resources/app/out/vs/workbench/api/node/extensionHostProcess.js:152:185773)
	at Object.executeCommand (/snap/code/157/usr/share/code/resources/app/out/vs/workbench/api/node/extensionHostProcess.js:162:22785)
	at o.O [as value] (/snap/code/157/usr/share/code/resources/app/extensions/git/dist/main.js:2:945802)
	at s.y (/snap/code/157/usr/share/code/resources/app/out/vs/workbench/api/node/extensionHostProcess.js:82:659)
	at s.z (/snap/code/157/usr/share/code/resources/app/out/vs/workbench/api/node/extensionHostProcess.js:82:729)
	at s.fire (/snap/code/157/usr/share/code/resources/app/out/vs/workbench/api/node/extensionHostProcess.js:82:945)
	at Object.m [as dispose] (/snap/code/157/usr/share/code/resources/app/extensions/git/dist/main.js:2:964886)
	at /snap/code/157/usr/share/code/resources/app/extensions/git/dist/main.js:2:970920
	at Array.forEach (<anonymous>)
	at f.dispose (/snap/code/157/usr/share/code/resources/app/extensions/git/dist/main.js:2:970906)
	at a.<anonymous> (/snap/code/157/usr/share/code/resources/app/out/vs/workbench/api/node/extensionHostProcess.js:150:3830)
	at a.dispose (/snap/code/157/usr/share/code/resources/app/out/vs/workbench/api/node/extensionHostProcess.js:150:3927)
	at a.<anonymous> (/snap/code/157/usr/share/code/resources/app/extensions/git/dist/main.js:2:948059)
	at a.dispose (/snap/code/157/usr/share/code/resources/app/out/vs/workbench/api/node/extensionHostProcess.js:150:3927)
	at o (/snap/code/157/usr/share/code/resources/app/out/vs/workbench/api/node/extensionHostProcess.js:30:714)
	at m.eb (/snap/code/157/usr/share/code/resources/app/out/vs/workbench/api/node/extensionHostProcess.js:158:9967)
	at /snap/code/157/usr/share/code/resources/app/out/vs/workbench/api/node/extensionHostProcess.js:158:7816
	at Array.map (<anonymous>)
	at m.$ (/snap/code/157/usr/share/code/resources/app/out/vs/workbench/api/node/extensionHostProcess.js:158:7803)
	at m.terminate (/snap/code/157/usr/share/code/resources/app/out/vs/workbench/api/node/extensionHostProcess.js:158:8077)
	at o.terminate (/snap/code/157/usr/share/code/resources/app/out/vs/workbench/api/node/extensionHostProcess.js:162:1513)
	at t (/snap/code/157/usr/share/code/resources/app/out/vs/workbench/api/node/extensionHostProcess.js:175:9917)
	at MessagePortMain.<anonymous> (/snap/code/157/usr/share/code/resources/app/out/vs/workbench/api/node/extensionHostProcess.js:175:6342)
	at MessagePortMain.emit (node:events:517:28)
	at MessagePortMain._internalPort.emit (node:electron/js2c/utility_init:2:2285) setContext undefined
2024-04-17 15:01:58.744 [error] Canceled: Canceled
	at new O (/snap/code/157/usr/share/code/resources/app/out/vs/workbench/api/node/extensionHostProcess.js:142:46998)
	at u.U (/snap/code/157/usr/share/code/resources/app/out/vs/workbench/api/node/extensionHostProcess.js:149:5539)
	at F.<computed>.T.charCodeAt.F.<computed> (/snap/code/157/usr/share/code/resources/app/out/vs/workbench/api/node/extensionHostProcess.js:149:2993)
	at d.g (/snap/code/157/usr/share/code/resources/app/out/vs/workbench/api/node/extensionHostProcess.js:152:186335)
	at d.executeCommand (/snap/code/157/usr/share/code/resources/app/out/vs/workbench/api/node/extensionHostProcess.js:152:185773)
	at E.registerCommand.description (/snap/code/157/usr/share/code/resources/app/out/vs/workbench/api/node/extensionHostProcess.js:152:185097)
	at d.h (/snap/code/157/usr/share/code/resources/app/out/vs/workbench/api/node/extensionHostProcess.js:152:186874)
	at d.g (/snap/code/157/usr/share/code/resources/app/out/vs/workbench/api/node/extensionHostProcess.js:152:185866)
	at d.executeCommand (/snap/code/157/usr/share/code/resources/app/out/vs/workbench/api/node/extensionHostProcess.js:152:185773)
	at Object.executeCommand (/snap/code/157/usr/share/code/resources/app/out/vs/workbench/api/node/extensionHostProcess.js:162:22785)
	at set hasGitHubRepositories [as hasGitHubRepositories] (/snap/code/157/usr/share/code/resources/app/extensions/github/dist/extension.js:2:324866)
	at /snap/code/157/usr/share/code/resources/app/extensions/github/dist/extension.js:2:325825
	at o.value (/snap/code/157/usr/share/code/resources/app/extensions/git/dist/main.js:2:1051703)
	at s.y (/snap/code/157/usr/share/code/resources/app/out/vs/workbench/api/node/extensionHostProcess.js:82:659)
	at s.z (/snap/code/157/usr/share/code/resources/app/out/vs/workbench/api/node/extensionHostProcess.js:82:729)
	at s.fire (/snap/code/157/usr/share/code/resources/app/out/vs/workbench/api/node/extensionHostProcess.js:82:945)
	at Object.m [as dispose] (/snap/code/157/usr/share/code/resources/app/extensions/git/dist/main.js:2:964886)
	at /snap/code/157/usr/share/code/resources/app/extensions/git/dist/main.js:2:970920
	at Array.forEach (<anonymous>)
	at f.dispose (/snap/code/157/usr/share/code/resources/app/extensions/git/dist/main.js:2:970906)
	at a.<anonymous> (/snap/code/157/usr/share/code/resources/app/out/vs/workbench/api/node/extensionHostProcess.js:150:3830)
	at a.dispose (/snap/code/157/usr/share/code/resources/app/out/vs/workbench/api/node/extensionHostProcess.js:150:3927)
	at a.<anonymous> (/snap/code/157/usr/share/code/resources/app/extensions/git/dist/main.js:2:948059)
	at a.dispose (/snap/code/157/usr/share/code/resources/app/out/vs/workbench/api/node/extensionHostProcess.js:150:3927)
	at o (/snap/code/157/usr/share/code/resources/app/out/vs/workbench/api/node/extensionHostProcess.js:30:714)
	at m.eb (/snap/code/157/usr/share/code/resources/app/out/vs/workbench/api/node/extensionHostProcess.js:158:9967)
	at /snap/code/157/usr/share/code/resources/app/out/vs/workbench/api/node/extensionHostProcess.js:158:7816
	at Array.map (<anonymous>)
	at m.$ (/snap/code/157/usr/share/code/resources/app/out/vs/workbench/api/node/extensionHostProcess.js:158:7803)
	at m.terminate (/snap/code/157/usr/share/code/resources/app/out/vs/workbench/api/node/extensionHostProcess.js:158:8077)
	at o.terminate (/snap/code/157/usr/share/code/resources/app/out/vs/workbench/api/node/extensionHostProcess.js:162:1513)
	at t (/snap/code/157/usr/share/code/resources/app/out/vs/workbench/api/node/extensionHostProcess.js:175:9917)
	at MessagePortMain.<anonymous> (/snap/code/157/usr/share/code/resources/app/out/vs/workbench/api/node/extensionHostProcess.js:175:6342)
	at MessagePortMain.emit (node:events:517:28)
	at MessagePortMain._internalPort.emit (node:electron/js2c/utility_init:2:2285) setContext undefined
2024-04-17 15:01:58.744 [error] Canceled: Canceled
	at new O (/snap/code/157/usr/share/code/resources/app/out/vs/workbench/api/node/extensionHostProcess.js:142:46998)
	at u.U (/snap/code/157/usr/share/code/resources/app/out/vs/workbench/api/node/extensionHostProcess.js:149:5539)
	at F.<computed>.T.charCodeAt.F.<computed> (/snap/code/157/usr/share/code/resources/app/out/vs/workbench/api/node/extensionHostProcess.js:149:2993)
	at d.g (/snap/code/157/usr/share/code/resources/app/out/vs/workbench/api/node/extensionHostProcess.js:152:186335)
	at d.executeCommand (/snap/code/157/usr/share/code/resources/app/out/vs/workbench/api/node/extensionHostProcess.js:152:185773)
	at E.registerCommand.description (/snap/code/157/usr/share/code/resources/app/out/vs/workbench/api/node/extensionHostProcess.js:152:185097)
	at d.h (/snap/code/157/usr/share/code/resources/app/out/vs/workbench/api/node/extensionHostProcess.js:152:186874)
	at d.g (/snap/code/157/usr/share/code/resources/app/out/vs/workbench/api/node/extensionHostProcess.js:152:185866)
	at d.executeCommand (/snap/code/157/usr/share/code/resources/app/out/vs/workbench/api/node/extensionHostProcess.js:152:185773)
	at Object.executeCommand (/snap/code/157/usr/share/code/resources/app/out/vs/workbench/api/node/extensionHostProcess.js:162:22785)
	at sr.set (/home/chandler/.vscode/extensions/ms-toolsai.jupyter-2024.3.1-linux-x64/dist/extension.node.js:343:140747)
	at DI.updateContextOfActiveNotebookKernel (/home/chandler/.vscode/extensions/ms-toolsai.jupyter-2024.3.1-linux-x64/dist/extension.node.js:412:11476)
	at DI.onDidKernelStatusChange (/home/chandler/.vscode/extensions/ms-toolsai.jupyter-2024.3.1-linux-x64/dist/extension.node.js:412:13066)
	at s.y (/snap/code/157/usr/share/code/resources/app/out/vs/workbench/api/node/extensionHostProcess.js:82:659)
	at s.z (/snap/code/157/usr/share/code/resources/app/out/vs/workbench/api/node/extensionHostProcess.js:82:729)
	at s.fire (/snap/code/157/usr/share/code/resources/app/out/vs/workbench/api/node/extensionHostProcess.js:82:945)
	at Wy.<anonymous> (/home/chandler/.vscode/extensions/ms-toolsai.jupyter-2024.3.1-linux-x64/dist/extension.node.js:329:2938)
	at s.y (/snap/code/157/usr/share/code/resources/app/out/vs/workbench/api/node/extensionHostProcess.js:82:659)
	at s.z (/snap/code/157/usr/share/code/resources/app/out/vs/workbench/api/node/extensionHostProcess.js:82:729)
	at s.fire (/snap/code/157/usr/share/code/resources/app/out/vs/workbench/api/node/extensionHostProcess.js:82:945)
	at e (/home/chandler/.vscode/extensions/ms-toolsai.jupyter-2024.3.1-linux-x64/dist/extension.node.js:315:31576)
	at V_.dispose (/home/chandler/.vscode/extensions/ms-toolsai.jupyter-2024.3.1-linux-x64/dist/extension.node.js:315:31699)
	at /home/chandler/.vscode/extensions/ms-toolsai.jupyter-2024.3.1-linux-x64/dist/extension.node.js:204:1896
	at Array.map (<anonymous>)
	at Mg.dispose (/home/chandler/.vscode/extensions/ms-toolsai.jupyter-2024.3.1-linux-x64/dist/extension.node.js:204:1887)
	at Object.kIe (/home/chandler/.vscode/extensions/ms-toolsai.jupyter-2024.3.1-linux-x64/dist/extension.node.js:472:915)
	at Object.m (/home/chandler/.vscode/extensions/ms-toolsai.jupyter-2024.3.1-linux-x64/dist/extension.node.proxy.js:1:1025)
	at m.eb (/snap/code/157/usr/share/code/resources/app/out/vs/workbench/api/node/extensionHostProcess.js:158:9772)
	at /snap/code/157/usr/share/code/resources/app/out/vs/workbench/api/node/extensionHostProcess.js:158:7816
	at Array.map (<anonymous>)
	at m.$ (/snap/code/157/usr/share/code/resources/app/out/vs/workbench/api/node/extensionHostProcess.js:158:7803)
	at m.terminate (/snap/code/157/usr/share/code/resources/app/out/vs/workbench/api/node/extensionHostProcess.js:158:8077)
	at o.terminate (/snap/code/157/usr/share/code/resources/app/out/vs/workbench/api/node/extensionHostProcess.js:162:1513)
	at t (/snap/code/157/usr/share/code/resources/app/out/vs/workbench/api/node/extensionHostProcess.js:175:9917)
	at MessagePortMain.<anonymous> (/snap/code/157/usr/share/code/resources/app/out/vs/workbench/api/node/extensionHostProcess.js:175:6342)
	at MessagePortMain.emit (node:events:517:28)
	at MessagePortMain._internalPort.emit (node:electron/js2c/utility_init:2:2285) setContext undefined
2024-04-17 15:01:58.746 [info] Extension host with pid 61061 exiting with code 0
