2024-04-17 14:31:47.578 [info] Experiment 'pythonaa' is active
2024-04-17 14:31:47.578 [info] Experiment 'pythonRecommendTensorboardExt' is active
2024-04-17 14:31:47.578 [info] Experiment 'pythonREPLSmartSend' is active
2024-04-17 14:31:47.578 [info] Experiment 'pythonTerminalEnvVarActivation' is active
2024-04-17 14:31:47.578 [info] Experiment 'pythonTestAdapter' is active
2024-04-17 14:31:47.599 [info] Default formatter is set to null for workspace /opt/smart_farm_network_sim
2024-04-17 14:31:47.617 [info] Test server listening.
2024-04-17 14:31:47.624 [info] > conda info --json
2024-04-17 14:31:47.632 [info] > hatch env show --json
2024-04-17 14:31:47.632 [info] cwd: .
2024-04-17 14:31:47.951 [info] > pyenv which python
2024-04-17 14:31:47.951 [info] cwd: .
2024-04-17 14:31:47.955 [info] > pyenv which python
2024-04-17 14:31:47.955 [info] cwd: .
2024-04-17 14:31:47.980 [info] Found: /bin/python --> /bin/python2.7
2024-04-17 14:31:47.984 [info] Found: /bin/python2 --> /bin/python2.7
2024-04-17 14:31:47.985 [info] Found: /bin/python2.7 --> /bin/python2.7
2024-04-17 14:31:47.990 [info] Found: /bin/python3 --> /bin/python3.8
2024-04-17 14:31:47.990 [info] Found: /bin/python3.8 --> /bin/python3.8
2024-04-17 14:31:48.002 [info] Found: /usr/bin/python --> /usr/bin/python2.7
2024-04-17 14:31:48.002 [info] Found: /usr/bin/python2 --> /usr/bin/python2.7
2024-04-17 14:31:48.002 [info] Found: /usr/bin/python2.7 --> /usr/bin/python2.7
2024-04-17 14:31:48.002 [info] Found: /usr/bin/python3 --> /usr/bin/python3.8
2024-04-17 14:31:48.002 [info] Found: /usr/bin/python3.8 --> /usr/bin/python3.8
2024-04-17 14:31:48.023 [info] > /bin/python -I ~/.vscode/extensions/ms-python.python-2024.4.1/python_files/get_output_via_markers.py ~/.vscode/extensions/ms-python.python-2024.4.1/python_files/interpreterInfo.py
2024-04-17 14:31:48.028 [warning] [Error: Command failed: /bin/python -I /home/chandler/.vscode/extensions/ms-python.python-2024.4.1/python_files/get_output_via_markers.py /home/chandler/.vscode/extensions/ms-python.python-2024.4.1/python_files/interpreterInfo.py
Unknown option: -I
usage: /bin/python [option] ... [-c cmd | -m mod | file | -] [arg] ...
Try `python -h' for more information.

	at ChildProcess.exithandler (node:child_process:423:12)
	at ChildProcess.emit (node:events:529:35)
	at maybeClose (node:internal/child_process:1098:16)
	at ChildProcess._handle.onexit (node:internal/child_process:303:5)] {
  code: 2,
  killed: false,
  signal: null,
  cmd: '/bin/python -I /home/chandler/.vscode/extensions/ms-python.python-2024.4.1/python_files/get_output_via_markers.py /home/chandler/.vscode/extensions/ms-python.python-2024.4.1/python_files/interpreterInfo.py'
}
2024-04-17 14:31:48.028 [error] Support for Python 2.7 has been dropped by the Python extension so certain features may not work, upgrade to using Python 3.
2024-04-17 14:31:48.031 [info] > /bin/python ~/.vscode/extensions/ms-python.python-2024.4.1/python_files/get_output_via_markers.py ~/.vscode/extensions/ms-python.python-2024.4.1/python_files/interpreterInfo.py
2024-04-17 14:31:48.036 [info] > /bin/python3 -I ~/.vscode/extensions/ms-python.python-2024.4.1/python_files/get_output_via_markers.py ~/.vscode/extensions/ms-python.python-2024.4.1/python_files/interpreterInfo.py
2024-04-17 14:31:48.046 [info] > /usr/bin/python -I ~/.vscode/extensions/ms-python.python-2024.4.1/python_files/get_output_via_markers.py ~/.vscode/extensions/ms-python.python-2024.4.1/python_files/interpreterInfo.py
2024-04-17 14:31:48.049 [warning] [Error: Command failed: /usr/bin/python -I /home/chandler/.vscode/extensions/ms-python.python-2024.4.1/python_files/get_output_via_markers.py /home/chandler/.vscode/extensions/ms-python.python-2024.4.1/python_files/interpreterInfo.py
Unknown option: -I
usage: /usr/bin/python [option] ... [-c cmd | -m mod | file | -] [arg] ...
Try `python -h' for more information.

	at ChildProcess.exithandler (node:child_process:423:12)
	at ChildProcess.emit (node:events:529:35)
	at maybeClose (node:internal/child_process:1098:16)
	at Socket.<anonymous> (node:internal/child_process:450:11)
	at Socket.emit (node:events:517:28)
	at Pipe.<anonymous> (node:net:350:12)] {
  code: 2,
  killed: false,
  signal: null,
  cmd: '/usr/bin/python -I /home/chandler/.vscode/extensions/ms-python.python-2024.4.1/python_files/get_output_via_markers.py /home/chandler/.vscode/extensions/ms-python.python-2024.4.1/python_files/interpreterInfo.py'
}
2024-04-17 14:31:48.049 [error] Support for Python 2.7 has been dropped by the Python extension so certain features may not work, upgrade to using Python 3.
2024-04-17 14:31:48.052 [info] > /usr/bin/python ~/.vscode/extensions/ms-python.python-2024.4.1/python_files/get_output_via_markers.py ~/.vscode/extensions/ms-python.python-2024.4.1/python_files/interpreterInfo.py
2024-04-17 14:31:48.063 [info] > /usr/bin/python3 -I ~/.vscode/extensions/ms-python.python-2024.4.1/python_files/get_output_via_markers.py ~/.vscode/extensions/ms-python.python-2024.4.1/python_files/interpreterInfo.py
2024-04-17 14:31:48.102 [info] Python interpreter path: /bin/python3
2024-04-17 14:31:49.088 [info] Starting Pylance language server.
