2024-04-17 14:42:09.419 [info] Log level: Info
2024-04-17 14:42:09.419 [info] Validating found git in: "git"
2024-04-17 14:42:09.419 [info] Using git "2.25.1" from "git"
2024-04-17 14:42:09.419 [info] > git rev-parse --show-toplevel [1ms]
2024-04-17 14:42:09.419 [info] > git rev-parse --git-dir --git-common-dir [8ms]
2024-04-17 14:42:09.419 [info] Open repository: /opt/smart_farm_network_sim
2024-04-17 14:42:09.419 [info] > git rev-parse --show-toplevel [225ms]
2024-04-17 14:42:09.419 [info] > git config --get commit.template [228ms]
2024-04-17 14:42:09.425 [info] > git for-each-ref --format=%(refname)%00%(upstream:short)%00%(objectname)%00%(upstream:track)%00%(upstream:remotename)%00%(upstream:remoteref) refs/heads/master refs/remotes/master [2ms]
2024-04-17 14:42:09.433 [info] > git status -z -uall [3ms]
2024-04-17 14:42:09.448 [info] > git merge-base refs/heads/master refs/remotes/origin/master [10ms]
2024-04-17 14:42:09.488 [info] > git rev-list --count --left-right refs/heads/master...refs/remotes/origin/master [37ms]
2024-04-17 14:42:09.492 [info] > git config --get commit.template [45ms]
2024-04-17 14:42:09.507 [info] > git diff --name-status -z --diff-filter=ADMR 9f69e4b703a1f341ffdc597c4f16871498e8c99e...refs/remotes/origin/master [15ms]
2024-04-17 14:42:09.513 [info] > git for-each-ref --format=%(refname)%00%(upstream:short)%00%(objectname)%00%(upstream:track)%00%(upstream:remotename)%00%(upstream:remoteref) refs/heads/master refs/remotes/master [2ms]
2024-04-17 14:42:09.519 [info] > git status -z -uall [3ms]
2024-04-17 14:42:09.879 [info] > git check-ignore -v -z --stdin [12ms]
2024-04-17 14:42:15.114 [info] > git config --get commit.template [5ms]
2024-04-17 14:42:15.115 [info] > git for-each-ref --format=%(refname)%00%(upstream:short)%00%(objectname)%00%(upstream:track)%00%(upstream:remotename)%00%(upstream:remoteref) refs/heads/master refs/remotes/master [1ms]
2024-04-17 14:42:15.122 [info] > git status -z -uall [3ms]
2024-04-17 14:43:31.890 [info] > git config --get commit.template [5ms]
2024-04-17 14:43:31.890 [info] > git for-each-ref --format=%(refname)%00%(upstream:short)%00%(objectname)%00%(upstream:track)%00%(upstream:remotename)%00%(upstream:remoteref) refs/heads/master refs/remotes/master [1ms]
2024-04-17 14:43:31.896 [info] > git status -z -uall [2ms]
2024-04-17 14:52:41.051 [info] > git config --get commit.template [5ms]
2024-04-17 14:52:41.052 [info] > git for-each-ref --format=%(refname)%00%(upstream:short)%00%(objectname)%00%(upstream:track)%00%(upstream:remotename)%00%(upstream:remoteref) refs/heads/master refs/remotes/master [2ms]
2024-04-17 14:52:41.056 [info] > git status -z -uall [1ms]
2024-04-17 14:52:46.069 [info] > git config --get commit.template [5ms]
2024-04-17 14:52:46.070 [info] > git for-each-ref --format=%(refname)%00%(upstream:short)%00%(objectname)%00%(upstream:track)%00%(upstream:remotename)%00%(upstream:remoteref) refs/heads/master refs/remotes/master [2ms]
2024-04-17 14:52:46.077 [info] > git status -z -uall [3ms]
2024-04-17 14:52:51.089 [info] > git config --get commit.template [5ms]
2024-04-17 14:52:51.090 [info] > git for-each-ref --format=%(refname)%00%(upstream:short)%00%(objectname)%00%(upstream:track)%00%(upstream:remotename)%00%(upstream:remoteref) refs/heads/master refs/remotes/master [2ms]
2024-04-17 14:52:51.096 [info] > git status -z -uall [2ms]
2024-04-17 14:52:56.235 [info] > git config --get commit.template [4ms]
2024-04-17 14:52:56.237 [info] > git for-each-ref --format=%(refname)%00%(upstream:short)%00%(objectname)%00%(upstream:track)%00%(upstream:remotename)%00%(upstream:remoteref) refs/heads/master refs/remotes/master [2ms]
2024-04-17 14:52:56.243 [info] > git status -z -uall [3ms]
2024-04-17 14:53:47.351 [info] > git config --get commit.template [4ms]
2024-04-17 14:53:47.352 [info] > git for-each-ref --format=%(refname)%00%(upstream:short)%00%(objectname)%00%(upstream:track)%00%(upstream:remotename)%00%(upstream:remoteref) refs/heads/master refs/remotes/master [1ms]
2024-04-17 14:53:47.359 [info] > git status -z -uall [3ms]
2024-04-17 14:55:48.101 [info] > git config --get commit.template [5ms]
2024-04-17 14:55:48.103 [info] > git for-each-ref --format=%(refname)%00%(upstream:short)%00%(objectname)%00%(upstream:track)%00%(upstream:remotename)%00%(upstream:remoteref) refs/heads/master refs/remotes/master [2ms]
2024-04-17 14:55:48.108 [info] > git status -z -uall [2ms]
2024-04-17 14:56:26.579 [info] > git config --get commit.template [4ms]
2024-04-17 14:56:26.580 [info] > git for-each-ref --format=%(refname)%00%(upstream:short)%00%(objectname)%00%(upstream:track)%00%(upstream:remotename)%00%(upstream:remoteref) refs/heads/master refs/remotes/master [1ms]
2024-04-17 14:56:26.586 [info] > git status -z -uall [1ms]
2024-04-17 14:56:31.599 [info] > git config --get commit.template [4ms]
2024-04-17 14:56:31.600 [info] > git for-each-ref --format=%(refname)%00%(upstream:short)%00%(objectname)%00%(upstream:track)%00%(upstream:remotename)%00%(upstream:remoteref) refs/heads/master refs/remotes/master [2ms]
2024-04-17 14:56:31.606 [info] > git status -z -uall [1ms]
2024-04-17 14:56:41.068 [info] > git config --get commit.template [5ms]
2024-04-17 14:56:41.069 [info] > git for-each-ref --format=%(refname)%00%(upstream:short)%00%(objectname)%00%(upstream:track)%00%(upstream:remotename)%00%(upstream:remoteref) refs/heads/master refs/remotes/master [1ms]
2024-04-17 14:56:41.076 [info] > git status -z -uall [3ms]
2024-04-17 14:56:46.089 [info] > git config --get commit.template [6ms]
2024-04-17 14:56:46.090 [info] > git for-each-ref --format=%(refname)%00%(upstream:short)%00%(objectname)%00%(upstream:track)%00%(upstream:remotename)%00%(upstream:remoteref) refs/heads/master refs/remotes/master [1ms]
2024-04-17 14:56:46.099 [info] > git status -z -uall [2ms]
2024-04-17 14:56:51.112 [info] > git config --get commit.template [5ms]
2024-04-17 14:56:51.113 [info] > git for-each-ref --format=%(refname)%00%(upstream:short)%00%(objectname)%00%(upstream:track)%00%(upstream:remotename)%00%(upstream:remoteref) refs/heads/master refs/remotes/master [2ms]
2024-04-17 14:56:51.121 [info] > git status -z -uall [3ms]
2024-04-17 14:56:56.133 [info] > git config --get commit.template [5ms]
2024-04-17 14:56:56.134 [info] > git for-each-ref --format=%(refname)%00%(upstream:short)%00%(objectname)%00%(upstream:track)%00%(upstream:remotename)%00%(upstream:remoteref) refs/heads/master refs/remotes/master [2ms]
2024-04-17 14:56:56.141 [info] > git status -z -uall [3ms]
2024-04-17 14:57:41.723 [info] > git config --get commit.template [6ms]
2024-04-17 14:57:41.724 [info] > git for-each-ref --format=%(refname)%00%(upstream:short)%00%(objectname)%00%(upstream:track)%00%(upstream:remotename)%00%(upstream:remoteref) refs/heads/master refs/remotes/master [2ms]
2024-04-17 14:57:41.731 [info] > git status -z -uall [3ms]
2024-04-17 14:57:46.743 [info] > git config --get commit.template [5ms]
2024-04-17 14:57:46.744 [info] > git for-each-ref --format=%(refname)%00%(upstream:short)%00%(objectname)%00%(upstream:track)%00%(upstream:remotename)%00%(upstream:remoteref) refs/heads/master refs/remotes/master [1ms]
2024-04-17 14:57:46.751 [info] > git status -z -uall [3ms]
2024-04-17 14:57:55.036 [info] > git config --get commit.template [4ms]
2024-04-17 14:57:55.037 [info] > git for-each-ref --format=%(refname)%00%(upstream:short)%00%(objectname)%00%(upstream:track)%00%(upstream:remotename)%00%(upstream:remoteref) refs/heads/master refs/remotes/master [1ms]
2024-04-17 14:57:55.043 [info] > git status -z -uall [2ms]
2024-04-17 14:58:47.786 [info] > git config --get commit.template [4ms]
2024-04-17 14:58:47.787 [info] > git for-each-ref --format=%(refname)%00%(upstream:short)%00%(objectname)%00%(upstream:track)%00%(upstream:remotename)%00%(upstream:remoteref) refs/heads/master refs/remotes/master [1ms]
2024-04-17 14:58:47.791 [info] > git status -z -uall [2ms]
2024-04-17 14:58:52.806 [info] > git config --get commit.template [4ms]
2024-04-17 14:58:52.807 [info] > git for-each-ref --format=%(refname)%00%(upstream:short)%00%(objectname)%00%(upstream:track)%00%(upstream:remotename)%00%(upstream:remoteref) refs/heads/master refs/remotes/master [2ms]
2024-04-17 14:58:52.813 [info] > git status -z -uall [2ms]
