2024-04-17 14:28:48.620 [info] Started local extension host with pid 58182.
2024-04-17 14:28:48.664 [info] Started initializing default profile extensions in extensions installation folder. file:///home/chandler/.vscode/extensions
2024-04-17 14:28:48.956 [info] Completed initializing default profile extensions in extensions installation folder. file:///home/chandler/.vscode/extensions
2024-04-17 14:28:51.666 [info] [perf] Render performance baseline is 27ms
2024-04-17 14:29:12.862 [info] Started local extension host with pid 58274.
2024-04-17 14:29:15.512 [info] [perf] Render performance baseline is 24ms
2024-04-17 14:38:34.867 [error] Already in transaction: Error: Already in transaction
    at E.transact (vscode-file://vscode-app/snap/code/157/usr/share/code/resources/app/out/vs/workbench/workbench.desktop.main.js:192:1919)
    at T.Y (vscode-file://vscode-app/snap/code/157/usr/share/code/resources/app/out/vs/workbench/workbench.desktop.main.js:196:14730)
    at T.Y (vscode-file://vscode-app/snap/code/157/usr/share/code/resources/app/out/vs/workbench/workbench.desktop.main.js:1105:50585)
    at T.ib (vscode-file://vscode-app/snap/code/157/usr/share/code/resources/app/out/vs/workbench/workbench.desktop.main.js:196:19803)
    at n.y (vscode-file://vscode-app/snap/code/157/usr/share/code/resources/app/out/vs/workbench/workbench.desktop.main.js:89:659)
    at n.z (vscode-file://vscode-app/snap/code/157/usr/share/code/resources/app/out/vs/workbench/workbench.desktop.main.js:89:729)
    at n.fire (vscode-file://vscode-app/snap/code/157/usr/share/code/resources/app/out/vs/workbench/workbench.desktop.main.js:89:945)
    at u.value (vscode-file://vscode-app/snap/code/157/usr/share/code/resources/app/out/vs/workbench/workbench.desktop.main.js:192:48141)
    at n.y (vscode-file://vscode-app/snap/code/157/usr/share/code/resources/app/out/vs/workbench/workbench.desktop.main.js:89:659)
    at n.fire (vscode-file://vscode-app/snap/code/157/usr/share/code/resources/app/out/vs/workbench/workbench.desktop.main.js:89:876)
    at I.n (vscode-file://vscode-app/snap/code/157/usr/share/code/resources/app/out/vs/workbench/workbench.desktop.main.js:89:20355)
    at I.setScrollPositionNow (vscode-file://vscode-app/snap/code/157/usr/share/code/resources/app/out/vs/workbench/workbench.desktop.main.js:89:19353)
    at n.setScrollPosition (vscode-file://vscode-app/snap/code/157/usr/share/code/resources/app/out/vs/workbench/workbench.desktop.main.js:192:53397)
    at T.setScrollTop (vscode-file://vscode-app/snap/code/157/usr/share/code/resources/app/out/vs/workbench/workbench.desktop.main.js:196:17424)
    at f.vb (vscode-file://vscode-app/snap/code/157/usr/share/code/resources/app/out/vs/workbench/workbench.desktop.main.js:1660:49210)
    at f.sb (vscode-file://vscode-app/snap/code/157/usr/share/code/resources/app/out/vs/workbench/workbench.desktop.main.js:1660:47711)
    at f.revealRangeInCell (vscode-file://vscode-app/snap/code/157/usr/share/code/resources/app/out/vs/workbench/workbench.desktop.main.js:1660:47434)
    at Oe.revealRangeInViewAsync (vscode-file://vscode-app/snap/code/157/usr/share/code/resources/app/out/vs/workbench/workbench.desktop.main.js:2700:20072)
    at u.value (vscode-file://vscode-app/snap/code/157/usr/share/code/resources/app/out/vs/workbench/workbench.desktop.main.js:2564:114422)
    at n.y (vscode-file://vscode-app/snap/code/157/usr/share/code/resources/app/out/vs/workbench/workbench.desktop.main.js:89:659)
    at n.z (vscode-file://vscode-app/snap/code/157/usr/share/code/resources/app/out/vs/workbench/workbench.desktop.main.js:89:729)
    at n.fire (vscode-file://vscode-app/snap/code/157/usr/share/code/resources/app/out/vs/workbench/workbench.desktop.main.js:89:945)
    at u.value (vscode-file://vscode-app/snap/code/157/usr/share/code/resources/app/out/vs/workbench/workbench.desktop.main.js:757:16284)
    at n.y (vscode-file://vscode-app/snap/code/157/usr/share/code/resources/app/out/vs/workbench/workbench.desktop.main.js:89:659)
    at n.fire (vscode-file://vscode-app/snap/code/157/usr/share/code/resources/app/out/vs/workbench/workbench.desktop.main.js:89:876)
    at E.s (vscode-file://vscode-app/snap/code/157/usr/share/code/resources/app/out/vs/workbench/workbench.desktop.main.js:137:108379)
    at E.endEmitViewEvents (vscode-file://vscode-app/snap/code/157/usr/share/code/resources/app/out/vs/workbench/workbench.desktop.main.js:137:108880)
    at E.emitSingleViewEvent (vscode-file://vscode-app/snap/code/157/usr/share/code/resources/app/out/vs/workbench/workbench.desktop.main.js:137:108968)
    at p.setHasFocus (vscode-file://vscode-app/snap/code/157/usr/share/code/resources/app/out/vs/workbench/workbench.desktop.main.js:754:23543)
    at u.value (vscode-file://vscode-app/snap/code/157/usr/share/code/resources/app/out/vs/workbench/workbench.desktop.main.js:733:1134)
    at n.y (vscode-file://vscode-app/snap/code/157/usr/share/code/resources/app/out/vs/workbench/workbench.desktop.main.js:89:659)
    at n.fire (vscode-file://vscode-app/snap/code/157/usr/share/code/resources/app/out/vs/workbench/workbench.desktop.main.js:89:876)
    at o.M (vscode-file://vscode-app/snap/code/157/usr/share/code/resources/app/out/vs/workbench/workbench.desktop.main.js:655:13961)
    at u.value (vscode-file://vscode-app/snap/code/157/usr/share/code/resources/app/out/vs/workbench/workbench.desktop.main.js:655:12645)
    at n.y (vscode-file://vscode-app/snap/code/157/usr/share/code/resources/app/out/vs/workbench/workbench.desktop.main.js:89:659)
    at n.fire (vscode-file://vscode-app/snap/code/157/usr/share/code/resources/app/out/vs/workbench/workbench.desktop.main.js:89:876)
    at HTMLTextAreaElement.y (vscode-file://vscode-app/snap/code/157/usr/share/code/resources/app/out/vs/workbench/workbench.desktop.main.js:89:7054)
    at R.HTMLElement.focus (vscode-file://vscode-app/snap/code/157/usr/share/code/resources/app/out/vs/workbench/workbench.desktop.main.js:1640:19216)
    at f.domFocus (vscode-file://vscode-app/snap/code/157/usr/share/code/resources/app/out/vs/workbench/workbench.desktop.main.js:239:9048)
    at f.focusContainer (vscode-file://vscode-app/snap/code/157/usr/share/code/resources/app/out/vs/workbench/workbench.desktop.main.js:1660:51479)
    at Oe.focusContainer (vscode-file://vscode-app/snap/code/157/usr/share/code/resources/app/out/vs/workbench/workbench.desktop.main.js:2700:17596)
    at f.dispose (vscode-file://vscode-app/snap/code/157/usr/share/code/resources/app/out/vs/workbench/workbench.desktop.main.js:2564:118738)
    at u (vscode-file://vscode-app/snap/code/157/usr/share/code/resources/app/out/vs/workbench/workbench.desktop.main.js:37:714)
    at n.clear (vscode-file://vscode-app/snap/code/157/usr/share/code/resources/app/out/vs/workbench/workbench.desktop.main.js:37:1307)
    at K.disposeElement (vscode-file://vscode-app/snap/code/157/usr/share/code/resources/app/out/vs/workbench/workbench.desktop.main.js:2564:126225)
    at Q.disposeElement (vscode-file://vscode-app/snap/code/157/usr/share/code/resources/app/out/vs/workbench/workbench.desktop.main.js:239:2249)
    at T.db (vscode-file://vscode-app/snap/code/157/usr/share/code/resources/app/out/vs/workbench/workbench.desktop.main.js:196:17136)
    at vscode-file://vscode-app/snap/code/157/usr/share/code/resources/app/out/vs/workbench/workbench.desktop.main.js:196:14796
    at E.transact (vscode-file://vscode-app/snap/code/157/usr/share/code/resources/app/out/vs/workbench/workbench.desktop.main.js:192:1969)
    at T.Y (vscode-file://vscode-app/snap/code/157/usr/share/code/resources/app/out/vs/workbench/workbench.desktop.main.js:196:14730)
    at T.Y (vscode-file://vscode-app/snap/code/157/usr/share/code/resources/app/out/vs/workbench/workbench.desktop.main.js:1105:50585)
    at T.updateElementHeight (vscode-file://vscode-app/snap/code/157/usr/share/code/resources/app/out/vs/workbench/workbench.desktop.main.js:196:10813)
    at f.updateElementHeight2 (vscode-file://vscode-app/snap/code/157/usr/share/code/resources/app/out/vs/workbench/workbench.desktop.main.js:1660:50805)
    at Ee (vscode-file://vscode-app/snap/code/157/usr/share/code/resources/app/out/vs/workbench/workbench.desktop.main.js:2700:22800)
    at Oe.layoutNotebookCell (vscode-file://vscode-app/snap/code/157/usr/share/code/resources/app/out/vs/workbench/workbench.desktop.main.js:2700:23007)
    at u.value (vscode-file://vscode-app/snap/code/157/usr/share/code/resources/app/out/vs/workbench/workbench.desktop.main.js:2700:11241)
    at f.y (vscode-file://vscode-app/snap/code/157/usr/share/code/resources/app/out/vs/workbench/workbench.desktop.main.js:89:659)
    at f.z (vscode-file://vscode-app/snap/code/157/usr/share/code/resources/app/out/vs/workbench/workbench.desktop.main.js:89:729)
    at f.fire (vscode-file://vscode-app/snap/code/157/usr/share/code/resources/app/out/vs/workbench/workbench.desktop.main.js:89:945)
    at f.fire (vscode-file://vscode-app/snap/code/157/usr/share/code/resources/app/out/vs/workbench/workbench.desktop.main.js:89:2074)
    at u.tb (vscode-file://vscode-app/snap/code/157/usr/share/code/resources/app/out/vs/workbench/workbench.desktop.main.js:1693:50846)
    at u.layoutChange (vscode-file://vscode-app/snap/code/157/usr/share/code/resources/app/out/vs/workbench/workbench.desktop.main.js:1693:50756)
    at set editorHeight [as editorHeight] (vscode-file://vscode-app/snap/code/157/usr/share/code/resources/app/out/vs/workbench/workbench.desktop.main.js:1693:45148)
    at f.jb (vscode-file://vscode-app/snap/code/157/usr/share/code/resources/app/out/vs/workbench/workbench.desktop.main.js:2564:118565)
    at u.value (vscode-file://vscode-app/snap/code/157/usr/share/code/resources/app/out/vs/workbench/workbench.desktop.main.js:2564:114113)
    at n.y (vscode-file://vscode-app/snap/code/157/usr/share/code/resources/app/out/vs/workbench/workbench.desktop.main.js:89:659)
    at n.fire (vscode-file://vscode-app/snap/code/157/usr/share/code/resources/app/out/vs/workbench/workbench.desktop.main.js:89:876)
    at u.value (vscode-file://vscode-app/snap/code/157/usr/share/code/resources/app/out/vs/workbench/workbench.desktop.main.js:757:15325)
    at n.y (vscode-file://vscode-app/snap/code/157/usr/share/code/resources/app/out/vs/workbench/workbench.desktop.main.js:89:659)
    at n.fire (vscode-file://vscode-app/snap/code/157/usr/share/code/resources/app/out/vs/workbench/workbench.desktop.main.js:89:876)
    at E.s (vscode-file://vscode-app/snap/code/157/usr/share/code/resources/app/out/vs/workbench/workbench.desktop.main.js:137:108379)
    at E.endEmitViewEvents (vscode-file://vscode-app/snap/code/157/usr/share/code/resources/app/out/vs/workbench/workbench.desktop.main.js:137:108880)
    at p.S (vscode-file://vscode-app/snap/code/157/usr/share/code/resources/app/out/vs/workbench/workbench.desktop.main.js:755:4093)
    at p.R (vscode-file://vscode-app/snap/code/157/usr/share/code/resources/app/out/vs/workbench/workbench.desktop.main.js:755:2804)
    at p.executeCommands (vscode-file://vscode-app/snap/code/157/usr/share/code/resources/app/out/vs/workbench/workbench.desktop.main.js:755:3266)
    at H.executeCommands (vscode-file://vscode-app/snap/code/157/usr/share/code/resources/app/out/vs/workbench/workbench.desktop.main.js:757:9295)
    at R.runCoreEditingCommand (vscode-file://vscode-app/snap/code/157/usr/share/code/resources/app/out/vs/workbench/workbench.desktop.main.js:693:35420)
    at R.runEditorCommand (vscode-file://vscode-app/snap/code/157/usr/share/code/resources/app/out/vs/workbench/workbench.desktop.main.js:693:33686)
    at vscode-file://vscode-app/snap/code/157/usr/share/code/resources/app/out/vs/workbench/workbench.desktop.main.js:693:3575
    at vscode-file://vscode-app/snap/code/157/usr/share/code/resources/app/out/vs/workbench/workbench.desktop.main.js:693:3486
    at m.invokeFunction (vscode-file://vscode-app/snap/code/157/usr/share/code/resources/app/out/vs/workbench/workbench.desktop.main.js:650:326)
    at H.invokeWithinContext (vscode-file://vscode-app/snap/code/157/usr/share/code/resources/app/out/vs/workbench/workbench.desktop.main.js:755:12334)
    at r.runEditorCommand (vscode-file://vscode-app/snap/code/157/usr/share/code/resources/app/out/vs/workbench/workbench.desktop.main.js:693:3408)
    at R.runCommand (vscode-file://vscode-app/snap/code/157/usr/share/code/resources/app/out/vs/workbench/workbench.desktop.main.js:693:3522)
    at handler (vscode-file://vscode-app/snap/code/157/usr/share/code/resources/app/out/vs/workbench/workbench.desktop.main.js:693:2063)
    at m.invokeFunction (vscode-file://vscode-app/snap/code/157/usr/share/code/resources/app/out/vs/workbench/workbench.desktop.main.js:650:326)
    at S.n (vscode-file://vscode-app/snap/code/157/usr/share/code/resources/app/out/vs/workbench/workbench.desktop.main.js:1602:23141)
    at S.executeCommand (vscode-file://vscode-app/snap/code/157/usr/share/code/resources/app/out/vs/workbench/workbench.desktop.main.js:1602:22729)
    at q.M (vscode-file://vscode-app/snap/code/157/usr/share/code/resources/app/out/vs/workbench/workbench.desktop.main.js:654:14157)
    at q.J (vscode-file://vscode-app/snap/code/157/usr/share/code/resources/app/out/vs/workbench/workbench.desktop.main.js:654:11833)
    at vscode-file://vscode-app/snap/code/157/usr/share/code/resources/app/out/vs/workbench/workbench.desktop.main.js:2237:54996
