2024-04-17 14:28:48.564 [info] Added views:workbench.panel.markers.view in workbench.panel.markers
2024-04-17 14:28:48.564 [info] Added views:workbench.panel.output in workbench.panel.output
2024-04-17 14:28:48.564 [info] Added views:terminal in terminal
2024-04-17 14:28:48.564 [info] Added views:outline in workbench.view.explorer
2024-04-17 14:28:48.564 [info] Added views:workbench.scm in workbench.view.scm
2024-04-17 14:28:48.564 [info] Added views:workbench.view.search in workbench.view.search
2024-04-17 14:28:48.564 [info] Added views:timeline in workbench.view.explorer
2024-04-17 14:28:48.564 [info] Added views:workbench.explorer.emptyView in workbench.view.explorer
2024-04-17 14:28:48.849 [info] Added views:workbench.debug.variablesView,workbench.debug.watchExpressionsView,workbench.debug.callStackView,workbench.debug.breakPointsView in workbench.view.debug
2024-04-17 14:28:49.045 [info] Added views:~remote.forwardedPorts in ~remote.forwardedPortsContainer
2024-04-17 14:28:49.110 [info] Added views:workbench.panel.repl.view in workbench.panel.repl
2024-04-17 14:28:49.111 [info] Removed views:workbench.debug.breakPointsView,workbench.debug.callStackView,workbench.debug.watchExpressionsView,workbench.debug.variablesView from workbench.view.debug
2024-04-17 14:28:49.111 [info] Added views:workbench.debug.welcome in workbench.view.debug
2024-04-17 14:29:12.823 [info] Added views:workbench.panel.markers.view in workbench.panel.markers
2024-04-17 14:29:12.823 [info] Added views:workbench.panel.output in workbench.panel.output
2024-04-17 14:29:12.823 [info] Added views:terminal in terminal
2024-04-17 14:29:12.823 [info] Added views:outline in workbench.view.explorer
2024-04-17 14:29:12.823 [info] Added views:workbench.scm in workbench.view.scm
2024-04-17 14:29:12.823 [info] Added views:workbench.view.search in workbench.view.search
2024-04-17 14:29:12.823 [info] Added views:timeline in workbench.view.explorer
2024-04-17 14:29:12.823 [info] Added views:workbench.explorer.fileView in workbench.view.explorer
2024-04-17 14:29:12.900 [info] Added views:workbench.debug.variablesView,workbench.debug.watchExpressionsView,workbench.debug.callStackView,workbench.debug.breakPointsView in workbench.view.debug
2024-04-17 14:29:12.975 [info] Added views:~remote.forwardedPorts in ~remote.forwardedPortsContainer
2024-04-17 14:29:13.124 [info] Added views:workbench.panel.repl.view in workbench.panel.repl
2024-04-17 14:29:13.125 [info] Removed views:workbench.debug.breakPointsView,workbench.debug.callStackView,workbench.debug.watchExpressionsView,workbench.debug.variablesView from workbench.view.debug
2024-04-17 14:29:13.125 [info] Added views:workbench.debug.welcome in workbench.view.debug
2024-04-17 14:31:45.601 [info] Added views:jupyterViewVariables,cell-tag in workbench.view.extension.jupyter-variables
2024-04-17 14:31:47.598 [info] Added views:workbench.view.testing in workbench.view.extension.test
2024-04-17 14:41:40.052 [info] Removed views:workbench.view.testing from workbench.view.extension.test
