Visual Studio Code (1.88.1, undefined, desktop)
Jupyter Extension Version: 2024.3.1.
Python Extension Version: 2024.4.1.
Pylance Extension Version: 2024.4.1.
Platform: linux (x64).
Workspace folder /opt/smart_farm_network_sim, Home = /home/chandler
15:05:31.946 [info] Starting Kernel startUsingPythonInterpreter, .jvsc74a57bd0916dbcbb3f70747c44a77c7bcd40155683ae19c65e1c03b4aa3499c5328201f1./bin/python3./bin/python3.-m#ipykernel_launcher  (Python Path: /bin/python3, Unknown, Python 3.8.10, 3.8.10) for '/opt/smart_farm_network_sim/smart_farm/analysis.ipynb' (disableUI=true)
15:05:32.120 [warn] Failed to get activated env vars for /bin/python3 in 174ms
15:05:32.122 [warn] Failed to get activated env vars for /bin/python3 in 161ms
15:05:32.129 [info] Process Execution: /bin/python3 -c "import site;print("USER_BASE_VALUE");print(site.USER_BASE);print("USER_BASE_VALUE");"
15:05:32.146 [error] Unable to determine site packages path for python /bin/python3 (Unknown)
15:05:32.146 [error] Unable to determine site packages path for python /bin/python3 (Unknown)
15:05:32.150 [info] Process Execution: /bin/python3 -m pip list
15:05:32.153 [info] Process Execution: /bin/python3 -c "import ipykernel; print(ipykernel.__version__); print("5dc3a68c-e34e-4080-9c3e-2a532b2ccb4d"); print(ipykernel.__file__)"
15:05:32.157 [info] Process Execution: /bin/python3 -m ipykernel_launcher --f=~/.local/share/jupyter/runtime/kernel-v2-619152oXzht2V1HA1.json
    > cwd: /opt/smart_farm_network_sim/smart_farm
15:05:32.668 [info] Process Execution: /bin/python3 ~/.vscode/extensions/ms-toolsai.jupyter-2024.3.1-linux-x64/pythonFiles/printJupyterDataDir.py
15:15:30.088 [info] Disposing HostJupyterExecution
15:15:30.088 [info] Dispose Kernel '/opt/smart_farm_network_sim/smart_farm/analysis.ipynb' associated with '/opt/smart_farm_network_sim/smart_farm/analysis.ipynb'
15:15:30.094 [info] Disposing HostJupyterExecution
