2024-11-13T02:35:44.142Z 0: 

----------------------------------------------
2024-11-13T02:35:44.147Z 1: Discord starting: {"releaseChannel":"stable","version":"0.0.74"}, modulepath: /home/chandler/.config/discord/0.0.74/modules
2024-11-13T02:35:44.151Z 2: ✅ webContents.created web1 "index.html"
2024-11-13T02:35:44.157Z 3: ✅ window.created win1 "discord"
2024-11-13T02:35:44.302Z 4: ✅ webContents.did-finish-load web1
2024-11-13T02:35:52.027Z 5: ✅ webContents.created web2 ""
2024-11-13T02:35:52.033Z 6: ✅ window.created win2 "Discord"
2024-11-13T02:35:54.434Z 7: ✅ webContents.did-finish-load web2
2024-11-13T02:35:54.534Z 8: window.close win1
2024-11-13T02:35:54.539Z 9: webContents.destroyed web1
2024-11-13T02:35:54.540Z 10: window.closed win1
2024-11-13T03:56:25.029Z 11: window.close win2
2024-11-13T04:59:13.324Z 0: 

----------------------------------------------
2024-11-13T04:59:13.331Z 1: Discord starting: {"releaseChannel":"stable","version":"0.0.74"}, modulepath: /home/chandler/.config/discord/0.0.74/modules
2024-11-13T05:37:53.523Z 12: before-quit
2024-11-13T05:37:53.526Z 13: window.close win2
2024-11-13T05:37:53.632Z 14: webContents.destroyed web2
2024-11-14T01:08:57.938Z 0: 

----------------------------------------------
2024-11-14T01:08:57.947Z 1: Discord starting: {"releaseChannel":"stable","version":"0.0.74"}, modulepath: /home/chandler/.config/discord/0.0.74/modules
2024-11-14T01:08:57.949Z 2: ✅ webContents.created web1 ""
2024-11-14T01:08:57.951Z 3: ✅ window.created win1 "discord"
2024-11-14T01:08:58.102Z 4: ✅ webContents.did-finish-load web1
2024-11-14T01:08:58.466Z 5: ✅ webContents.created web2 ""
2024-11-14T01:08:58.470Z 6: ✅ window.created win2 "Discord"
2024-11-14T01:09:00.904Z 7: ✅ webContents.did-finish-load web2
2024-11-14T01:09:01.005Z 8: window.close win1
2024-11-14T01:09:01.011Z 9: webContents.destroyed web1
2024-11-14T01:09:01.012Z 10: window.closed win1
2024-11-14T05:17:40.495Z 11: window.close win2
2024-11-14T05:17:46.044Z 12: before-quit
2024-11-14T05:17:46.046Z 13: window.close win2
2024-11-14T05:17:46.130Z 14: webContents.destroyed web2
2024-11-14T05:17:46.140Z 15: window.closed win2
2024-11-15T15:53:58.522Z 0: 

----------------------------------------------
2024-11-15T15:53:58.530Z 1: Discord starting: {"releaseChannel":"stable","version":"0.0.74"}, modulepath: /home/chandler/.config/discord/0.0.74/modules
2024-11-15T15:53:58.532Z 2: ✅ webContents.created web1 ""
2024-11-15T15:53:58.534Z 3: ✅ window.created win1 "discord"
2024-11-15T15:53:58.664Z 4: ✅ webContents.did-finish-load web1
2024-11-15T15:53:59.067Z 5: ✅ webContents.created web2 ""
2024-11-15T15:53:59.072Z 6: ✅ window.created win2 "Discord"
2024-11-15T15:54:01.827Z 7: ✅ webContents.did-finish-load web2
2024-11-15T15:54:01.928Z 8: window.close win1
2024-11-15T15:54:01.941Z 9: webContents.destroyed web1
2024-11-15T15:54:01.942Z 10: window.closed win1
2024-11-22T01:13:12.334Z 11: window.close win2
