Visual Studio Code (1.88.1, undefined, desktop)
Jupyter Extension Version: 2024.3.1.
Python Extension Version: 2024.4.1.
Pylance Extension Version: 2024.4.1.
Platform: linux (x64).
Workspace folder /opt/smart_farm_network_sim, Home = /home/chandler
14:42:09.817 [info] Starting Kernel startUsingPythonInterpreter, .jvsc74a57bd0916dbcbb3f70747c44a77c7bcd40155683ae19c65e1c03b4aa3499c5328201f1./bin/python3./bin/python3.-m#ipykernel_launcher  (Python Path: /bin/python3, Unknown, Python 3.8.10, 3.8.10) for '/opt/smart_farm_network_sim/smart_farm/analysis.ipynb' (disableUI=true)
14:42:09.887 [warn] Failed to get activated env vars for /bin/python3 in 71ms
14:42:09.889 [warn] Failed to get activated env vars for /bin/python3 in 61ms
14:42:09.893 [info] Process Execution: /bin/python3 -c "import site;print("USER_BASE_VALUE");print(site.USER_BASE);print("USER_BASE_VALUE");"
14:42:09.905 [error] Unable to determine site packages path for python /bin/python3 (Unknown)
14:42:09.906 [error] Unable to determine site packages path for python /bin/python3 (Unknown)
14:42:09.909 [info] Process Execution: /bin/python3 -m pip list
14:42:09.912 [info] Process Execution: /bin/python3 -c "import ipykernel; print(ipykernel.__version__); print("5dc3a68c-e34e-4080-9c3e-2a532b2ccb4d"); print(ipykernel.__file__)"
14:42:09.915 [info] Process Execution: /bin/python3 -m ipykernel_launcher --f=~/.local/share/jupyter/runtime/kernel-v2-597656NbDYwWEGj6m.json
    > cwd: /opt/smart_farm_network_sim/smart_farm
14:42:10.421 [info] Process Execution: /bin/python3 ~/.vscode/extensions/ms-toolsai.jupyter-2024.3.1-linux-x64/pythonFiles/printJupyterDataDir.py
14:42:13.386 [info] Handle Execution of Cells 2,4,6 for /opt/smart_farm_network_sim/smart_farm/analysis.ipynb
14:42:13.664 [info] Cell 2 completed in 0.271s (start: 1713379333393, end: 1713379333664)
14:42:13.878 [info] Cell 4 completed in 0.207s (start: 1713379333671, end: 1713379333878)
14:42:14.248 [info] Cell 6 completed in 0.364s (start: 1713379333884, end: 1713379334248)
14:42:25.655 [info] Handle Execution of Cells 6 for /opt/smart_farm_network_sim/smart_farm/analysis.ipynb
14:42:25.675 [info] Cell 6 completed in 0.003s (start: 1713379345672, end: 1713379345675)
14:43:07.805 [info] Handle Execution of Cells 6 for /opt/smart_farm_network_sim/smart_farm/analysis.ipynb
14:43:07.814 [warn] Cell completed with errors [hd [Error]: unexpected indent (1723311381.py, line 5)
	at r.execute (~/.vscode/extensions/ms-toolsai.jupyter-2024.3.1-linux-x64/dist/extension.node.js:327:4943)] {
  ename: 'IndentationError',
  evalue: 'unexpected indent (1723311381.py, line 5)',
  traceback: [
    '\x1B[0;36m  Cell \x1B[0;32mIn[5], line 5\x1B[0;36m\x1B[0m\n' +
      '\x1B[0;31m    pivot_df = pivot_df.astype(int)\x1B[0m\n' +
      '\x1B[0m    ^\x1B[0m\n' +
      '\x1B[0;31mIndentationError\x1B[0m\x1B[0;31m:\x1B[0m unexpected indent\n'
  ]
}
14:43:07.815 [info] Cell 6 completed in 0.003s (start: 1713379387811, end: 1713379387814)
14:43:12.807 [info] Execution of code ms-toolsai.jupyter-1 completed in 12ms
14:43:13.054 [info] Handle Execution of Cells 6 for /opt/smart_farm_network_sim/smart_farm/analysis.ipynb
14:43:13.071 [info] Cell 6 completed in 0.002s (start: 1713379393069, end: 1713379393071)
14:43:16.028 [info] Handle Execution of Cells 6 for /opt/smart_farm_network_sim/smart_farm/analysis.ipynb
14:43:16.046 [info] Cell 6 completed in 0.002s (start: 1713379396044, end: 1713379396046)
14:43:23.645 [info] Handle Execution of Cells 6 for /opt/smart_farm_network_sim/smart_farm/analysis.ipynb
14:43:23.663 [info] Cell 6 completed in 0.008s (start: 1713379403655, end: 1713379403663)
14:43:32.216 [info] Handle Execution of Cells 6 for /opt/smart_farm_network_sim/smart_farm/analysis.ipynb
14:43:32.231 [info] Cell 6 completed in 0.005s (start: 1713379412226, end: 1713379412231)
14:43:53.931 [info] Handle Execution of Cells 6 for /opt/smart_farm_network_sim/smart_farm/analysis.ipynb
14:43:53.950 [info] Cell 6 completed in 0.009s (start: 1713379433941, end: 1713379433950)
14:44:55.028 [info] Handle Execution of Cells 6 for /opt/smart_farm_network_sim/smart_farm/analysis.ipynb
14:44:55.212 [info] Cell 6 completed in 0.17s (start: 1713379495041, end: 1713379495211)
14:46:19.958 [info] Handle Execution of Cells 6 for /opt/smart_farm_network_sim/smart_farm/analysis.ipynb
14:46:20.301 [warn] Cell completed with errors [hd [Error]: 'int' object has no attribute 'split'
	at r.execute (~/.vscode/extensions/ms-toolsai.jupyter-2024.3.1-linux-x64/dist/extension.node.js:327:4943)] {
  ename: 'AttributeError',
  evalue: "'int' object has no attribute 'split'",
  traceback: [
    '\x1B[0;31m---------------------------------------------------------------------------\x1B[0m',
    '\x1B[0;31mAttributeError\x1B[0m                            Traceback (most recent call last)',
    'Cell \x1B[0;32mIn[12], line 5\x1B[0m\n' +
      '\x1B[1;32m      2\x1B[0m \x1B[38;5;28;01mimport\x1B[39;00m \x1B[38;5;21;01mnumpy\x1B[39;00m \x1B[38;5;28;01mas\x1B[39;00m \x1B[38;5;21;01mnp\x1B[39;00m\n' +
      "\x1B[1;32m      4\x1B[0m pivot_df \x1B[38;5;241m=\x1B[39m df\x1B[38;5;241m.\x1B[39mpivot_table(index\x1B[38;5;241m=\x1B[39m\x1B[38;5;124m'\x1B[39m\x1B[38;5;124mmodule\x1B[39m\x1B[38;5;124m'\x1B[39m, columns\x1B[38;5;241m=\x1B[39m\x1B[38;5;124m'\x1B[39m\x1B[38;5;124mname\x1B[39m\x1B[38;5;124m'\x1B[39m, values\x1B[38;5;241m=\x1B[39m\x1B[38;5;124m'\x1B[39m\x1B[38;5;124mvalue\x1B[39m\x1B[38;5;124m'\x1B[39m, aggfunc\x1B[38;5;241m=\x1B[39m\x1B[38;5;124m'\x1B[39m\x1B[38;5;124msum\x1B[39m\x1B[38;5;124m'\x1B[39m)\n" +
      "\x1B[0;32m----> 5\x1B[0m df\x1B[38;5;241m.\x1B[39mindex \x1B[38;5;241m=\x1B[39m \x1B[43mdf\x1B[49m\x1B[38;5;241;43m.\x1B[39;49m\x1B[43mindex\x1B[49m\x1B[38;5;241;43m.\x1B[39;49m\x1B[43mmap\x1B[49m\x1B[43m(\x1B[49m\x1B[38;5;28;43;01mlambda\x1B[39;49;00m\x1B[43m \x1B[49m\x1B[43mx\x1B[49m\x1B[43m:\x1B[49m\x1B[43m \x1B[49m\x1B[43mx\x1B[49m\x1B[38;5;241;43m.\x1B[39;49m\x1B[43msplit\x1B[49m\x1B[43m(\x1B[49m\x1B[38;5;124;43m'\x1B[39;49m\x1B[38;5;124;43m.\x1B[39;49m\x1B[38;5;124;43m'\x1B[39;49m\x1B[43m)\x1B[49m\x1B[43m[\x1B[49m\x1B[38;5;241;43m1\x1B[39;49m\x1B[43m]\x1B[49m\x1B[43m)\x1B[49m\n" +
      '\x1B[1;32m      7\x1B[0m pivot_df \x1B[38;5;241m=\x1B[39m pivot_df\x1B[38;5;241m.\x1B[39mastype(\x1B[38;5;28mint\x1B[39m)\n' +
      '\x1B[1;32m      9\x1B[0m modules \x1B[38;5;241m=\x1B[39m pivot_df\x1B[38;5;241m.\x1B[39mindex\n',
    'File \x1B[0;32m~/.local/lib/python3.8/site-packages/pandas/core/indexes/base.py:5506\x1B[0m, in \x1B[0;36mIndex.map\x1B[0;34m(self, mapper, na_action)\x1B[0m\n' +
      '\x1B[1;32m   5486\x1B[0m \x1B[38;5;250m\x1B[39m\x1B[38;5;124;03m"""\x1B[39;00m\n' +
      '\x1B[1;32m   5487\x1B[0m \x1B[38;5;124;03mMap values using input correspondence (a dict, Series, or function).\x1B[39;00m\n' +
      '\x1B[1;32m   5488\x1B[0m \n' +
      '\x1B[0;32m   (...)\x1B[0m\n' +
      '\x1B[1;32m   5502\x1B[0m \x1B[38;5;124;03m    a MultiIndex will be returned.\x1B[39;00m\n' +
      '\x1B[1;32m   5503\x1B[0m \x1B[38;5;124;03m"""\x1B[39;00m\n' +
      '\x1B[1;32m   5504\x1B[0m \x1B[38;5;28;01mfrom\x1B[39;00m \x1B[38;5;21;01mpandas\x1B[39;00m\x1B[38;5;21;01m.\x1B[39;00m\x1B[38;5;21;01mcore\x1B[39;00m\x1B[38;5;21;01m.\x1B[39;00m\x1B[38;5;21;01mindexes\x1B[39;00m\x1B[38;5;21;01m.\x1B[39;00m\x1B[38;5;21;01mmulti\x1B[39;00m \x1B[38;5;28;01mimport\x1B[39;00m MultiIndex\n' +
      '\x1B[0;32m-> 5506\x1B[0m new_values \x1B[38;5;241m=\x1B[39m \x1B[38;5;28;43mself\x1B[39;49m\x1B[38;5;241;43m.\x1B[39;49m\x1B[43m_map_values\x1B[49m\x1B[43m(\x1B[49m\x1B[43mmapper\x1B[49m\x1B[43m,\x1B[49m\x1B[43m \x1B[49m\x1B[43mna_action\x1B[49m\x1B[38;5;241;43m=\x1B[39;49m\x1B[43mna_action\x1B[49m\x1B[43m)\x1B[49m\n' +
      '\x1B[1;32m   5508\x1B[0m attributes \x1B[38;5;241m=\x1B[39m \x1B[38;5;28mself\x1B[39m\x1B[38;5;241m.\x1B[39m_get_attributes_dict()\n' +
      '\x1B[1;32m   5510\x1B[0m \x1B[38;5;66;03m# we can return a MultiIndex\x1B[39;00m\n',
    'File \x1B[0;32m~/.local/lib/python3.8/site-packages/pandas/core/base.py:870\x1B[0m, in \x1B[0;36mIndexOpsMixin._map_values\x1B[0;34m(self, mapper, na_action)\x1B[0m\n' +
      '\x1B[1;32m    867\x1B[0m         \x1B[38;5;28;01mraise\x1B[39;00m \x1B[38;5;167;01mValueError\x1B[39;00m(msg)\n' +
      '\x1B[1;32m    869\x1B[0m \x1B[38;5;66;03m# mapper is a function\x1B[39;00m\n' +
      '\x1B[0;32m--> 870\x1B[0m new_values \x1B[38;5;241m=\x1B[39m \x1B[43mmap_f\x1B[49m\x1B[43m(\x1B[49m\x1B[43mvalues\x1B[49m\x1B[43m,\x1B[49m\x1B[43m \x1B[49m\x1B[43mmapper\x1B[49m\x1B[43m)\x1B[49m\n' +
      '\x1B[1;32m    872\x1B[0m \x1B[38;5;28;01mreturn\x1B[39;00m new_values\n',
    'File \x1B[0;32m~/.local/lib/python3.8/site-packages/pandas/_libs/lib.pyx:2859\x1B[0m, in \x1B[0;36mpandas._libs.lib.map_infer\x1B[0;34m()\x1B[0m\n',
    'Cell \x1B[0;32mIn[12], line 5\x1B[0m, in \x1B[0;36m<lambda>\x1B[0;34m(x)\x1B[0m\n' +
      '\x1B[1;32m      2\x1B[0m \x1B[38;5;28;01mimport\x1B[39;00m \x1B[38;5;21;01mnumpy\x1B[39;00m \x1B[38;5;28;01mas\x1B[39;00m \x1B[38;5;21;01mnp\x1B[39;00m\n' +
      "\x1B[1;32m      4\x1B[0m pivot_df \x1B[38;5;241m=\x1B[39m df\x1B[38;5;241m.\x1B[39mpivot_table(index\x1B[38;5;241m=\x1B[39m\x1B[38;5;124m'\x1B[39m\x1B[38;5;124mmodule\x1B[39m\x1B[38;5;124m'\x1B[39m, columns\x1B[38;5;241m=\x1B[39m\x1B[38;5;124m'\x1B[39m\x1B[38;5;124mname\x1B[39m\x1B[38;5;124m'\x1B[39m, values\x1B[38;5;241m=\x1B[39m\x1B[38;5;124m'\x1B[39m\x1B[38;5;124mvalue\x1B[39m\x1B[38;5;124m'\x1B[39m, aggfunc\x1B[38;5;241m=\x1B[39m\x1B[38;5;124m'\x1B[39m\x1B[38;5;124msum\x1B[39m\x1B[38;5;124m'\x1B[39m)\n" +
      "\x1B[0;32m----> 5\x1B[0m df\x1B[38;5;241m.\x1B[39mindex \x1B[38;5;241m=\x1B[39m df\x1B[38;5;241m.\x1B[39mindex\x1B[38;5;241m.\x1B[39mmap(\x1B[38;5;28;01mlambda\x1B[39;00m x: \x1B[43mx\x1B[49m\x1B[38;5;241;43m.\x1B[39;49m\x1B[43msplit\x1B[49m(\x1B[38;5;124m'\x1B[39m\x1B[38;5;124m.\x1B[39m\x1B[38;5;124m'\x1B[39m)[\x1B[38;5;241m1\x1B[39m])\n" +
      '\x1B[1;32m      7\x1B[0m pivot_df \x1B[38;5;241m=\x1B[39m pivot_df\x1B[38;5;241m.\x1B[39mastype(\x1B[38;5;28mint\x1B[39m)\n' +
      '\x1B[1;32m      9\x1B[0m modules \x1B[38;5;241m=\x1B[39m pivot_df\x1B[38;5;241m.\x1B[39mindex\n',
    "\x1B[0;31mAttributeError\x1B[0m: 'int' object has no attribute 'split'"
  ]
}
14:46:20.303 [info] Cell 6 completed in 0.327s (start: 1713379579974, end: 1713379580301)
14:46:37.810 [info] Handle Execution of Cells 6 for /opt/smart_farm_network_sim/smart_farm/analysis.ipynb
14:46:37.993 [info] Cell 6 completed in 0.173s (start: 1713379597820, end: 1713379597993)
14:46:45.208 [info] Handle Execution of Cells 6 for /opt/smart_farm_network_sim/smart_farm/analysis.ipynb
14:46:45.261 [warn] Cell completed with errors [hd [Error]: 'int' object has no attribute 'split'
	at r.execute (~/.vscode/extensions/ms-toolsai.jupyter-2024.3.1-linux-x64/dist/extension.node.js:327:4943)] {
  ename: 'AttributeError',
  evalue: "'int' object has no attribute 'split'",
  traceback: [
    '\x1B[0;31m---------------------------------------------------------------------------\x1B[0m',
    '\x1B[0;31mAttributeError\x1B[0m                            Traceback (most recent call last)',
    'Cell \x1B[0;32mIn[14], line 5\x1B[0m\n' +
      '\x1B[1;32m      2\x1B[0m \x1B[38;5;28;01mimport\x1B[39;00m \x1B[38;5;21;01mnumpy\x1B[39;00m \x1B[38;5;28;01mas\x1B[39;00m \x1B[38;5;21;01mnp\x1B[39;00m\n' +
      "\x1B[1;32m      4\x1B[0m pivot_df \x1B[38;5;241m=\x1B[39m df\x1B[38;5;241m.\x1B[39mpivot_table(index\x1B[38;5;241m=\x1B[39m\x1B[38;5;124m'\x1B[39m\x1B[38;5;124mmodule\x1B[39m\x1B[38;5;124m'\x1B[39m, columns\x1B[38;5;241m=\x1B[39m\x1B[38;5;124m'\x1B[39m\x1B[38;5;124mname\x1B[39m\x1B[38;5;124m'\x1B[39m, values\x1B[38;5;241m=\x1B[39m\x1B[38;5;124m'\x1B[39m\x1B[38;5;124mvalue\x1B[39m\x1B[38;5;124m'\x1B[39m, aggfunc\x1B[38;5;241m=\x1B[39m\x1B[38;5;124m'\x1B[39m\x1B[38;5;124msum\x1B[39m\x1B[38;5;124m'\x1B[39m)\n" +
      "\x1B[0;32m----> 5\x1B[0m df\x1B[38;5;241m.\x1B[39mindex \x1B[38;5;241m=\x1B[39m \x1B[43mdf\x1B[49m\x1B[38;5;241;43m.\x1B[39;49m\x1B[43mindex\x1B[49m\x1B[38;5;241;43m.\x1B[39;49m\x1B[43mmap\x1B[49m\x1B[43m(\x1B[49m\x1B[38;5;28;43;01mlambda\x1B[39;49;00m\x1B[43m \x1B[49m\x1B[43mx\x1B[49m\x1B[43m:\x1B[49m\x1B[43m \x1B[49m\x1B[43mx\x1B[49m\x1B[38;5;241;43m.\x1B[39;49m\x1B[43msplit\x1B[49m\x1B[43m(\x1B[49m\x1B[38;5;124;43m'\x1B[39;49m\x1B[38;5;124;43m.\x1B[39;49m\x1B[38;5;124;43m'\x1B[39;49m\x1B[43m)\x1B[49m\x1B[43m[\x1B[49m\x1B[38;5;241;43m1\x1B[39;49m\x1B[43m]\x1B[49m\x1B[43m)\x1B[49m\n" +
      '\x1B[1;32m      7\x1B[0m pivot_df \x1B[38;5;241m=\x1B[39m pivot_df\x1B[38;5;241m.\x1B[39mastype(\x1B[38;5;28mint\x1B[39m)\n' +
      '\x1B[1;32m      9\x1B[0m modules \x1B[38;5;241m=\x1B[39m pivot_df\x1B[38;5;241m.\x1B[39mindex\n',
    'File \x1B[0;32m~/.local/lib/python3.8/site-packages/pandas/core/indexes/base.py:5506\x1B[0m, in \x1B[0;36mIndex.map\x1B[0;34m(self, mapper, na_action)\x1B[0m\n' +
      '\x1B[1;32m   5486\x1B[0m \x1B[38;5;250m\x1B[39m\x1B[38;5;124;03m"""\x1B[39;00m\n' +
      '\x1B[1;32m   5487\x1B[0m \x1B[38;5;124;03mMap values using input correspondence (a dict, Series, or function).\x1B[39;00m\n' +
      '\x1B[1;32m   5488\x1B[0m \n' +
      '\x1B[0;32m   (...)\x1B[0m\n' +
      '\x1B[1;32m   5502\x1B[0m \x1B[38;5;124;03m    a MultiIndex will be returned.\x1B[39;00m\n' +
      '\x1B[1;32m   5503\x1B[0m \x1B[38;5;124;03m"""\x1B[39;00m\n' +
      '\x1B[1;32m   5504\x1B[0m \x1B[38;5;28;01mfrom\x1B[39;00m \x1B[38;5;21;01mpandas\x1B[39;00m\x1B[38;5;21;01m.\x1B[39;00m\x1B[38;5;21;01mcore\x1B[39;00m\x1B[38;5;21;01m.\x1B[39;00m\x1B[38;5;21;01mindexes\x1B[39;00m\x1B[38;5;21;01m.\x1B[39;00m\x1B[38;5;21;01mmulti\x1B[39;00m \x1B[38;5;28;01mimport\x1B[39;00m MultiIndex\n' +
      '\x1B[0;32m-> 5506\x1B[0m new_values \x1B[38;5;241m=\x1B[39m \x1B[38;5;28;43mself\x1B[39;49m\x1B[38;5;241;43m.\x1B[39;49m\x1B[43m_map_values\x1B[49m\x1B[43m(\x1B[49m\x1B[43mmapper\x1B[49m\x1B[43m,\x1B[49m\x1B[43m \x1B[49m\x1B[43mna_action\x1B[49m\x1B[38;5;241;43m=\x1B[39;49m\x1B[43mna_action\x1B[49m\x1B[43m)\x1B[49m\n' +
      '\x1B[1;32m   5508\x1B[0m attributes \x1B[38;5;241m=\x1B[39m \x1B[38;5;28mself\x1B[39m\x1B[38;5;241m.\x1B[39m_get_attributes_dict()\n' +
      '\x1B[1;32m   5510\x1B[0m \x1B[38;5;66;03m# we can return a MultiIndex\x1B[39;00m\n',
    'File \x1B[0;32m~/.local/lib/python3.8/site-packages/pandas/core/base.py:870\x1B[0m, in \x1B[0;36mIndexOpsMixin._map_values\x1B[0;34m(self, mapper, na_action)\x1B[0m\n' +
      '\x1B[1;32m    867\x1B[0m         \x1B[38;5;28;01mraise\x1B[39;00m \x1B[38;5;167;01mValueError\x1B[39;00m(msg)\n' +
      '\x1B[1;32m    869\x1B[0m \x1B[38;5;66;03m# mapper is a function\x1B[39;00m\n' +
      '\x1B[0;32m--> 870\x1B[0m new_values \x1B[38;5;241m=\x1B[39m \x1B[43mmap_f\x1B[49m\x1B[43m(\x1B[49m\x1B[43mvalues\x1B[49m\x1B[43m,\x1B[49m\x1B[43m \x1B[49m\x1B[43mmapper\x1B[49m\x1B[43m)\x1B[49m\n' +
      '\x1B[1;32m    872\x1B[0m \x1B[38;5;28;01mreturn\x1B[39;00m new_values\n',
    'File \x1B[0;32m~/.local/lib/python3.8/site-packages/pandas/_libs/lib.pyx:2859\x1B[0m, in \x1B[0;36mpandas._libs.lib.map_infer\x1B[0;34m()\x1B[0m\n',
    'Cell \x1B[0;32mIn[14], line 5\x1B[0m, in \x1B[0;36m<lambda>\x1B[0;34m(x)\x1B[0m\n' +
      '\x1B[1;32m      2\x1B[0m \x1B[38;5;28;01mimport\x1B[39;00m \x1B[38;5;21;01mnumpy\x1B[39;00m \x1B[38;5;28;01mas\x1B[39;00m \x1B[38;5;21;01mnp\x1B[39;00m\n' +
      "\x1B[1;32m      4\x1B[0m pivot_df \x1B[38;5;241m=\x1B[39m df\x1B[38;5;241m.\x1B[39mpivot_table(index\x1B[38;5;241m=\x1B[39m\x1B[38;5;124m'\x1B[39m\x1B[38;5;124mmodule\x1B[39m\x1B[38;5;124m'\x1B[39m, columns\x1B[38;5;241m=\x1B[39m\x1B[38;5;124m'\x1B[39m\x1B[38;5;124mname\x1B[39m\x1B[38;5;124m'\x1B[39m, values\x1B[38;5;241m=\x1B[39m\x1B[38;5;124m'\x1B[39m\x1B[38;5;124mvalue\x1B[39m\x1B[38;5;124m'\x1B[39m, aggfunc\x1B[38;5;241m=\x1B[39m\x1B[38;5;124m'\x1B[39m\x1B[38;5;124msum\x1B[39m\x1B[38;5;124m'\x1B[39m)\n" +
      "\x1B[0;32m----> 5\x1B[0m df\x1B[38;5;241m.\x1B[39mindex \x1B[38;5;241m=\x1B[39m df\x1B[38;5;241m.\x1B[39mindex\x1B[38;5;241m.\x1B[39mmap(\x1B[38;5;28;01mlambda\x1B[39;00m x: \x1B[43mx\x1B[49m\x1B[38;5;241;43m.\x1B[39;49m\x1B[43msplit\x1B[49m(\x1B[38;5;124m'\x1B[39m\x1B[38;5;124m.\x1B[39m\x1B[38;5;124m'\x1B[39m)[\x1B[38;5;241m1\x1B[39m])\n" +
      '\x1B[1;32m      7\x1B[0m pivot_df \x1B[38;5;241m=\x1B[39m pivot_df\x1B[38;5;241m.\x1B[39mastype(\x1B[38;5;28mint\x1B[39m)\n' +
      '\x1B[1;32m      9\x1B[0m modules \x1B[38;5;241m=\x1B[39m pivot_df\x1B[38;5;241m.\x1B[39mindex\n',
    "\x1B[0;31mAttributeError\x1B[0m: 'int' object has no attribute 'split'"
  ]
}
14:46:45.262 [info] Cell 6 completed in 0.032s (start: 1713379605229, end: 1713379605261)
14:46:56.713 [info] Handle Execution of Cells 4 for /opt/smart_farm_network_sim/smart_farm/analysis.ipynb
14:46:56.763 [warn] Cell completed with errors [hd [Error]: 'int' object has no attribute 'split'
	at r.execute (~/.vscode/extensions/ms-toolsai.jupyter-2024.3.1-linux-x64/dist/extension.node.js:327:4943)] {
  ename: 'AttributeError',
  evalue: "'int' object has no attribute 'split'",
  traceback: [
    '\x1B[0;31m---------------------------------------------------------------------------\x1B[0m',
    '\x1B[0;31mAttributeError\x1B[0m                            Traceback (most recent call last)',
    'Cell \x1B[0;32mIn[15], line 10\x1B[0m\n' +
      "\x1B[1;32m      7\x1B[0m df \x1B[38;5;241m=\x1B[39m df\x1B[38;5;241m.\x1B[39mloc[(df[\x1B[38;5;124m'\x1B[39m\x1B[38;5;124mtype\x1B[39m\x1B[38;5;124m'\x1B[39m] \x1B[38;5;241m==\x1B[39m \x1B[38;5;124m'\x1B[39m\x1B[38;5;124mscalar\x1B[39m\x1B[38;5;124m'\x1B[39m), [\x1B[38;5;124m'\x1B[39m\x1B[38;5;124mname\x1B[39m\x1B[38;5;124m'\x1B[39m, \x1B[38;5;124m'\x1B[39m\x1B[38;5;124mmodule\x1B[39m\x1B[38;5;124m'\x1B[39m, \x1B[38;5;124m'\x1B[39m\x1B[38;5;124mvalue\x1B[39m\x1B[38;5;124m'\x1B[39m]]\n" +
      "\x1B[1;32m      9\x1B[0m df \x1B[38;5;241m=\x1B[39m df[df[\x1B[38;5;124m'\x1B[39m\x1B[38;5;124mname\x1B[39m\x1B[38;5;124m'\x1B[39m]\x1B[38;5;241m.\x1B[39misin([\x1B[38;5;124m'\x1B[39m\x1B[38;5;124mnumSent\x1B[39m\x1B[38;5;124m'\x1B[39m, \x1B[38;5;124m'\x1B[39m\x1B[38;5;124mnumRetry\x1B[39m\x1B[38;5;124m'\x1B[39m])]\n" +
      "\x1B[0;32m---> 10\x1B[0m df\x1B[38;5;241m.\x1B[39mindex \x1B[38;5;241m=\x1B[39m \x1B[43mdf\x1B[49m\x1B[38;5;241;43m.\x1B[39;49m\x1B[43mindex\x1B[49m\x1B[38;5;241;43m.\x1B[39;49m\x1B[43mmap\x1B[49m\x1B[43m(\x1B[49m\x1B[38;5;28;43;01mlambda\x1B[39;49;00m\x1B[43m \x1B[49m\x1B[43mx\x1B[49m\x1B[43m:\x1B[49m\x1B[43m \x1B[49m\x1B[43mx\x1B[49m\x1B[38;5;241;43m.\x1B[39;49m\x1B[43msplit\x1B[49m\x1B[43m(\x1B[49m\x1B[38;5;124;43m'\x1B[39;49m\x1B[38;5;124;43m.\x1B[39;49m\x1B[38;5;124;43m'\x1B[39;49m\x1B[43m)\x1B[49m\x1B[43m[\x1B[49m\x1B[38;5;241;43m1\x1B[39;49m\x1B[43m]\x1B[49m\x1B[43m)\x1B[49m\n",
    'File \x1B[0;32m~/.local/lib/python3.8/site-packages/pandas/core/indexes/base.py:5506\x1B[0m, in \x1B[0;36mIndex.map\x1B[0;34m(self, mapper, na_action)\x1B[0m\n' +
      '\x1B[1;32m   5486\x1B[0m \x1B[38;5;250m\x1B[39m\x1B[38;5;124;03m"""\x1B[39;00m\n' +
      '\x1B[1;32m   5487\x1B[0m \x1B[38;5;124;03mMap values using input correspondence (a dict, Series, or function).\x1B[39;00m\n' +
      '\x1B[1;32m   5488\x1B[0m \n' +
      '\x1B[0;32m   (...)\x1B[0m\n' +
      '\x1B[1;32m   5502\x1B[0m \x1B[38;5;124;03m    a MultiIndex will be returned.\x1B[39;00m\n' +
      '\x1B[1;32m   5503\x1B[0m \x1B[38;5;124;03m"""\x1B[39;00m\n' +
      '\x1B[1;32m   5504\x1B[0m \x1B[38;5;28;01mfrom\x1B[39;00m \x1B[38;5;21;01mpandas\x1B[39;00m\x1B[38;5;21;01m.\x1B[39;00m\x1B[38;5;21;01mcore\x1B[39;00m\x1B[38;5;21;01m.\x1B[39;00m\x1B[38;5;21;01mindexes\x1B[39;00m\x1B[38;5;21;01m.\x1B[39;00m\x1B[38;5;21;01mmulti\x1B[39;00m \x1B[38;5;28;01mimport\x1B[39;00m MultiIndex\n' +
      '\x1B[0;32m-> 5506\x1B[0m new_values \x1B[38;5;241m=\x1B[39m \x1B[38;5;28;43mself\x1B[39;49m\x1B[38;5;241;43m.\x1B[39;49m\x1B[43m_map_values\x1B[49m\x1B[43m(\x1B[49m\x1B[43mmapper\x1B[49m\x1B[43m,\x1B[49m\x1B[43m \x1B[49m\x1B[43mna_action\x1B[49m\x1B[38;5;241;43m=\x1B[39;49m\x1B[43mna_action\x1B[49m\x1B[43m)\x1B[49m\n' +
      '\x1B[1;32m   5508\x1B[0m attributes \x1B[38;5;241m=\x1B[39m \x1B[38;5;28mself\x1B[39m\x1B[38;5;241m.\x1B[39m_get_attributes_dict()\n' +
      '\x1B[1;32m   5510\x1B[0m \x1B[38;5;66;03m# we can return a MultiIndex\x1B[39;00m\n',
    'File \x1B[0;32m~/.local/lib/python3.8/site-packages/pandas/core/base.py:870\x1B[0m, in \x1B[0;36mIndexOpsMixin._map_values\x1B[0;34m(self, mapper, na_action)\x1B[0m\n' +
      '\x1B[1;32m    867\x1B[0m         \x1B[38;5;28;01mraise\x1B[39;00m \x1B[38;5;167;01mValueError\x1B[39;00m(msg)\n' +
      '\x1B[1;32m    869\x1B[0m \x1B[38;5;66;03m# mapper is a function\x1B[39;00m\n' +
      '\x1B[0;32m--> 870\x1B[0m new_values \x1B[38;5;241m=\x1B[39m \x1B[43mmap_f\x1B[49m\x1B[43m(\x1B[49m\x1B[43mvalues\x1B[49m\x1B[43m,\x1B[49m\x1B[43m \x1B[49m\x1B[43mmapper\x1B[49m\x1B[43m)\x1B[49m\n' +
      '\x1B[1;32m    872\x1B[0m \x1B[38;5;28;01mreturn\x1B[39;00m new_values\n',
    'File \x1B[0;32m~/.local/lib/python3.8/site-packages/pandas/_libs/lib.pyx:2859\x1B[0m, in \x1B[0;36mpandas._libs.lib.map_infer\x1B[0;34m()\x1B[0m\n',
    'Cell \x1B[0;32mIn[15], line 10\x1B[0m, in \x1B[0;36m<lambda>\x1B[0;34m(x)\x1B[0m\n' +
      "\x1B[1;32m      7\x1B[0m df \x1B[38;5;241m=\x1B[39m df\x1B[38;5;241m.\x1B[39mloc[(df[\x1B[38;5;124m'\x1B[39m\x1B[38;5;124mtype\x1B[39m\x1B[38;5;124m'\x1B[39m] \x1B[38;5;241m==\x1B[39m \x1B[38;5;124m'\x1B[39m\x1B[38;5;124mscalar\x1B[39m\x1B[38;5;124m'\x1B[39m), [\x1B[38;5;124m'\x1B[39m\x1B[38;5;124mname\x1B[39m\x1B[38;5;124m'\x1B[39m, \x1B[38;5;124m'\x1B[39m\x1B[38;5;124mmodule\x1B[39m\x1B[38;5;124m'\x1B[39m, \x1B[38;5;124m'\x1B[39m\x1B[38;5;124mvalue\x1B[39m\x1B[38;5;124m'\x1B[39m]]\n" +
      "\x1B[1;32m      9\x1B[0m df \x1B[38;5;241m=\x1B[39m df[df[\x1B[38;5;124m'\x1B[39m\x1B[38;5;124mname\x1B[39m\x1B[38;5;124m'\x1B[39m]\x1B[38;5;241m.\x1B[39misin([\x1B[38;5;124m'\x1B[39m\x1B[38;5;124mnumSent\x1B[39m\x1B[38;5;124m'\x1B[39m, \x1B[38;5;124m'\x1B[39m\x1B[38;5;124mnumRetry\x1B[39m\x1B[38;5;124m'\x1B[39m])]\n" +
      "\x1B[0;32m---> 10\x1B[0m df\x1B[38;5;241m.\x1B[39mindex \x1B[38;5;241m=\x1B[39m df\x1B[38;5;241m.\x1B[39mindex\x1B[38;5;241m.\x1B[39mmap(\x1B[38;5;28;01mlambda\x1B[39;00m x: \x1B[43mx\x1B[49m\x1B[38;5;241;43m.\x1B[39;49m\x1B[43msplit\x1B[49m(\x1B[38;5;124m'\x1B[39m\x1B[38;5;124m.\x1B[39m\x1B[38;5;124m'\x1B[39m)[\x1B[38;5;241m1\x1B[39m])\n",
    "\x1B[0;31mAttributeError\x1B[0m: 'int' object has no attribute 'split'"
  ]
}
14:46:56.764 [info] Cell 4 completed in 0.043s (start: 1713379616720, end: 1713379616763)
14:47:04.628 [info] Handle Execution of Cells 4 for /opt/smart_farm_network_sim/smart_farm/analysis.ipynb
14:47:04.665 [warn] Cell completed with errors [hd [Error]: name 'data' is not defined
	at r.execute (~/.vscode/extensions/ms-toolsai.jupyter-2024.3.1-linux-x64/dist/extension.node.js:327:4943)] {
  ename: 'NameError',
  evalue: "name 'data' is not defined",
  traceback: [
    '\x1B[0;31m---------------------------------------------------------------------------\x1B[0m',
    '\x1B[0;31mNameError\x1B[0m                                 Traceback (most recent call last)',
    'Cell \x1B[0;32mIn[16], line 10\x1B[0m\n' +
      "\x1B[1;32m      7\x1B[0m df \x1B[38;5;241m=\x1B[39m df\x1B[38;5;241m.\x1B[39mloc[(df[\x1B[38;5;124m'\x1B[39m\x1B[38;5;124mtype\x1B[39m\x1B[38;5;124m'\x1B[39m] \x1B[38;5;241m==\x1B[39m \x1B[38;5;124m'\x1B[39m\x1B[38;5;124mscalar\x1B[39m\x1B[38;5;124m'\x1B[39m), [\x1B[38;5;124m'\x1B[39m\x1B[38;5;124mname\x1B[39m\x1B[38;5;124m'\x1B[39m, \x1B[38;5;124m'\x1B[39m\x1B[38;5;124mmodule\x1B[39m\x1B[38;5;124m'\x1B[39m, \x1B[38;5;124m'\x1B[39m\x1B[38;5;124mvalue\x1B[39m\x1B[38;5;124m'\x1B[39m]]\n" +
      "\x1B[1;32m      9\x1B[0m df \x1B[38;5;241m=\x1B[39m df[df[\x1B[38;5;124m'\x1B[39m\x1B[38;5;124mname\x1B[39m\x1B[38;5;124m'\x1B[39m]\x1B[38;5;241m.\x1B[39misin([\x1B[38;5;124m'\x1B[39m\x1B[38;5;124mnumSent\x1B[39m\x1B[38;5;124m'\x1B[39m, \x1B[38;5;124m'\x1B[39m\x1B[38;5;124mnumRetry\x1B[39m\x1B[38;5;124m'\x1B[39m])]\n" +
      "\x1B[0;32m---> 10\x1B[0m df \x1B[38;5;241m=\x1B[39m pd\x1B[38;5;241m.\x1B[39mDataFrame(\x1B[43mdata\x1B[49m)\x1B[38;5;241m.\x1B[39mset_index(\x1B[38;5;124m'\x1B[39m\x1B[38;5;124mmodule\x1B[39m\x1B[38;5;124m'\x1B[39m)\n" +
      "\x1B[1;32m     12\x1B[0m df\x1B[38;5;241m.\x1B[39mindex \x1B[38;5;241m=\x1B[39m df\x1B[38;5;241m.\x1B[39mindex\x1B[38;5;241m.\x1B[39mmap(\x1B[38;5;28;01mlambda\x1B[39;00m x: x\x1B[38;5;241m.\x1B[39msplit(\x1B[38;5;124m'\x1B[39m\x1B[38;5;124m.\x1B[39m\x1B[38;5;124m'\x1B[39m)[\x1B[38;5;241m1\x1B[39m])\n",
    "\x1B[0;31mNameError\x1B[0m: name 'data' is not defined"
  ]
}
14:47:04.665 [info] Cell 4 completed in 0.029s (start: 1713379624636, end: 1713379624665)
14:47:12.577 [info] Execution of code ms-toolsai.jupyter-2 completed in 12ms
14:47:12.784 [info] Execution of code ms-toolsai.jupyter-3 completed in 12ms
14:47:12.951 [info] Handle Execution of Cells 4 for /opt/smart_farm_network_sim/smart_farm/analysis.ipynb
14:47:12.972 [info] Cell 4 completed in 0.017s (start: 1713379632955, end: 1713379632972)
14:47:15.122 [info] Handle Execution of Cells 6 for /opt/smart_farm_network_sim/smart_farm/analysis.ipynb
14:47:15.251 [info] Cell 6 completed in 0.098s (start: 1713379635153, end: 1713379635251)
14:47:32.530 [info] Handle Execution of Cells 6 for /opt/smart_farm_network_sim/smart_farm/analysis.ipynb
14:47:32.657 [info] Cell 6 completed in 0.112s (start: 1713379652545, end: 1713379652657)
14:47:36.407 [info] Handle Execution of Cells 6 for /opt/smart_farm_network_sim/smart_farm/analysis.ipynb
14:47:36.524 [info] Cell 6 completed in 0.103s (start: 1713379656420, end: 1713379656523)
14:47:45.039 [info] Handle Execution of Cells 6 for /opt/smart_farm_network_sim/smart_farm/analysis.ipynb
14:47:45.171 [info] Cell 6 completed in 0.119s (start: 1713379665052, end: 1713379665171)
14:47:47.932 [info] Handle Execution of Cells 6 for /opt/smart_farm_network_sim/smart_farm/analysis.ipynb
14:47:48.051 [info] Cell 6 completed in 0.101s (start: 1713379667950, end: 1713379668051)
14:47:51.507 [info] Handle Execution of Cells 6 for /opt/smart_farm_network_sim/smart_farm/analysis.ipynb
14:47:51.628 [info] Cell 6 completed in 0.108s (start: 1713379671520, end: 1713379671628)
14:48:17.629 [info] Execution of code ms-toolsai.jupyter-4 completed in 9ms
14:48:18.242 [info] Execution of code ms-toolsai.jupyter-5 completed in 10ms
14:48:21.820 [info] Handle Execution of Cells 6 for /opt/smart_farm_network_sim/smart_farm/analysis.ipynb
14:48:21.971 [info] Cell 6 completed in 0.142s (start: 1713379701829, end: 1713379701971)
14:50:02.696 [info] Handle Execution of Cells 6 for /opt/smart_farm_network_sim/smart_farm/analysis.ipynb
14:50:02.818 [info] Cell 6 completed in 0.093s (start: 1713379802725, end: 1713379802818)
14:50:13.801 [info] Handle Execution of Cells 6 for /opt/smart_farm_network_sim/smart_farm/analysis.ipynb
14:50:13.936 [info] Cell 6 completed in 0.125s (start: 1713379813810, end: 1713379813935)
14:50:27.294 [info] Handle Execution of Cells 6 for /opt/smart_farm_network_sim/smart_farm/analysis.ipynb
14:50:27.424 [info] Cell 6 completed in 0.118s (start: 1713379827305, end: 1713379827423)
14:50:33.404 [info] Handle Execution of Cells 6 for /opt/smart_farm_network_sim/smart_farm/analysis.ipynb
14:50:33.711 [warn] Cell completed with errors [hd [Error]: 'seaborn-v0_8' not found in the style library and input is not a valid URL or path; see `style.available` for list of available styles
	at r.execute (~/.vscode/extensions/ms-toolsai.jupyter-2024.3.1-linux-x64/dist/extension.node.js:327:4943)] {
  ename: 'OSError',
  evalue: "'seaborn-v0_8' not found in the style library and input is not a valid URL or path; see `style.available` for list of available styles",
  traceback: [
    '\x1B[0;31m---------------------------------------------------------------------------\x1B[0m',
    '\x1B[0;31mFileNotFoundError\x1B[0m                         Traceback (most recent call last)',
    'File \x1B[0;32m~/.local/lib/python3.8/site-packages/matplotlib/style/core.py:127\x1B[0m, in \x1B[0;36muse\x1B[0;34m(style)\x1B[0m\n' +
      '\x1B[1;32m    126\x1B[0m \x1B[38;5;28;01mtry\x1B[39;00m:\n' +
      '\x1B[0;32m--> 127\x1B[0m     rc \x1B[38;5;241m=\x1B[39m \x1B[43mrc_params_from_file\x1B[49m\x1B[43m(\x1B[49m\x1B[43mstyle\x1B[49m\x1B[43m,\x1B[49m\x1B[43m \x1B[49m\x1B[43muse_default_template\x1B[49m\x1B[38;5;241;43m=\x1B[39;49m\x1B[38;5;28;43;01mFalse\x1B[39;49;00m\x1B[43m)\x1B[49m\n' +
      '\x1B[1;32m    128\x1B[0m     _apply_style(rc)\n',
    'File \x1B[0;32m~/.local/lib/python3.8/site-packages/matplotlib/__init__.py:854\x1B[0m, in \x1B[0;36mrc_params_from_file\x1B[0;34m(fname, fail_on_error, use_default_template)\x1B[0m\n' +
      '\x1B[1;32m    840\x1B[0m \x1B[38;5;250m\x1B[39m\x1B[38;5;124;03m"""\x1B[39;00m\n' +
      '\x1B[1;32m    841\x1B[0m \x1B[38;5;124;03mConstruct a `RcParams` from file *fname*.\x1B[39;00m\n' +
      '\x1B[1;32m    842\x1B[0m \n' +
      '\x1B[0;32m   (...)\x1B[0m\n' +
      '\x1B[1;32m    852\x1B[0m \x1B[38;5;124;03m    parameters specified in the file. (Useful for updating dicts.)\x1B[39;00m\n' +
      '\x1B[1;32m    853\x1B[0m \x1B[38;5;124;03m"""\x1B[39;00m\n' +
      '\x1B[0;32m--> 854\x1B[0m config_from_file \x1B[38;5;241m=\x1B[39m \x1B[43m_rc_params_in_file\x1B[49m\x1B[43m(\x1B[49m\x1B[43mfname\x1B[49m\x1B[43m,\x1B[49m\x1B[43m \x1B[49m\x1B[43mfail_on_error\x1B[49m\x1B[38;5;241;43m=\x1B[39;49m\x1B[43mfail_on_error\x1B[49m\x1B[43m)\x1B[49m\n' +
      '\x1B[1;32m    856\x1B[0m \x1B[38;5;28;01mif\x1B[39;00m \x1B[38;5;129;01mnot\x1B[39;00m use_default_template:\n',
    'File \x1B[0;32m~/.local/lib/python3.8/site-packages/matplotlib/__init__.py:780\x1B[0m, in \x1B[0;36m_rc_params_in_file\x1B[0;34m(fname, transform, fail_on_error)\x1B[0m\n' +
      '\x1B[1;32m    779\x1B[0m rc_temp \x1B[38;5;241m=\x1B[39m {}\n' +
      '\x1B[0;32m--> 780\x1B[0m \x1B[38;5;28;01mwith\x1B[39;00m _open_file_or_url(fname) \x1B[38;5;28;01mas\x1B[39;00m fd:\n' +
      '\x1B[1;32m    781\x1B[0m     \x1B[38;5;28;01mtry\x1B[39;00m:\n',
    'File \x1B[0;32m/usr/lib/python3.8/contextlib.py:113\x1B[0m, in \x1B[0;36m_GeneratorContextManager.__enter__\x1B[0;34m(self)\x1B[0m\n' +
      '\x1B[1;32m    112\x1B[0m \x1B[38;5;28;01mtry\x1B[39;00m:\n' +
      '\x1B[0;32m--> 113\x1B[0m     \x1B[38;5;28;01mreturn\x1B[39;00m \x1B[38;5;28;43mnext\x1B[39;49m\x1B[43m(\x1B[49m\x1B[38;5;28;43mself\x1B[39;49m\x1B[38;5;241;43m.\x1B[39;49m\x1B[43mgen\x1B[49m\x1B[43m)\x1B[49m\n' +
      '\x1B[1;32m    114\x1B[0m \x1B[38;5;28;01mexcept\x1B[39;00m \x1B[38;5;167;01mStopIteration\x1B[39;00m:\n',
    'File \x1B[0;32m~/.local/lib/python3.8/site-packages/matplotlib/__init__.py:757\x1B[0m, in \x1B[0;36m_open_file_or_url\x1B[0;34m(fname)\x1B[0m\n' +
      '\x1B[1;32m    756\x1B[0m     encoding \x1B[38;5;241m=\x1B[39m \x1B[38;5;124m"\x1B[39m\x1B[38;5;124mutf-8\x1B[39m\x1B[38;5;124m"\x1B[39m\n' +
      '\x1B[0;32m--> 757\x1B[0m \x1B[38;5;28;01mwith\x1B[39;00m \x1B[38;5;28;43mopen\x1B[39;49m\x1B[43m(\x1B[49m\x1B[43mfname\x1B[49m\x1B[43m,\x1B[49m\x1B[43m \x1B[49m\x1B[43mencoding\x1B[49m\x1B[38;5;241;43m=\x1B[39;49m\x1B[43mencoding\x1B[49m\x1B[43m)\x1B[49m \x1B[38;5;28;01mas\x1B[39;00m f:\n' +
      '\x1B[1;32m    758\x1B[0m     \x1B[38;5;28;01myield\x1B[39;00m f\n',
    "\x1B[0;31mFileNotFoundError\x1B[0m: [Errno 2] No such file or directory: 'seaborn-v0_8'",
    '\nThe above exception was the direct cause of the following exception:\n',
    '\x1B[0;31mOSError\x1B[0m                                   Traceback (most recent call last)',
    'Cell \x1B[0;32mIn[28], line 24\x1B[0m\n' +
      '\x1B[1;32m     21\x1B[0m ax\x1B[38;5;241m.\x1B[39mset_xticklabels(modules, rotation\x1B[38;5;241m=\x1B[39m\x1B[38;5;241m20\x1B[39m)  \x1B[38;5;66;03m# Rotate module names for better visibility\x1B[39;00m\n' +
      '\x1B[1;32m     22\x1B[0m ax\x1B[38;5;241m.\x1B[39mlegend()\n' +
      "\x1B[0;32m---> 24\x1B[0m \x1B[43mplt\x1B[49m\x1B[38;5;241;43m.\x1B[39;49m\x1B[43mstyle\x1B[49m\x1B[38;5;241;43m.\x1B[39;49m\x1B[43muse\x1B[49m\x1B[43m(\x1B[49m\x1B[38;5;124;43m'\x1B[39;49m\x1B[38;5;124;43mseaborn-v0_8\x1B[39;49m\x1B[38;5;124;43m'\x1B[39;49m\x1B[43m)\x1B[49m\n" +
      '\x1B[1;32m     25\x1B[0m plt\x1B[38;5;241m.\x1B[39mtight_layout()  \x1B[38;5;66;03m# Adjust layout to make room for rotated x-axis labels\x1B[39;00m\n' +
      '\x1B[1;32m     26\x1B[0m plt\x1B[38;5;241m.\x1B[39mshow()\n',
    'File \x1B[0;32m~/.local/lib/python3.8/site-packages/matplotlib/style/core.py:130\x1B[0m, in \x1B[0;36muse\x1B[0;34m(style)\x1B[0m\n' +
      '\x1B[1;32m    128\x1B[0m     _apply_style(rc)\n' +
      '\x1B[1;32m    129\x1B[0m \x1B[38;5;28;01mexcept\x1B[39;00m \x1B[38;5;167;01mIOError\x1B[39;00m \x1B[38;5;28;01mas\x1B[39;00m err:\n' +
      '\x1B[0;32m--> 130\x1B[0m     \x1B[38;5;28;01mraise\x1B[39;00m \x1B[38;5;167;01mIOError\x1B[39;00m(\n' +
      '\x1B[1;32m    131\x1B[0m         \x1B[38;5;124m"\x1B[39m\x1B[38;5;132;01m{!r}\x1B[39;00m\x1B[38;5;124m not found in the style library and input is not a \x1B[39m\x1B[38;5;124m"\x1B[39m\n' +
      '\x1B[1;32m    132\x1B[0m         \x1B[38;5;124m"\x1B[39m\x1B[38;5;124mvalid URL or path; see `style.available` for list of \x1B[39m\x1B[38;5;124m"\x1B[39m\n' +
      '\x1B[1;32m    133\x1B[0m         \x1B[38;5;124m"\x1B[39m\x1B[38;5;124mavailable styles\x1B[39m\x1B[38;5;124m"\x1B[39m\x1B[38;5;241m.\x1B[39mformat(style)) \x1B[38;5;28;01mfrom\x1B[39;00m \x1B[38;5;21;01merr\x1B[39;00m\n',
    "\x1B[0;31mOSError\x1B[0m: 'seaborn-v0_8' not found in the style library and input is not a valid URL or path; see `style.available` for list of available styles"
  ]
}
14:50:33.712 [info] Cell 6 completed in 0.214s (start: 1713379833497, end: 1713379833711)
14:51:08.974 [info] Execution of code ms-toolsai.jupyter-6 completed in 12ms
14:51:09.961 [info] Execution of code ms-toolsai.jupyter-7 completed in 13ms
14:51:12.063 [info] Execution of code ms-toolsai.jupyter-8 completed in 12ms
14:51:17.982 [info] Execution of code ms-toolsai.jupyter-9 completed in 12ms
14:51:17.993 [info] Execution of code ms-toolsai.jupyter-10 completed in 8ms
14:51:20.918 [info] Execution of code ms-toolsai.jupyter-11 completed in 11ms
14:51:21.582 [info] Execution of code ms-toolsai.jupyter-12 completed in 11ms
14:51:22.559 [info] Handle Execution of Cells 6 for /opt/smart_farm_network_sim/smart_farm/analysis.ipynb
14:51:22.732 [warn] Cell completed with errors [hd [Error]: 'seaborn-v0_8' not found in the style library and input is not a valid URL or path; see `style.available` for list of available styles
	at r.execute (~/.vscode/extensions/ms-toolsai.jupyter-2024.3.1-linux-x64/dist/extension.node.js:327:4943)] {
  ename: 'OSError',
  evalue: "'seaborn-v0_8' not found in the style library and input is not a valid URL or path; see `style.available` for list of available styles",
  traceback: [
    '\x1B[0;31m---------------------------------------------------------------------------\x1B[0m',
    '\x1B[0;31mFileNotFoundError\x1B[0m                         Traceback (most recent call last)',
    'File \x1B[0;32m~/.local/lib/python3.8/site-packages/matplotlib/style/core.py:127\x1B[0m, in \x1B[0;36muse\x1B[0;34m(style)\x1B[0m\n' +
      '\x1B[1;32m    126\x1B[0m \x1B[38;5;28;01mtry\x1B[39;00m:\n' +
      '\x1B[0;32m--> 127\x1B[0m     rc \x1B[38;5;241m=\x1B[39m \x1B[43mrc_params_from_file\x1B[49m\x1B[43m(\x1B[49m\x1B[43mstyle\x1B[49m\x1B[43m,\x1B[49m\x1B[43m \x1B[49m\x1B[43muse_default_template\x1B[49m\x1B[38;5;241;43m=\x1B[39;49m\x1B[38;5;28;43;01mFalse\x1B[39;49;00m\x1B[43m)\x1B[49m\n' +
      '\x1B[1;32m    128\x1B[0m     _apply_style(rc)\n',
    'File \x1B[0;32m~/.local/lib/python3.8/site-packages/matplotlib/__init__.py:854\x1B[0m, in \x1B[0;36mrc_params_from_file\x1B[0;34m(fname, fail_on_error, use_default_template)\x1B[0m\n' +
      '\x1B[1;32m    840\x1B[0m \x1B[38;5;250m\x1B[39m\x1B[38;5;124;03m"""\x1B[39;00m\n' +
      '\x1B[1;32m    841\x1B[0m \x1B[38;5;124;03mConstruct a `RcParams` from file *fname*.\x1B[39;00m\n' +
      '\x1B[1;32m    842\x1B[0m \n' +
      '\x1B[0;32m   (...)\x1B[0m\n' +
      '\x1B[1;32m    852\x1B[0m \x1B[38;5;124;03m    parameters specified in the file. (Useful for updating dicts.)\x1B[39;00m\n' +
      '\x1B[1;32m    853\x1B[0m \x1B[38;5;124;03m"""\x1B[39;00m\n' +
      '\x1B[0;32m--> 854\x1B[0m config_from_file \x1B[38;5;241m=\x1B[39m \x1B[43m_rc_params_in_file\x1B[49m\x1B[43m(\x1B[49m\x1B[43mfname\x1B[49m\x1B[43m,\x1B[49m\x1B[43m \x1B[49m\x1B[43mfail_on_error\x1B[49m\x1B[38;5;241;43m=\x1B[39;49m\x1B[43mfail_on_error\x1B[49m\x1B[43m)\x1B[49m\n' +
      '\x1B[1;32m    856\x1B[0m \x1B[38;5;28;01mif\x1B[39;00m \x1B[38;5;129;01mnot\x1B[39;00m use_default_template:\n',
    'File \x1B[0;32m~/.local/lib/python3.8/site-packages/matplotlib/__init__.py:780\x1B[0m, in \x1B[0;36m_rc_params_in_file\x1B[0;34m(fname, transform, fail_on_error)\x1B[0m\n' +
      '\x1B[1;32m    779\x1B[0m rc_temp \x1B[38;5;241m=\x1B[39m {}\n' +
      '\x1B[0;32m--> 780\x1B[0m \x1B[38;5;28;01mwith\x1B[39;00m _open_file_or_url(fname) \x1B[38;5;28;01mas\x1B[39;00m fd:\n' +
      '\x1B[1;32m    781\x1B[0m     \x1B[38;5;28;01mtry\x1B[39;00m:\n',
    'File \x1B[0;32m/usr/lib/python3.8/contextlib.py:113\x1B[0m, in \x1B[0;36m_GeneratorContextManager.__enter__\x1B[0;34m(self)\x1B[0m\n' +
      '\x1B[1;32m    112\x1B[0m \x1B[38;5;28;01mtry\x1B[39;00m:\n' +
      '\x1B[0;32m--> 113\x1B[0m     \x1B[38;5;28;01mreturn\x1B[39;00m \x1B[38;5;28;43mnext\x1B[39;49m\x1B[43m(\x1B[49m\x1B[38;5;28;43mself\x1B[39;49m\x1B[38;5;241;43m.\x1B[39;49m\x1B[43mgen\x1B[49m\x1B[43m)\x1B[49m\n' +
      '\x1B[1;32m    114\x1B[0m \x1B[38;5;28;01mexcept\x1B[39;00m \x1B[38;5;167;01mStopIteration\x1B[39;00m:\n',
    'File \x1B[0;32m~/.local/lib/python3.8/site-packages/matplotlib/__init__.py:757\x1B[0m, in \x1B[0;36m_open_file_or_url\x1B[0;34m(fname)\x1B[0m\n' +
      '\x1B[1;32m    756\x1B[0m     encoding \x1B[38;5;241m=\x1B[39m \x1B[38;5;124m"\x1B[39m\x1B[38;5;124mutf-8\x1B[39m\x1B[38;5;124m"\x1B[39m\n' +
      '\x1B[0;32m--> 757\x1B[0m \x1B[38;5;28;01mwith\x1B[39;00m \x1B[38;5;28;43mopen\x1B[39;49m\x1B[43m(\x1B[49m\x1B[43mfname\x1B[49m\x1B[43m,\x1B[49m\x1B[43m \x1B[49m\x1B[43mencoding\x1B[49m\x1B[38;5;241;43m=\x1B[39;49m\x1B[43mencoding\x1B[49m\x1B[43m)\x1B[49m \x1B[38;5;28;01mas\x1B[39;00m f:\n' +
      '\x1B[1;32m    758\x1B[0m     \x1B[38;5;28;01myield\x1B[39;00m f\n',
    "\x1B[0;31mFileNotFoundError\x1B[0m: [Errno 2] No such file or directory: 'seaborn-v0_8'",
    '\nThe above exception was the direct cause of the following exception:\n',
    '\x1B[0;31mOSError\x1B[0m                                   Traceback (most recent call last)',
    'Cell \x1B[0;32mIn[29], line 26\x1B[0m\n' +
      '\x1B[1;32m     22\x1B[0m ax\x1B[38;5;241m.\x1B[39mlegend()\n' +
      '\x1B[1;32m     24\x1B[0m \x1B[38;5;28mprint\x1B[39m(plt\x1B[38;5;241m.\x1B[39mstyle\x1B[38;5;241m.\x1B[39mavailable)\n' +
      "\x1B[0;32m---> 26\x1B[0m \x1B[43mplt\x1B[49m\x1B[38;5;241;43m.\x1B[39;49m\x1B[43mstyle\x1B[49m\x1B[38;5;241;43m.\x1B[39;49m\x1B[43muse\x1B[49m\x1B[43m(\x1B[49m\x1B[38;5;124;43m'\x1B[39;49m\x1B[38;5;124;43mseaborn-v0_8\x1B[39;49m\x1B[38;5;124;43m'\x1B[39;49m\x1B[43m)\x1B[49m\n" +
      '\x1B[1;32m     27\x1B[0m plt\x1B[38;5;241m.\x1B[39mtight_layout()  \x1B[38;5;66;03m# Adjust layout to make room for rotated x-axis labels\x1B[39;00m\n' +
      '\x1B[1;32m     28\x1B[0m plt\x1B[38;5;241m.\x1B[39mshow()\n',
    'File \x1B[0;32m~/.local/lib/python3.8/site-packages/matplotlib/style/core.py:130\x1B[0m, in \x1B[0;36muse\x1B[0;34m(style)\x1B[0m\n' +
      '\x1B[1;32m    128\x1B[0m     _apply_style(rc)\n' +
      '\x1B[1;32m    129\x1B[0m \x1B[38;5;28;01mexcept\x1B[39;00m \x1B[38;5;167;01mIOError\x1B[39;00m \x1B[38;5;28;01mas\x1B[39;00m err:\n' +
      '\x1B[0;32m--> 130\x1B[0m     \x1B[38;5;28;01mraise\x1B[39;00m \x1B[38;5;167;01mIOError\x1B[39;00m(\n' +
      '\x1B[1;32m    131\x1B[0m         \x1B[38;5;124m"\x1B[39m\x1B[38;5;132;01m{!r}\x1B[39;00m\x1B[38;5;124m not found in the style library and input is not a \x1B[39m\x1B[38;5;124m"\x1B[39m\n' +
      '\x1B[1;32m    132\x1B[0m         \x1B[38;5;124m"\x1B[39m\x1B[38;5;124mvalid URL or path; see `style.available` for list of \x1B[39m\x1B[38;5;124m"\x1B[39m\n' +
      '\x1B[1;32m    133\x1B[0m         \x1B[38;5;124m"\x1B[39m\x1B[38;5;124mavailable styles\x1B[39m\x1B[38;5;124m"\x1B[39m\x1B[38;5;241m.\x1B[39mformat(style)) \x1B[38;5;28;01mfrom\x1B[39;00m \x1B[38;5;21;01merr\x1B[39;00m\n',
    "\x1B[0;31mOSError\x1B[0m: 'seaborn-v0_8' not found in the style library and input is not a valid URL or path; see `style.available` for list of available styles"
  ]
}
14:51:22.733 [info] Cell 6 completed in 0.153s (start: 1713379882579, end: 1713379882732)
14:51:37.479 [info] Handle Execution of Cells 6 for /opt/smart_farm_network_sim/smart_farm/analysis.ipynb
14:51:37.595 [info] Cell 6 completed in 0.101s (start: 1713379897494, end: 1713379897595)
14:52:02.583 [info] Handle Execution of Cells 6 for /opt/smart_farm_network_sim/smart_farm/analysis.ipynb
14:52:02.717 [info] Cell 6 completed in 0.116s (start: 1713379922601, end: 1713379922717)
14:52:40.326 [info] Handle Execution of Cells 6 for /opt/smart_farm_network_sim/smart_farm/analysis.ipynb
14:52:40.447 [info] Cell 6 completed in 0.112s (start: 1713379960335, end: 1713379960447)
14:52:44.047 [info] Handle Execution of Cells 6 for /opt/smart_farm_network_sim/smart_farm/analysis.ipynb
14:52:44.177 [info] Cell 6 completed in 0.107s (start: 1713379964070, end: 1713379964177)
14:52:47.399 [info] Handle Execution of Cells 6 for /opt/smart_farm_network_sim/smart_farm/analysis.ipynb
14:52:47.512 [info] Cell 6 completed in 0.099s (start: 1713379967412, end: 1713379967511)
14:52:55.410 [info] Handle Execution of Cells 6 for /opt/smart_farm_network_sim/smart_farm/analysis.ipynb
14:52:55.603 [info] Cell 6 completed in 0.179s (start: 1713379975424, end: 1713379975603)
14:52:57.946 [info] Handle Execution of Cells 6 for /opt/smart_farm_network_sim/smart_farm/analysis.ipynb
14:52:58.073 [info] Cell 6 completed in 0.105s (start: 1713379977967, end: 1713379978072)
14:53:50.097 [info] Execution of code ms-toolsai.jupyter-13 completed in 13ms
14:53:52.201 [info] Execution of code ms-toolsai.jupyter-14 completed in 13ms
14:53:52.750 [info] Execution of code ms-toolsai.jupyter-15 completed in 26ms
14:53:52.768 [info] Execution of code ms-toolsai.jupyter-16 completed in 10ms
14:53:53.285 [info] Execution of code ms-toolsai.jupyter-17 completed in 11ms
14:53:53.395 [info] Execution of code ms-toolsai.jupyter-18 completed in 11ms
14:53:53.461 [info] Execution of code ms-toolsai.jupyter-19 completed in 11ms
14:53:54.848 [info] Handle Execution of Cells 6 for /opt/smart_farm_network_sim/smart_farm/analysis.ipynb
14:53:55.337 [warn] Cell completed with errors [hd [Error]: 'top-left' is not a valid value for loc; supported values are 'best', 'upper right', 'upper left', 'lower left', 'lower right', 'right', 'center left', 'center right', 'lower center', 'upper center', 'center'
	at r.execute (~/.vscode/extensions/ms-toolsai.jupyter-2024.3.1-linux-x64/dist/extension.node.js:327:4943)] {
  ename: 'ValueError',
  evalue: "'top-left' is not a valid value for loc; supported values are 'best', 'upper right', 'upper left', 'lower left', 'lower right', 'right', 'center left', 'center right', 'lower center', 'upper center', 'center'",
  traceback: [
    '\x1B[0;31m---------------------------------------------------------------------------\x1B[0m',
    '\x1B[0;31mValueError\x1B[0m                                Traceback (most recent call last)',
    'Cell \x1B[0;32mIn[37], line 30\x1B[0m\n' +
      '\x1B[1;32m     28\x1B[0m ax\x1B[38;5;241m.\x1B[39mset_xticks(index)\n' +
      '\x1B[1;32m     29\x1B[0m ax\x1B[38;5;241m.\x1B[39mset_xticklabels(modules, rotation\x1B[38;5;241m=\x1B[39m\x1B[38;5;241m20\x1B[39m)  \x1B[38;5;66;03m# Rotate module names for better visibility\x1B[39;00m\n' +
      '\x1B[0;32m---> 30\x1B[0m \x1B[43max\x1B[49m\x1B[38;5;241;43m.\x1B[39;49m\x1B[43mlegend\x1B[49m\x1B[43m(\x1B[49m\x1B[43mloc\x1B[49m\x1B[38;5;241;43m=\x1B[39;49m\x1B[38;5;124;43m"\x1B[39;49m\x1B[38;5;124;43mtop-left\x1B[39;49m\x1B[38;5;124;43m"\x1B[39;49m\x1B[43m)\x1B[49m\n' +
      '\x1B[1;32m     32\x1B[0m \x1B[38;5;28mprint\x1B[39m(plt\x1B[38;5;241m.\x1B[39mstyle\x1B[38;5;241m.\x1B[39mavailable)\n' +
      "\x1B[1;32m     34\x1B[0m plt\x1B[38;5;241m.\x1B[39mstyle\x1B[38;5;241m.\x1B[39muse(\x1B[38;5;124m'\x1B[39m\x1B[38;5;124mseaborn-dark-palette\x1B[39m\x1B[38;5;124m'\x1B[39m)\n",
    'File \x1B[0;32m~/.local/lib/python3.8/site-packages/matplotlib/axes/_axes.py:305\x1B[0m, in \x1B[0;36mAxes.legend\x1B[0;34m(self, *args, **kwargs)\x1B[0m\n' +
      '\x1B[1;32m    303\x1B[0m \x1B[38;5;28;01mif\x1B[39;00m \x1B[38;5;28mlen\x1B[39m(extra_args):\n' +
      "\x1B[1;32m    304\x1B[0m     \x1B[38;5;28;01mraise\x1B[39;00m \x1B[38;5;167;01mTypeError\x1B[39;00m(\x1B[38;5;124m'\x1B[39m\x1B[38;5;124mlegend only accepts two non-keyword arguments\x1B[39m\x1B[38;5;124m'\x1B[39m)\n" +
      '\x1B[0;32m--> 305\x1B[0m \x1B[38;5;28mself\x1B[39m\x1B[38;5;241m.\x1B[39mlegend_ \x1B[38;5;241m=\x1B[39m \x1B[43mmlegend\x1B[49m\x1B[38;5;241;43m.\x1B[39;49m\x1B[43mLegend\x1B[49m\x1B[43m(\x1B[49m\x1B[38;5;28;43mself\x1B[39;49m\x1B[43m,\x1B[49m\x1B[43m \x1B[49m\x1B[43mhandles\x1B[49m\x1B[43m,\x1B[49m\x1B[43m \x1B[49m\x1B[43mlabels\x1B[49m\x1B[43m,\x1B[49m\x1B[43m \x1B[49m\x1B[38;5;241;43m*\x1B[39;49m\x1B[38;5;241;43m*\x1B[39;49m\x1B[43mkwargs\x1B[49m\x1B[43m)\x1B[49m\n' +
      '\x1B[1;32m    306\x1B[0m \x1B[38;5;28mself\x1B[39m\x1B[38;5;241m.\x1B[39mlegend_\x1B[38;5;241m.\x1B[39m_remove_method \x1B[38;5;241m=\x1B[39m \x1B[38;5;28mself\x1B[39m\x1B[38;5;241m.\x1B[39m_remove_legend\n' +
      '\x1B[1;32m    307\x1B[0m \x1B[38;5;28;01mreturn\x1B[39;00m \x1B[38;5;28mself\x1B[39m\x1B[38;5;241m.\x1B[39mlegend_\n',
    'File \x1B[0;32m~/.local/lib/python3.8/site-packages/matplotlib/legend.py:455\x1B[0m, in \x1B[0;36mLegend.__init__\x1B[0;34m(self, parent, handles, labels, loc, numpoints, markerscale, markerfirst, scatterpoints, scatteryoffsets, prop, fontsize, labelcolor, borderpad, labelspacing, handlelength, handleheight, handletextpad, borderaxespad, columnspacing, ncol, mode, fancybox, shadow, title, title_fontsize, framealpha, edgecolor, facecolor, bbox_to_anchor, bbox_transform, frameon, handler_map, title_fontproperties)\x1B[0m\n' +
      "\x1B[1;32m    453\x1B[0m         loc \x1B[38;5;241m=\x1B[39m \x1B[38;5;124m'\x1B[39m\x1B[38;5;124mupper right\x1B[39m\x1B[38;5;124m'\x1B[39m\n" +
      '\x1B[1;32m    454\x1B[0m \x1B[38;5;28;01mif\x1B[39;00m \x1B[38;5;28misinstance\x1B[39m(loc, \x1B[38;5;28mstr\x1B[39m):\n' +
      '\x1B[0;32m--> 455\x1B[0m     loc \x1B[38;5;241m=\x1B[39m \x1B[43m_api\x1B[49m\x1B[38;5;241;43m.\x1B[39;49m\x1B[43mcheck_getitem\x1B[49m\x1B[43m(\x1B[49m\x1B[38;5;28;43mself\x1B[39;49m\x1B[38;5;241;43m.\x1B[39;49m\x1B[43mcodes\x1B[49m\x1B[43m,\x1B[49m\x1B[43m \x1B[49m\x1B[43mloc\x1B[49m\x1B[38;5;241;43m=\x1B[39;49m\x1B[43mloc\x1B[49m\x1B[43m)\x1B[49m\n' +
      '\x1B[1;32m    456\x1B[0m \x1B[38;5;28;01mif\x1B[39;00m \x1B[38;5;129;01mnot\x1B[39;00m \x1B[38;5;28mself\x1B[39m\x1B[38;5;241m.\x1B[39misaxes \x1B[38;5;129;01mand\x1B[39;00m loc \x1B[38;5;241m==\x1B[39m \x1B[38;5;241m0\x1B[39m:\n' +
      '\x1B[1;32m    457\x1B[0m     \x1B[38;5;28;01mraise\x1B[39;00m \x1B[38;5;167;01mValueError\x1B[39;00m(\n' +
      `\x1B[1;32m    458\x1B[0m         \x1B[38;5;124m"\x1B[39m\x1B[38;5;124mAutomatic legend placement (loc=\x1B[39m\x1B[38;5;124m'\x1B[39m\x1B[38;5;124mbest\x1B[39m\x1B[38;5;124m'\x1B[39m\x1B[38;5;124m) not implemented for \x1B[39m\x1B[38;5;124m"\x1B[39m\n` +
      '\x1B[1;32m    459\x1B[0m         \x1B[38;5;124m"\x1B[39m\x1B[38;5;124mfigure legend\x1B[39m\x1B[38;5;124m"\x1B[39m)\n',
    'File \x1B[0;32m~/.local/lib/python3.8/site-packages/matplotlib/_api/__init__.py:188\x1B[0m, in \x1B[0;36mcheck_getitem\x1B[0;34m(_mapping, **kwargs)\x1B[0m\n' +
      '\x1B[1;32m    186\x1B[0m     \x1B[38;5;28;01mreturn\x1B[39;00m mapping[v]\n' +
      '\x1B[1;32m    187\x1B[0m \x1B[38;5;28;01mexcept\x1B[39;00m \x1B[38;5;167;01mKeyError\x1B[39;00m:\n' +
      '\x1B[0;32m--> 188\x1B[0m     \x1B[38;5;28;01mraise\x1B[39;00m \x1B[38;5;167;01mValueError\x1B[39;00m(\n' +
      '\x1B[1;32m    189\x1B[0m         \x1B[38;5;124m"\x1B[39m\x1B[38;5;132;01m{!r}\x1B[39;00m\x1B[38;5;124m is not a valid value for \x1B[39m\x1B[38;5;132;01m{}\x1B[39;00m\x1B[38;5;124m; supported values are \x1B[39m\x1B[38;5;132;01m{}\x1B[39;00m\x1B[38;5;124m"\x1B[39m\n' +
      "\x1B[1;32m    190\x1B[0m         \x1B[38;5;241m.\x1B[39mformat(v, k, \x1B[38;5;124m'\x1B[39m\x1B[38;5;124m, \x1B[39m\x1B[38;5;124m'\x1B[39m\x1B[38;5;241m.\x1B[39mjoin(\x1B[38;5;28mmap\x1B[39m(\x1B[38;5;28mrepr\x1B[39m, mapping)))) \x1B[38;5;28;01mfrom\x1B[39;00m \x1B[38;5;28;01mNone\x1B[39;00m\n",
    "\x1B[0;31mValueError\x1B[0m: 'top-left' is not a valid value for loc; supported values are 'best', 'upper right', 'upper left', 'lower left', 'lower right', 'right', 'center left', 'center right', 'lower center', 'upper center', 'center'"
  ]
}
14:53:55.337 [info] Cell 6 completed in 0.471s (start: 1713380034866, end: 1713380035337)
14:53:59.966 [info] Handle Execution of Cells 6 for /opt/smart_farm_network_sim/smart_farm/analysis.ipynb
14:54:00.140 [warn] Cell completed with errors [hd [Error]: 'upper-left' is not a valid value for loc; supported values are 'best', 'upper right', 'upper left', 'lower left', 'lower right', 'right', 'center left', 'center right', 'lower center', 'upper center', 'center'
	at r.execute (~/.vscode/extensions/ms-toolsai.jupyter-2024.3.1-linux-x64/dist/extension.node.js:327:4943)] {
  ename: 'ValueError',
  evalue: "'upper-left' is not a valid value for loc; supported values are 'best', 'upper right', 'upper left', 'lower left', 'lower right', 'right', 'center left', 'center right', 'lower center', 'upper center', 'center'",
  traceback: [
    '\x1B[0;31m---------------------------------------------------------------------------\x1B[0m',
    '\x1B[0;31mValueError\x1B[0m                                Traceback (most recent call last)',
    'Cell \x1B[0;32mIn[38], line 30\x1B[0m\n' +
      '\x1B[1;32m     28\x1B[0m ax\x1B[38;5;241m.\x1B[39mset_xticks(index)\n' +
      '\x1B[1;32m     29\x1B[0m ax\x1B[38;5;241m.\x1B[39mset_xticklabels(modules, rotation\x1B[38;5;241m=\x1B[39m\x1B[38;5;241m20\x1B[39m)  \x1B[38;5;66;03m# Rotate module names for better visibility\x1B[39;00m\n' +
      '\x1B[0;32m---> 30\x1B[0m \x1B[43max\x1B[49m\x1B[38;5;241;43m.\x1B[39;49m\x1B[43mlegend\x1B[49m\x1B[43m(\x1B[49m\x1B[43mloc\x1B[49m\x1B[38;5;241;43m=\x1B[39;49m\x1B[38;5;124;43m"\x1B[39;49m\x1B[38;5;124;43mupper-left\x1B[39;49m\x1B[38;5;124;43m"\x1B[39;49m\x1B[43m)\x1B[49m\n' +
      '\x1B[1;32m     32\x1B[0m \x1B[38;5;28mprint\x1B[39m(plt\x1B[38;5;241m.\x1B[39mstyle\x1B[38;5;241m.\x1B[39mavailable)\n' +
      "\x1B[1;32m     34\x1B[0m plt\x1B[38;5;241m.\x1B[39mstyle\x1B[38;5;241m.\x1B[39muse(\x1B[38;5;124m'\x1B[39m\x1B[38;5;124mseaborn-dark-palette\x1B[39m\x1B[38;5;124m'\x1B[39m)\n",
    'File \x1B[0;32m~/.local/lib/python3.8/site-packages/matplotlib/axes/_axes.py:305\x1B[0m, in \x1B[0;36mAxes.legend\x1B[0;34m(self, *args, **kwargs)\x1B[0m\n' +
      '\x1B[1;32m    303\x1B[0m \x1B[38;5;28;01mif\x1B[39;00m \x1B[38;5;28mlen\x1B[39m(extra_args):\n' +
      "\x1B[1;32m    304\x1B[0m     \x1B[38;5;28;01mraise\x1B[39;00m \x1B[38;5;167;01mTypeError\x1B[39;00m(\x1B[38;5;124m'\x1B[39m\x1B[38;5;124mlegend only accepts two non-keyword arguments\x1B[39m\x1B[38;5;124m'\x1B[39m)\n" +
      '\x1B[0;32m--> 305\x1B[0m \x1B[38;5;28mself\x1B[39m\x1B[38;5;241m.\x1B[39mlegend_ \x1B[38;5;241m=\x1B[39m \x1B[43mmlegend\x1B[49m\x1B[38;5;241;43m.\x1B[39;49m\x1B[43mLegend\x1B[49m\x1B[43m(\x1B[49m\x1B[38;5;28;43mself\x1B[39;49m\x1B[43m,\x1B[49m\x1B[43m \x1B[49m\x1B[43mhandles\x1B[49m\x1B[43m,\x1B[49m\x1B[43m \x1B[49m\x1B[43mlabels\x1B[49m\x1B[43m,\x1B[49m\x1B[43m \x1B[49m\x1B[38;5;241;43m*\x1B[39;49m\x1B[38;5;241;43m*\x1B[39;49m\x1B[43mkwargs\x1B[49m\x1B[43m)\x1B[49m\n' +
      '\x1B[1;32m    306\x1B[0m \x1B[38;5;28mself\x1B[39m\x1B[38;5;241m.\x1B[39mlegend_\x1B[38;5;241m.\x1B[39m_remove_method \x1B[38;5;241m=\x1B[39m \x1B[38;5;28mself\x1B[39m\x1B[38;5;241m.\x1B[39m_remove_legend\n' +
      '\x1B[1;32m    307\x1B[0m \x1B[38;5;28;01mreturn\x1B[39;00m \x1B[38;5;28mself\x1B[39m\x1B[38;5;241m.\x1B[39mlegend_\n',
    'File \x1B[0;32m~/.local/lib/python3.8/site-packages/matplotlib/legend.py:455\x1B[0m, in \x1B[0;36mLegend.__init__\x1B[0;34m(self, parent, handles, labels, loc, numpoints, markerscale, markerfirst, scatterpoints, scatteryoffsets, prop, fontsize, labelcolor, borderpad, labelspacing, handlelength, handleheight, handletextpad, borderaxespad, columnspacing, ncol, mode, fancybox, shadow, title, title_fontsize, framealpha, edgecolor, facecolor, bbox_to_anchor, bbox_transform, frameon, handler_map, title_fontproperties)\x1B[0m\n' +
      "\x1B[1;32m    453\x1B[0m         loc \x1B[38;5;241m=\x1B[39m \x1B[38;5;124m'\x1B[39m\x1B[38;5;124mupper right\x1B[39m\x1B[38;5;124m'\x1B[39m\n" +
      '\x1B[1;32m    454\x1B[0m \x1B[38;5;28;01mif\x1B[39;00m \x1B[38;5;28misinstance\x1B[39m(loc, \x1B[38;5;28mstr\x1B[39m):\n' +
      '\x1B[0;32m--> 455\x1B[0m     loc \x1B[38;5;241m=\x1B[39m \x1B[43m_api\x1B[49m\x1B[38;5;241;43m.\x1B[39;49m\x1B[43mcheck_getitem\x1B[49m\x1B[43m(\x1B[49m\x1B[38;5;28;43mself\x1B[39;49m\x1B[38;5;241;43m.\x1B[39;49m\x1B[43mcodes\x1B[49m\x1B[43m,\x1B[49m\x1B[43m \x1B[49m\x1B[43mloc\x1B[49m\x1B[38;5;241;43m=\x1B[39;49m\x1B[43mloc\x1B[49m\x1B[43m)\x1B[49m\n' +
      '\x1B[1;32m    456\x1B[0m \x1B[38;5;28;01mif\x1B[39;00m \x1B[38;5;129;01mnot\x1B[39;00m \x1B[38;5;28mself\x1B[39m\x1B[38;5;241m.\x1B[39misaxes \x1B[38;5;129;01mand\x1B[39;00m loc \x1B[38;5;241m==\x1B[39m \x1B[38;5;241m0\x1B[39m:\n' +
      '\x1B[1;32m    457\x1B[0m     \x1B[38;5;28;01mraise\x1B[39;00m \x1B[38;5;167;01mValueError\x1B[39;00m(\n' +
      `\x1B[1;32m    458\x1B[0m         \x1B[38;5;124m"\x1B[39m\x1B[38;5;124mAutomatic legend placement (loc=\x1B[39m\x1B[38;5;124m'\x1B[39m\x1B[38;5;124mbest\x1B[39m\x1B[38;5;124m'\x1B[39m\x1B[38;5;124m) not implemented for \x1B[39m\x1B[38;5;124m"\x1B[39m\n` +
      '\x1B[1;32m    459\x1B[0m         \x1B[38;5;124m"\x1B[39m\x1B[38;5;124mfigure legend\x1B[39m\x1B[38;5;124m"\x1B[39m)\n',
    'File \x1B[0;32m~/.local/lib/python3.8/site-packages/matplotlib/_api/__init__.py:188\x1B[0m, in \x1B[0;36mcheck_getitem\x1B[0;34m(_mapping, **kwargs)\x1B[0m\n' +
      '\x1B[1;32m    186\x1B[0m     \x1B[38;5;28;01mreturn\x1B[39;00m mapping[v]\n' +
      '\x1B[1;32m    187\x1B[0m \x1B[38;5;28;01mexcept\x1B[39;00m \x1B[38;5;167;01mKeyError\x1B[39;00m:\n' +
      '\x1B[0;32m--> 188\x1B[0m     \x1B[38;5;28;01mraise\x1B[39;00m \x1B[38;5;167;01mValueError\x1B[39;00m(\n' +
      '\x1B[1;32m    189\x1B[0m         \x1B[38;5;124m"\x1B[39m\x1B[38;5;132;01m{!r}\x1B[39;00m\x1B[38;5;124m is not a valid value for \x1B[39m\x1B[38;5;132;01m{}\x1B[39;00m\x1B[38;5;124m; supported values are \x1B[39m\x1B[38;5;132;01m{}\x1B[39;00m\x1B[38;5;124m"\x1B[39m\n' +
      "\x1B[1;32m    190\x1B[0m         \x1B[38;5;241m.\x1B[39mformat(v, k, \x1B[38;5;124m'\x1B[39m\x1B[38;5;124m, \x1B[39m\x1B[38;5;124m'\x1B[39m\x1B[38;5;241m.\x1B[39mjoin(\x1B[38;5;28mmap\x1B[39m(\x1B[38;5;28mrepr\x1B[39m, mapping)))) \x1B[38;5;28;01mfrom\x1B[39;00m \x1B[38;5;28;01mNone\x1B[39;00m\n",
    "\x1B[0;31mValueError\x1B[0m: 'upper-left' is not a valid value for loc; supported values are 'best', 'upper right', 'upper left', 'lower left', 'lower right', 'right', 'center left', 'center right', 'lower center', 'upper center', 'center'"
  ]
}
14:54:00.140 [info] Cell 6 completed in 0.16s (start: 1713380039979, end: 1713380040139)
14:54:03.725 [info] Handle Execution of Cells 6 for /opt/smart_farm_network_sim/smart_farm/analysis.ipynb
14:54:03.913 [warn] Cell completed with errors [hd [Error]: '' is not a valid value for loc; supported values are 'best', 'upper right', 'upper left', 'lower left', 'lower right', 'right', 'center left', 'center right', 'lower center', 'upper center', 'center'
	at r.execute (~/.vscode/extensions/ms-toolsai.jupyter-2024.3.1-linux-x64/dist/extension.node.js:327:4943)] {
  ename: 'ValueError',
  evalue: "'' is not a valid value for loc; supported values are 'best', 'upper right', 'upper left', 'lower left', 'lower right', 'right', 'center left', 'center right', 'lower center', 'upper center', 'center'",
  traceback: [
    '\x1B[0;31m---------------------------------------------------------------------------\x1B[0m',
    '\x1B[0;31mValueError\x1B[0m                                Traceback (most recent call last)',
    'Cell \x1B[0;32mIn[39], line 30\x1B[0m\n' +
      '\x1B[1;32m     28\x1B[0m ax\x1B[38;5;241m.\x1B[39mset_xticks(index)\n' +
      '\x1B[1;32m     29\x1B[0m ax\x1B[38;5;241m.\x1B[39mset_xticklabels(modules, rotation\x1B[38;5;241m=\x1B[39m\x1B[38;5;241m20\x1B[39m)  \x1B[38;5;66;03m# Rotate module names for better visibility\x1B[39;00m\n' +
      '\x1B[0;32m---> 30\x1B[0m \x1B[43max\x1B[49m\x1B[38;5;241;43m.\x1B[39;49m\x1B[43mlegend\x1B[49m\x1B[43m(\x1B[49m\x1B[43mloc\x1B[49m\x1B[38;5;241;43m=\x1B[39;49m\x1B[38;5;124;43m"\x1B[39;49m\x1B[38;5;124;43m"\x1B[39;49m\x1B[43m)\x1B[49m\n' +
      '\x1B[1;32m     32\x1B[0m \x1B[38;5;28mprint\x1B[39m(plt\x1B[38;5;241m.\x1B[39mstyle\x1B[38;5;241m.\x1B[39mavailable)\n' +
      "\x1B[1;32m     34\x1B[0m plt\x1B[38;5;241m.\x1B[39mstyle\x1B[38;5;241m.\x1B[39muse(\x1B[38;5;124m'\x1B[39m\x1B[38;5;124mseaborn-dark-palette\x1B[39m\x1B[38;5;124m'\x1B[39m)\n",
    'File \x1B[0;32m~/.local/lib/python3.8/site-packages/matplotlib/axes/_axes.py:305\x1B[0m, in \x1B[0;36mAxes.legend\x1B[0;34m(self, *args, **kwargs)\x1B[0m\n' +
      '\x1B[1;32m    303\x1B[0m \x1B[38;5;28;01mif\x1B[39;00m \x1B[38;5;28mlen\x1B[39m(extra_args):\n' +
      "\x1B[1;32m    304\x1B[0m     \x1B[38;5;28;01mraise\x1B[39;00m \x1B[38;5;167;01mTypeError\x1B[39;00m(\x1B[38;5;124m'\x1B[39m\x1B[38;5;124mlegend only accepts two non-keyword arguments\x1B[39m\x1B[38;5;124m'\x1B[39m)\n" +
      '\x1B[0;32m--> 305\x1B[0m \x1B[38;5;28mself\x1B[39m\x1B[38;5;241m.\x1B[39mlegend_ \x1B[38;5;241m=\x1B[39m \x1B[43mmlegend\x1B[49m\x1B[38;5;241;43m.\x1B[39;49m\x1B[43mLegend\x1B[49m\x1B[43m(\x1B[49m\x1B[38;5;28;43mself\x1B[39;49m\x1B[43m,\x1B[49m\x1B[43m \x1B[49m\x1B[43mhandles\x1B[49m\x1B[43m,\x1B[49m\x1B[43m \x1B[49m\x1B[43mlabels\x1B[49m\x1B[43m,\x1B[49m\x1B[43m \x1B[49m\x1B[38;5;241;43m*\x1B[39;49m\x1B[38;5;241;43m*\x1B[39;49m\x1B[43mkwargs\x1B[49m\x1B[43m)\x1B[49m\n' +
      '\x1B[1;32m    306\x1B[0m \x1B[38;5;28mself\x1B[39m\x1B[38;5;241m.\x1B[39mlegend_\x1B[38;5;241m.\x1B[39m_remove_method \x1B[38;5;241m=\x1B[39m \x1B[38;5;28mself\x1B[39m\x1B[38;5;241m.\x1B[39m_remove_legend\n' +
      '\x1B[1;32m    307\x1B[0m \x1B[38;5;28;01mreturn\x1B[39;00m \x1B[38;5;28mself\x1B[39m\x1B[38;5;241m.\x1B[39mlegend_\n',
    'File \x1B[0;32m~/.local/lib/python3.8/site-packages/matplotlib/legend.py:455\x1B[0m, in \x1B[0;36mLegend.__init__\x1B[0;34m(self, parent, handles, labels, loc, numpoints, markerscale, markerfirst, scatterpoints, scatteryoffsets, prop, fontsize, labelcolor, borderpad, labelspacing, handlelength, handleheight, handletextpad, borderaxespad, columnspacing, ncol, mode, fancybox, shadow, title, title_fontsize, framealpha, edgecolor, facecolor, bbox_to_anchor, bbox_transform, frameon, handler_map, title_fontproperties)\x1B[0m\n' +
      "\x1B[1;32m    453\x1B[0m         loc \x1B[38;5;241m=\x1B[39m \x1B[38;5;124m'\x1B[39m\x1B[38;5;124mupper right\x1B[39m\x1B[38;5;124m'\x1B[39m\n" +
      '\x1B[1;32m    454\x1B[0m \x1B[38;5;28;01mif\x1B[39;00m \x1B[38;5;28misinstance\x1B[39m(loc, \x1B[38;5;28mstr\x1B[39m):\n' +
      '\x1B[0;32m--> 455\x1B[0m     loc \x1B[38;5;241m=\x1B[39m \x1B[43m_api\x1B[49m\x1B[38;5;241;43m.\x1B[39;49m\x1B[43mcheck_getitem\x1B[49m\x1B[43m(\x1B[49m\x1B[38;5;28;43mself\x1B[39;49m\x1B[38;5;241;43m.\x1B[39;49m\x1B[43mcodes\x1B[49m\x1B[43m,\x1B[49m\x1B[43m \x1B[49m\x1B[43mloc\x1B[49m\x1B[38;5;241;43m=\x1B[39;49m\x1B[43mloc\x1B[49m\x1B[43m)\x1B[49m\n' +
      '\x1B[1;32m    456\x1B[0m \x1B[38;5;28;01mif\x1B[39;00m \x1B[38;5;129;01mnot\x1B[39;00m \x1B[38;5;28mself\x1B[39m\x1B[38;5;241m.\x1B[39misaxes \x1B[38;5;129;01mand\x1B[39;00m loc \x1B[38;5;241m==\x1B[39m \x1B[38;5;241m0\x1B[39m:\n' +
      '\x1B[1;32m    457\x1B[0m     \x1B[38;5;28;01mraise\x1B[39;00m \x1B[38;5;167;01mValueError\x1B[39;00m(\n' +
      `\x1B[1;32m    458\x1B[0m         \x1B[38;5;124m"\x1B[39m\x1B[38;5;124mAutomatic legend placement (loc=\x1B[39m\x1B[38;5;124m'\x1B[39m\x1B[38;5;124mbest\x1B[39m\x1B[38;5;124m'\x1B[39m\x1B[38;5;124m) not implemented for \x1B[39m\x1B[38;5;124m"\x1B[39m\n` +
      '\x1B[1;32m    459\x1B[0m         \x1B[38;5;124m"\x1B[39m\x1B[38;5;124mfigure legend\x1B[39m\x1B[38;5;124m"\x1B[39m)\n',
    'File \x1B[0;32m~/.local/lib/python3.8/site-packages/matplotlib/_api/__init__.py:188\x1B[0m, in \x1B[0;36mcheck_getitem\x1B[0;34m(_mapping, **kwargs)\x1B[0m\n' +
      '\x1B[1;32m    186\x1B[0m     \x1B[38;5;28;01mreturn\x1B[39;00m mapping[v]\n' +
      '\x1B[1;32m    187\x1B[0m \x1B[38;5;28;01mexcept\x1B[39;00m \x1B[38;5;167;01mKeyError\x1B[39;00m:\n' +
      '\x1B[0;32m--> 188\x1B[0m     \x1B[38;5;28;01mraise\x1B[39;00m \x1B[38;5;167;01mValueError\x1B[39;00m(\n' +
      '\x1B[1;32m    189\x1B[0m         \x1B[38;5;124m"\x1B[39m\x1B[38;5;132;01m{!r}\x1B[39;00m\x1B[38;5;124m is not a valid value for \x1B[39m\x1B[38;5;132;01m{}\x1B[39;00m\x1B[38;5;124m; supported values are \x1B[39m\x1B[38;5;132;01m{}\x1B[39;00m\x1B[38;5;124m"\x1B[39m\n' +
      "\x1B[1;32m    190\x1B[0m         \x1B[38;5;241m.\x1B[39mformat(v, k, \x1B[38;5;124m'\x1B[39m\x1B[38;5;124m, \x1B[39m\x1B[38;5;124m'\x1B[39m\x1B[38;5;241m.\x1B[39mjoin(\x1B[38;5;28mmap\x1B[39m(\x1B[38;5;28mrepr\x1B[39m, mapping)))) \x1B[38;5;28;01mfrom\x1B[39;00m \x1B[38;5;28;01mNone\x1B[39;00m\n",
    "\x1B[0;31mValueError\x1B[0m: '' is not a valid value for loc; supported values are 'best', 'upper right', 'upper left', 'lower left', 'lower right', 'right', 'center left', 'center right', 'lower center', 'upper center', 'center'"
  ]
}
14:54:03.914 [info] Cell 6 completed in 0.174s (start: 1713380043739, end: 1713380043913)
14:54:06.556 [info] Handle Execution of Cells 6 for /opt/smart_farm_network_sim/smart_farm/analysis.ipynb
14:54:06.569 [warn] Cell completed with errors [hd [Error]: invalid syntax (2971726908.py, line 30)
	at r.execute (~/.vscode/extensions/ms-toolsai.jupyter-2024.3.1-linux-x64/dist/extension.node.js:327:4943)] {
  ename: 'SyntaxError',
  evalue: 'invalid syntax (2971726908.py, line 30)',
  traceback: [
    '\x1B[0;36m  Cell \x1B[0;32mIn[40], line 30\x1B[0;36m\x1B[0m\n' +
      '\x1B[0;31m    ax.legend(loc=)\x1B[0m\n' +
      '\x1B[0m                  ^\x1B[0m\n' +
      '\x1B[0;31mSyntaxError\x1B[0m\x1B[0;31m:\x1B[0m invalid syntax\n'
  ]
}
14:54:06.569 [info] Cell 6 completed in 0.004s (start: 1713380046565, end: 1713380046569)
14:54:09.377 [info] Handle Execution of Cells 6 for /opt/smart_farm_network_sim/smart_farm/analysis.ipynb
14:54:09.518 [info] Cell 6 completed in 0.121s (start: 1713380049397, end: 1713380049518)
14:54:29.882 [info] Execution of code ms-toolsai.jupyter-20 completed in 12ms
14:54:30.419 [info] Execution of code ms-toolsai.jupyter-21 completed in 13ms
14:54:31.923 [info] Execution of code ms-toolsai.jupyter-22 completed in 24ms
14:54:31.935 [info] Execution of code ms-toolsai.jupyter-23 completed in 8ms
14:54:32.756 [info] Execution of code ms-toolsai.jupyter-24 completed in 10ms
14:54:34.056 [info] Handle Execution of Cells 6 for /opt/smart_farm_network_sim/smart_farm/analysis.ipynb
14:54:34.213 [info] Cell 6 completed in 0.149s (start: 1713380074064, end: 1713380074213)
14:55:12.264 [info] Handle Execution of Cells 6 for /opt/smart_farm_network_sim/smart_farm/analysis.ipynb
14:55:12.403 [info] Cell 6 completed in 0.124s (start: 1713380112279, end: 1713380112403)
14:56:43.925 [info] Handle Execution of Cells 2 for /opt/smart_farm_network_sim/smart_farm/analysis.ipynb
14:56:44.205 [info] Cell 2 completed in 0.273s (start: 1713380203932, end: 1713380204205)
14:56:54.569 [info] Handle Execution of Cells 4 for /opt/smart_farm_network_sim/smart_farm/analysis.ipynb
14:56:54.594 [info] Cell 4 completed in 0.017s (start: 1713380214577, end: 1713380214594)
14:56:56.576 [info] Handle Execution of Cells 6 for /opt/smart_farm_network_sim/smart_farm/analysis.ipynb
14:56:56.720 [info] Cell 6 completed in 0.128s (start: 1713380216591, end: 1713380216719)
14:57:45.185 [info] Handle Execution of Cells 2,4,6 for /opt/smart_farm_network_sim/smart_farm/analysis.ipynb
14:57:45.458 [info] Cell 2 completed in 0.266s (start: 1713380265192, end: 1713380265458)
14:57:45.480 [info] Cell 4 completed in 0.014s (start: 1713380265466, end: 1713380265480)
14:57:45.637 [info] Cell 6 completed in 0.134s (start: 1713380265503, end: 1713380265637)
14:57:53.793 [info] Handle Execution of Cells 2,4,6 for /opt/smart_farm_network_sim/smart_farm/analysis.ipynb
14:57:54.062 [info] Cell 2 completed in 0.262s (start: 1713380273800, end: 1713380274062)
14:57:54.088 [info] Cell 4 completed in 0.02s (start: 1713380274068, end: 1713380274088)
14:57:54.234 [info] Cell 6 completed in 0.124s (start: 1713380274109, end: 1713380274233)
14:58:47.883 [info] Handle Execution of Cells 2,4,6 for /opt/smart_farm_network_sim/smart_farm/analysis.ipynb
14:58:48.161 [info] Cell 2 completed in 0.27s (start: 1713380327891, end: 1713380328161)
14:58:48.186 [info] Cell 4 completed in 0.018s (start: 1713380328168, end: 1713380328186)
14:58:48.330 [info] Cell 6 completed in 0.134s (start: 1713380328195, end: 1713380328329)
15:00:03.013 [info] Disposing HostJupyterExecution
15:00:03.013 [info] Dispose Kernel '/opt/smart_farm_network_sim/smart_farm/analysis.ipynb' associated with '/opt/smart_farm_network_sim/smart_farm/analysis.ipynb'
15:00:03.018 [info] Disposing HostJupyterExecution
